This file contains any messages produced by compilers while
running configure, to aid debugging if configure makes a mistake.

It was created by pidgin-otr configure 4.0.0, which was
generated by GNU Autoconf 2.65.  Invocation command line was

  $ ./configure 

## --------- ##
## Platform. ##
## --------- ##

hostname = linux-9ead
uname -m = x86_64
uname -r = 3.11.10-7-desktop
uname -s = Linux
uname -v = #1 SMP PREEMPT Mon Feb 3 09:41:24 UTC 2014 (750023e)

/usr/bin/uname -p = x86_64
/bin/uname -X     = unknown

/bin/arch              = x86_64
/usr/bin/arch -k       = unknown
/usr/convex/getsysinfo = unknown
/usr/bin/hostinfo      = unknown
/bin/machine           = unknown
/usr/bin/oslevel       = unknown
/bin/universe          = unknown

PATH: /usr/lib64/mpi/gcc/openmpi/bin
PATH: /usr/local/bin
PATH: /usr/bin
PATH: /bin
PATH: /usr/bin/X11
PATH: /usr/X11R6/bin
PATH: /usr/games
PATH: /opt/kde3/bin
PATH: /usr/lib/mit/bin
PATH: /usr/lib/mit/sbin


## ----------- ##
## Core tests. ##
## ----------- ##

configure:2274: loading site script /usr/share/site/x86_64-unknown-linux-gnu
| #!/bin/sh
| # Site script for configure. It is resourced via $CONFIG_SITE environment varaible.
| 
| # If user did not specify libdir, guess the correct target:
| # Use lib64 for 64 bit bi-arch targets, keep the default for the rest.
| if test "$libdir" = '${exec_prefix}/lib' ; then
| 
| 	ac_config_site_64bit_host=NONE
| 
| 	case "$host" in
| 	"" )
| 		# User did not specify host target.
| 		# The native platform x86_64 is a bi-arch platform.
| 		# Try to detect cross-compilation to inferior architecture.
| 
| 		# We are trying to guess 32-bit target compilation. It's not as easy as
| 		# it sounds, as there is possible several intermediate combinations.
| 		ac_config_site_cross_to_32bit_host=NONE
| 
| 		# User defined -m32 in CFLAGS or CXXFLAGS:
| 		# (It's sufficient for 32-bit, but alone may cause mis-behavior of some checks.)
| 		case "$CFLAGS" in
| 		*-m32*)
| 			ac_config_site_cross_to_32bit_host=YES
| 			;;
| 		esac
| 		case "$CXXFLAGS" in
| 		*-m32*)
| 			ac_config_site_cross_to_32bit_host=YES
| 			;;
| 		esac
| 
| 		# Running with linux32:
| 		# (Changes detected platform, but not the toolchain target.)
| 		case "`/bin/uname -i`" in
| 		x86_64 | ppc64 | s390x )
| 			;;
| 		* )
| 			ac_config_site_cross_to_32bit_host=YES
| 			;;
| 		esac
| 
| 		if test "x$ac_config_site_cross_to_32bit_host" = xNONE; then
| 			ac_config_site_64bit_host=YES
| 		fi
| 
| 		;;
| 	*x86_64* | *ppc64* | *s390x* )
| 		ac_config_site_64bit_host=YES
| 		;;
| 	esac
| 
| 	if test "x$ac_config_site_64bit_host" = xYES; then
| 		libdir='${exec_prefix}/lib64'
| 	fi
| fi
| 
| # If user did not specify libexecdir, set the correct target:
| # Nor FHS nor openSUSE allow prefix/libexec. Let's default to prefix/lib.
| 
| if test "$libexecdir" = '${exec_prefix}/libexec' ; then
| 	libexecdir='${exec_prefix}/lib'
| fi
| 
| # Continue with the standard behavior of configure defined in AC_SITE_LOAD:
| if test "x$prefix" != xNONE; then
| 	ac_site_file1=$prefix/share/config.site
| 	ac_site_file2=$prefix/etc/config.site
| else
| 	ac_site_file1=$ac_default_prefix/share/config.site
| 	ac_site_file2=$ac_default_prefix/etc/config.site
| fi
| for ac_site_file in "$ac_site_file1" "$ac_site_file2"
| do
| 	test "x$ac_site_file" = xNONE && continue
| 	if test /dev/null != "$ac_site_file" && test -r "$ac_site_file"; then
| 		{ $as_echo "/usr/share/site/x86_64-unknown-linux-gnu:${as_lineno-$LINENO}: loading site script $ac_site_file" >&5
| $as_echo "/usr/share/site/x86_64-unknown-linux-gnu: loading site script $ac_site_file" >&6;}
| 		sed 's/^/| /' "$ac_site_file" >&5
| 		. "$ac_site_file" \
| 			|| { { $as_echo "/usr/share/site/x86_64-unknown-linux-gnu:${as_lineno-$LINENO}: error: in \`$ac_pwd':" >&5
| $as_echo "/usr/share/site/x86_64-unknown-linux-gnu: error: in \`$ac_pwd':" >&2;}
| as_fn_error $? "failed to load site script $ac_site_file
| See \`config.log' for more details" "$LINENO" 5; }
| 	fi
| done
configure:2409: checking for a BSD-compatible install
configure:2477: result: /usr/bin/install -c
configure:2488: checking whether build environment is sane
configure:2538: result: yes
configure:2679: checking for a thread-safe mkdir -p
configure:2718: result: /usr/bin/mkdir -p
configure:2731: checking for gawk
configure:2747: found /usr/bin/gawk
configure:2758: result: gawk
configure:2769: checking whether make sets $(MAKE)
configure:2791: result: yes
configure:2920: checking for gcc
configure:2936: found /usr/bin/gcc
configure:2947: result: gcc
configure:3176: checking for C compiler version
configure:3185: gcc --version >&5
gcc (SUSE Linux) 4.8.1 20130909 [gcc-4_8-branch revision 202388]
Copyright (C) 2013 Free Software Foundation, Inc.
This is free software; see the source for copying conditions.  There is NO
warranty; not even for MERCHANTABILITY or FITNESS FOR A PARTICULAR PURPOSE.

configure:3196: $? = 0
configure:3185: gcc -v >&5
Using built-in specs.
COLLECT_GCC=gcc
COLLECT_LTO_WRAPPER=/usr/lib64/gcc/x86_64-suse-linux/4.8/lto-wrapper
Target: x86_64-suse-linux
Configured with: ../configure --prefix=/usr --infodir=/usr/share/info --mandir=/usr/share/man --libdir=/usr/lib64 --libexecdir=/usr/lib64 --enable-languages=c,c++,objc,fortran,obj-c++,java,ada --enable-checking=release --with-gxx-include-dir=/usr/include/c++/4.8 --enable-ssp --disable-libssp --disable-plugin --with-bugurl=http://bugs.opensuse.org/ --with-pkgversion='SUSE Linux' --disable-libgcj --disable-libmudflap --with-slibdir=/lib64 --with-system-zlib --enable-__cxa_atexit --enable-libstdcxx-allocator=new --disable-libstdcxx-pch --enable-version-specific-runtime-libs --enable-linker-build-id --program-suffix=-4.8 --enable-linux-futex --without-system-libunwind --with-arch-32=i586 --with-tune=generic --build=x86_64-suse-linux
Thread model: posix
gcc version 4.8.1 20130909 [gcc-4_8-branch revision 202388] (SUSE Linux) 
configure:3196: $? = 0
configure:3185: gcc -V >&5
gcc: error: unrecognized command line option '-V'
gcc: fatal error: no input files
compilation terminated.
configure:3196: $? = 1
configure:3185: gcc -qversion >&5
gcc: error: unrecognized command line option '-qversion'
gcc: fatal error: no input files
compilation terminated.
configure:3196: $? = 1
configure:3216: checking whether the C compiler works
configure:3238: gcc    conftest.c  >&5
configure:3242: $? = 0
configure:3291: result: yes
configure:3294: checking for C compiler default output file name
configure:3296: result: a.out
configure:3302: checking for suffix of executables
configure:3309: gcc -o conftest    conftest.c  >&5
configure:3313: $? = 0
configure:3335: result: 
configure:3357: checking whether we are cross compiling
configure:3365: gcc -o conftest    conftest.c  >&5
configure:3369: $? = 0
configure:3376: ./conftest
configure:3380: $? = 0
configure:3395: result: no
configure:3400: checking for suffix of object files
configure:3422: gcc -c   conftest.c >&5
configure:3426: $? = 0
configure:3447: result: o
configure:3451: checking whether we are using the GNU C compiler
configure:3470: gcc -c   conftest.c >&5
configure:3470: $? = 0
configure:3479: result: yes
configure:3488: checking whether gcc accepts -g
configure:3508: gcc -c -g  conftest.c >&5
configure:3508: $? = 0
configure:3549: result: yes
configure:3566: checking for gcc option to accept ISO C89
configure:3630: gcc  -c -g -O2  conftest.c >&5
configure:3630: $? = 0
configure:3643: result: none needed
configure:3674: checking for style of include used by make
configure:3702: result: GNU
configure:3727: checking dependency style of gcc
configure:3837: result: gcc3
configure:3913: checking build system type
configure:3927: result: x86_64-unknown-linux-gnu
configure:3947: checking host system type
configure:3960: result: x86_64-unknown-linux-gnu
configure:3980: checking for a sed that does not truncate output
configure:4044: result: /usr/bin/sed
configure:4062: checking for grep that handles long lines and -e
configure:4120: result: /usr/bin/grep
configure:4125: checking for egrep
configure:4187: result: /usr/bin/grep -E
configure:4192: checking for fgrep
configure:4254: result: /usr/bin/grep -F
configure:4289: checking for ld used by gcc
configure:4356: result: /usr/x86_64-suse-linux/bin/ld
configure:4363: checking if the linker (/usr/x86_64-suse-linux/bin/ld) is GNU ld
configure:4378: result: yes
configure:4390: checking for BSD- or MS-compatible name lister (nm)
configure:4439: result: /usr/bin/nm -B
configure:4557: checking the name lister (/usr/bin/nm -B) interface
configure:4564: gcc -c -g -O2  conftest.c >&5
configure:4567: /usr/bin/nm -B "conftest.o"
configure:4570: output
0000000000000000 B some_variable
configure:4577: result: BSD nm
configure:4580: checking whether ln -s works
configure:4584: result: yes
configure:4592: checking the maximum length of command line arguments
configure:4712: result: 1572864
configure:4729: checking whether the shell understands some XSI constructs
configure:4739: result: yes
configure:4743: checking whether the shell understands "+="
configure:4749: result: yes
configure:4784: checking for /usr/x86_64-suse-linux/bin/ld option to reload object files
configure:4791: result: -r
configure:4860: checking for objdump
configure:4876: found /usr/bin/objdump
configure:4887: result: objdump
configure:4919: checking how to recognize dependent libraries
configure:5115: result: pass_all
configure:5175: checking for ar
configure:5191: found /usr/bin/ar
configure:5202: result: ar
configure:5280: checking for strip
configure:5296: found /usr/bin/strip
configure:5307: result: strip
configure:5379: checking for ranlib
configure:5395: found /usr/bin/ranlib
configure:5406: result: ranlib
configure:5496: checking command to parse /usr/bin/nm -B output from gcc object
configure:5614: gcc -c -g -O2  conftest.c >&5
configure:5617: $? = 0
configure:5621: /usr/bin/nm -B conftest.o \| sed -n -e 's/^.*[	 ]\([ABCDGIRSTW][ABCDGIRSTW]*\)[	 ][	 ]*\([_A-Za-z][_A-Za-z0-9]*\)$/\1 \2 \2/p' \> conftest.nm
configure:5624: $? = 0
configure:5678: gcc -o conftest -g -O2   conftest.c conftstm.o >&5
configure:5681: $? = 0
configure:5719: result: ok
configure:5815: gcc -c -g -O2  conftest.c >&5
configure:5818: $? = 0
configure:6528: checking how to run the C preprocessor
configure:6559: gcc -E  conftest.c
configure:6559: $? = 0
configure:6573: gcc -E  conftest.c
conftest.c:11:28: fatal error: ac_nonexistent.h: No such file or directory
 #include <ac_nonexistent.h>
                            ^
compilation terminated.
configure:6573: $? = 1
configure: failed program was:
| /* confdefs.h */
| #define PACKAGE_NAME "pidgin-otr"
| #define PACKAGE_TARNAME "pidgin-otr"
| #define PACKAGE_VERSION "4.0.0"
| #define PACKAGE_STRING "pidgin-otr 4.0.0"
| #define PACKAGE_BUGREPORT ""
| #define PACKAGE_URL ""
| #define PACKAGE "pidgin-otr"
| #define VERSION "4.0.0"
| /* end confdefs.h.  */
| #include <ac_nonexistent.h>
configure:6598: result: gcc -E
configure:6618: gcc -E  conftest.c
configure:6618: $? = 0
configure:6632: gcc -E  conftest.c
conftest.c:11:28: fatal error: ac_nonexistent.h: No such file or directory
 #include <ac_nonexistent.h>
                            ^
compilation terminated.
configure:6632: $? = 1
configure: failed program was:
| /* confdefs.h */
| #define PACKAGE_NAME "pidgin-otr"
| #define PACKAGE_TARNAME "pidgin-otr"
| #define PACKAGE_VERSION "4.0.0"
| #define PACKAGE_STRING "pidgin-otr 4.0.0"
| #define PACKAGE_BUGREPORT ""
| #define PACKAGE_URL ""
| #define PACKAGE "pidgin-otr"
| #define VERSION "4.0.0"
| /* end confdefs.h.  */
| #include <ac_nonexistent.h>
configure:6661: checking for ANSI C header files
configure:6681: gcc -c -g -O2  conftest.c >&5
configure:6681: $? = 0
configure:6754: gcc -o conftest -g -O2   conftest.c  >&5
configure:6754: $? = 0
configure:6754: ./conftest
configure:6754: $? = 0
configure:6765: result: yes
configure:6778: checking for sys/types.h
configure:6778: gcc -c -g -O2  conftest.c >&5
configure:6778: $? = 0
configure:6778: result: yes
configure:6778: checking for sys/stat.h
configure:6778: gcc -c -g -O2  conftest.c >&5
configure:6778: $? = 0
configure:6778: result: yes
configure:6778: checking for stdlib.h
configure:6778: gcc -c -g -O2  conftest.c >&5
configure:6778: $? = 0
configure:6778: result: yes
configure:6778: checking for string.h
configure:6778: gcc -c -g -O2  conftest.c >&5
configure:6778: $? = 0
configure:6778: result: yes
configure:6778: checking for memory.h
configure:6778: gcc -c -g -O2  conftest.c >&5
configure:6778: $? = 0
configure:6778: result: yes
configure:6778: checking for strings.h
configure:6778: gcc -c -g -O2  conftest.c >&5
configure:6778: $? = 0
configure:6778: result: yes
configure:6778: checking for inttypes.h
configure:6778: gcc -c -g -O2  conftest.c >&5
configure:6778: $? = 0
configure:6778: result: yes
configure:6778: checking for stdint.h
configure:6778: gcc -c -g -O2  conftest.c >&5
configure:6778: $? = 0
configure:6778: result: yes
configure:6778: checking for unistd.h
configure:6778: gcc -c -g -O2  conftest.c >&5
configure:6778: $? = 0
configure:6778: result: yes
configure:6793: checking for dlfcn.h
configure:6793: gcc -c -g -O2  conftest.c >&5
configure:6793: $? = 0
configure:6793: result: yes
configure:6947: checking for objdir
configure:6962: result: .libs
configure:7254: checking if gcc supports -fno-rtti -fno-exceptions
configure:7272: gcc -c -g -O2  -fno-rtti -fno-exceptions conftest.c >&5
cc1: warning: command line option '-fno-rtti' is valid for C++/ObjC++ but not for C [enabled by default]
configure:7276: $? = 0
configure:7289: result: no
configure:7309: checking for gcc option to produce PIC
configure:7581: result: -fPIC -DPIC
configure:7593: checking if gcc PIC flag -fPIC -DPIC works
configure:7611: gcc -c -g -O2  -fPIC -DPIC -DPIC conftest.c >&5
configure:7615: $? = 0
configure:7628: result: yes
configure:7652: checking if gcc static flag -static works
configure:7680: result: yes
configure:7695: checking if gcc supports -c -o file.o
configure:7716: gcc -c -g -O2  -o out/conftest2.o conftest.c >&5
configure:7720: $? = 0
configure:7742: result: yes
configure:7750: checking if gcc supports -c -o file.o
configure:7797: result: yes
configure:7830: checking whether the gcc linker (/usr/x86_64-suse-linux/bin/ld -m elf_x86_64) supports shared libraries
configure:8821: result: yes
configure:8858: checking whether -lc should be explicitly linked in
configure:8863: gcc -c -g -O2  conftest.c >&5
configure:8866: $? = 0
configure:8881: gcc -shared conftest.o  -v -Wl,-soname -Wl,conftest -o conftest 2\>\&1 \| /usr/bin/grep  -lc  \>/dev/null 2\>\&1
configure:8884: $? = 0
configure:8896: result: no
configure:9060: checking dynamic linker characteristics
configure:9493: gcc -o conftest -g -O2   -Wl,-rpath -Wl,/foo conftest.c  >&5
configure:9493: $? = 0
configure:9723: result: GNU/Linux ld.so
configure:9825: checking how to hardcode library paths into programs
configure:9850: result: immediate
configure:10370: checking whether stripping libraries is possible
configure:10375: result: yes
configure:10410: checking if libtool supports shared libraries
configure:10412: result: yes
configure:10415: checking whether to build shared libraries
configure:10436: result: yes
configure:10439: checking whether to build static libraries
configure:10443: result: no
configure:10495: checking for libgcrypt-config
configure:10513: found /usr/bin/libgcrypt-config
configure:10526: result: /usr/bin/libgcrypt-config
configure:10543: checking for LIBGCRYPT - version >= 1.2.0
configure:10577: result: yes (1.5.3)
configure:10589: checking LIBGCRYPT API version
configure:10592: result: okay
configure:10638: checking for libotr CFLAGS
configure:10644: result: 
configure:10647: checking for libotr LIBS
configure:10656: result:  -lotr
configure:10667: checking for libotr headers version 4.x >= 4.0.0
configure:10709: gcc -c -g -O2  conftest.c >&5
configure:10709: $? = 0
configure:10710: result: found.
configure:10727: checking for otrl_message_receiving in -lotr
configure:10753: gcc -o conftest -g -O2   conftest.c -lotr -L/usr/lib64 -lgcrypt -ldl -lgpg-error
  -lotr  >&5
configure:10753: $? = 0
configure:10762: result: yes
configure:10841: checking for pkg-config
configure:10859: found /usr/bin/pkg-config
configure:10871: result: /usr/bin/pkg-config
configure:10896: checking pkg-config is at least version 0.9.0
configure:10899: result: yes
configure:10910: checking for EXTRA
configure:10918: $PKG_CONFIG --exists --print-errors "glib-2.0 >= 2.6 gtk+-2.0 >= 2.6 pidgin >= 2.0 purple >= 2.0"
configure:10921: $? = 0
configure:10936: $PKG_CONFIG --exists --print-errors "glib-2.0 >= 2.6 gtk+-2.0 >= 2.6 pidgin >= 2.0 purple >= 2.0"
configure:10939: $? = 0
configure:10994: result: yes
configure:11000: checking whether NLS is requested
configure:11009: result: yes
configure:11039: checking for intltool-update
configure:11057: found /usr/bin/intltool-update
configure:11069: result: /usr/bin/intltool-update
configure:11079: checking for intltool-merge
configure:11097: found /usr/bin/intltool-merge
configure:11109: result: /usr/bin/intltool-merge
configure:11119: checking for intltool-extract
configure:11137: found /usr/bin/intltool-extract
configure:11149: result: /usr/bin/intltool-extract
configure:11280: checking for xgettext
configure:11298: found /usr/bin/xgettext
configure:11310: result: /usr/bin/xgettext
configure:11320: checking for msgmerge
configure:11338: found /usr/bin/msgmerge
configure:11350: result: /usr/bin/msgmerge
configure:11360: checking for msgfmt
configure:11378: found /usr/bin/msgfmt
configure:11390: result: /usr/bin/msgfmt
configure:11400: checking for gmsgfmt
configure:11431: result: /usr/bin/msgfmt
configure:11451: checking for perl
configure:11469: found /usr/bin/perl
configure:11481: result: /usr/bin/perl
configure:11492: checking for perl >= 5.8.1
configure:11499: result: 5.18.1
configure:11503: checking for XML::Parser
configure:11506: result: ok
configure:11531: gcc -o conftest -g -O2   conftest.c  >&5
configure:11531: $? = 0
configure:11570: checking locale.h usability
configure:11570: gcc -c -g -O2  conftest.c >&5
configure:11570: $? = 0
configure:11570: result: yes
configure:11570: checking locale.h presence
configure:11570: gcc -E  conftest.c
configure:11570: $? = 0
configure:11570: result: yes
configure:11570: checking for locale.h
configure:11570: result: yes
configure:11581: checking for LC_MESSAGES
configure:11597: gcc -o conftest -g -O2   conftest.c  >&5
configure:11597: $? = 0
configure:11605: result: yes
configure:11622: checking libintl.h usability
configure:11622: gcc -c -g -O2  conftest.c >&5
configure:11622: $? = 0
configure:11622: result: yes
configure:11622: checking libintl.h presence
configure:11622: gcc -E  conftest.c
configure:11622: $? = 0
configure:11622: result: yes
configure:11622: checking for libintl.h
configure:11622: result: yes
configure:11630: checking for ngettext in libc
configure:11648: gcc -o conftest -g -O2   conftest.c  >&5
configure:11648: $? = 0
configure:11657: result: yes
configure:11661: checking for dgettext in libc
configure:11679: gcc -o conftest -g -O2   conftest.c  >&5
configure:11679: $? = 0
configure:11688: result: yes
configure:11695: checking for bind_textdomain_codeset
configure:11695: gcc -o conftest -g -O2   conftest.c  >&5
configure:11695: $? = 0
configure:11695: result: yes
configure:11971: checking for msgfmt
configure:11998: result: /usr/bin/msgfmt
configure:12009: checking for dcgettext
configure:12009: gcc -o conftest -g -O2   conftest.c   >&5
conftest.c:52:6: warning: conflicting types for built-in function 'dcgettext' [enabled by default]
 char dcgettext ();
      ^
configure:12009: $? = 0
configure:12009: result: yes
configure:12019: checking if msgfmt accepts -c
configure:12034: $MSGFMT -c -o /dev/null conftest.foo
conftest.foo:3: warning: header field 'Language' missing in header
configure:12037: $? = 0
configure:12039: result: yes
configure:12049: checking for gmsgfmt
configure:12080: result: /usr/bin/msgfmt
configure:12090: checking for xgettext
configure:12117: result: /usr/bin/xgettext
configure:12136: gcc -o conftest -g -O2   conftest.c   >&5
configure:12136: $? = 0
configure:12214: checking for catalogs to be installed
configure:12239: result:  ar de el es fa fr hu it my_MM nl nn pl ru sk sv vi zh_CN
configure:12277: checking for win32
configure:12299: gcc -o conftest -g -O2   conftest.c  >&5
configure:12299: $? = 0
configure:12299: ./conftest
configure:12299: $? = 2
configure: program exited with status 2
configure: failed program was:
| /* confdefs.h */
| #define PACKAGE_NAME "pidgin-otr"
| #define PACKAGE_TARNAME "pidgin-otr"
| #define PACKAGE_VERSION "4.0.0"
| #define PACKAGE_STRING "pidgin-otr 4.0.0"
| #define PACKAGE_BUGREPORT ""
| #define PACKAGE_URL ""
| #define PACKAGE "pidgin-otr"
| #define VERSION "4.0.0"
| #define STDC_HEADERS 1
| #define HAVE_SYS_TYPES_H 1
| #define HAVE_SYS_STAT_H 1
| #define HAVE_STDLIB_H 1
| #define HAVE_STRING_H 1
| #define HAVE_MEMORY_H 1
| #define HAVE_STRINGS_H 1
| #define HAVE_INTTYPES_H 1
| #define HAVE_STDINT_H 1
| #define HAVE_UNISTD_H 1
| #define HAVE_DLFCN_H 1
| #define LT_OBJDIR ".libs/"
| #define HAVE_LIBOTR 1
| #define GETTEXT_PACKAGE "pidgin-otr"
| #define HAVE_LOCALE_H 1
| #define HAVE_LC_MESSAGES 1
| #define HAVE_BIND_TEXTDOMAIN_CODESET 1
| #define HAVE_GETTEXT 1
| #define HAVE_DCGETTEXT 1
| #define ENABLE_NLS 1
| /* end confdefs.h.  */
| 
| int main(int c, char **v) {
| #ifdef _WIN32
| #if _WIN32
|   return 0;
| #else
|   return 1;
| #endif
| #else
|   return 2;
| #endif
| }
configure:12303: result: no
configure:12375: gcc -c -g -O2  conftest.c >&5
conftest.c: In function 'main':
conftest.c:37:2: error: #error 
 #error
  ^
configure:12375: $? = 1
configure: failed program was:
| /* confdefs.h */
| #define PACKAGE_NAME "pidgin-otr"
| #define PACKAGE_TARNAME "pidgin-otr"
| #define PACKAGE_VERSION "4.0.0"
| #define PACKAGE_STRING "pidgin-otr 4.0.0"
| #define PACKAGE_BUGREPORT ""
| #define PACKAGE_URL ""
| #define PACKAGE "pidgin-otr"
| #define VERSION "4.0.0"
| #define STDC_HEADERS 1
| #define HAVE_SYS_TYPES_H 1
| #define HAVE_SYS_STAT_H 1
| #define HAVE_STDLIB_H 1
| #define HAVE_STRING_H 1
| #define HAVE_MEMORY_H 1
| #define HAVE_STRINGS_H 1
| #define HAVE_INTTYPES_H 1
| #define HAVE_STDINT_H 1
| #define HAVE_UNISTD_H 1
| #define HAVE_DLFCN_H 1
| #define LT_OBJDIR ".libs/"
| #define HAVE_LIBOTR 1
| #define GETTEXT_PACKAGE "pidgin-otr"
| #define HAVE_LOCALE_H 1
| #define HAVE_LC_MESSAGES 1
| #define HAVE_BIND_TEXTDOMAIN_CODESET 1
| #define HAVE_GETTEXT 1
| #define HAVE_DCGETTEXT 1
| #define ENABLE_NLS 1
| /* end confdefs.h.  */
| 
| int
| main ()
| {
| 
| #if !defined(__clang__)
| #error
| #endif
| 
|   ;
|   return 0;
| }
configure:12425: checking whether the compiler accepts -fstack-protector-all
configure:12444: gcc -c -g -O2 -D_FORTIFY_SOURCE=2 -pedantic -Werror -fstack-protector-all  conftest.c >&5
configure:12444: $? = 0
configure:12453: result: yes
configure:12462: checking whether the compiler accepts -Wstack-protector
configure:12481: gcc -c -g -O2 -D_FORTIFY_SOURCE=2 -fstack-protector-all -pedantic -Werror -Wstack-protector  conftest.c >&5
configure:12481: $? = 0
configure:12490: result: yes
configure:12499: checking whether the compiler accepts -fwrapv
configure:12518: gcc -c -g -O2 -D_FORTIFY_SOURCE=2 -fstack-protector-all -Wstack-protector -pedantic -Werror -fwrapv  conftest.c >&5
configure:12518: $? = 0
configure:12527: result: yes
configure:12536: checking whether the compiler accepts --param ssp-buffer-size=1
configure:12555: gcc -c -g -O2 -D_FORTIFY_SOURCE=2 -fstack-protector-all -Wstack-protector -fwrapv -pedantic -Werror --param ssp-buffer-size=1  conftest.c >&5
configure:12555: $? = 0
configure:12564: result: yes
configure:12574: checking whether the compiler accepts -fno-strict-overflow
configure:12593: gcc -c -g -O2 -D_FORTIFY_SOURCE=2 -fstack-protector-all -Wstack-protector -fwrapv --param ssp-buffer-size=1 -pedantic -Werror -fno-strict-overflow  conftest.c >&5
configure:12593: $? = 0
configure:12602: result: yes
configure:12611: checking whether the compiler accepts -Wall
configure:12630: gcc -c -g -O2 -D_FORTIFY_SOURCE=2 -fstack-protector-all -Wstack-protector -fwrapv --param ssp-buffer-size=1 -fno-strict-overflow -pedantic -Werror -Wall  conftest.c >&5
configure:12630: $? = 0
configure:12639: result: yes
configure:12648: checking whether the compiler accepts -Wextra -Wno-unused-parameter -Wno-missing-field-initializers
configure:12667: gcc -c -g -O2 -D_FORTIFY_SOURCE=2 -fstack-protector-all -Wstack-protector -fwrapv --param ssp-buffer-size=1 -fno-strict-overflow -Wall -pedantic -Werror -Wextra -Wno-unused-parameter -Wno-missing-field-initializers  conftest.c >&5
configure:12667: $? = 0
configure:12676: result: yes
configure:12685: checking whether the compiler accepts -Wformat-security
configure:12704: gcc -c -g -O2 -D_FORTIFY_SOURCE=2 -fstack-protector-all -Wstack-protector -fwrapv --param ssp-buffer-size=1 -fno-strict-overflow -Wall -Wextra -Wno-unused-parameter -Wno-missing-field-initializers -pedantic -Werror -Wformat-security  conftest.c >&5
configure:12704: $? = 0
configure:12713: result: yes
configure:12724: checking whether the compiler accepts -fPIE
configure:12743: gcc -c -g -O2 -D_FORTIFY_SOURCE=2 -fstack-protector-all -Wstack-protector -fwrapv --param ssp-buffer-size=1 -fno-strict-overflow -Wall -Wextra -Wno-unused-parameter -Wno-missing-field-initializers -Wformat-security -pedantic -Werror -fPIE  conftest.c >&5
configure:12743: $? = 0
configure:12752: result: yes
configure:12761: checking whether the linker accepts -pie
configure:12804: gcc -o conftest -g -O2 -D_FORTIFY_SOURCE=2 -fstack-protector-all -Wstack-protector -fwrapv --param ssp-buffer-size=1 -fno-strict-overflow -Wall -Wextra -Wno-unused-parameter -Wno-missing-field-initializers -Wformat-security -fPIE -pedantic -Werror    -pie conftest.c  -L/usr/lib64 -lgcrypt -ldl -lgpg-error >&5
configure:12804: $? = 0
configure:12804: ./conftest
configure:12804: $? = 0
configure:12818: result: yes
configure:12831: checking whether the linker accepts -z relro -z now
configure:12874: gcc -o conftest -g -O2 -D_FORTIFY_SOURCE=2 -fstack-protector-all -Wstack-protector -fwrapv --param ssp-buffer-size=1 -fno-strict-overflow -Wall -Wextra -Wno-unused-parameter -Wno-missing-field-initializers -Wformat-security -fPIE -pedantic -Werror   -pie  -z relro -z now conftest.c  -L/usr/lib64 -lgcrypt -ldl -lgpg-error >&5
configure:12874: $? = 0
configure:12874: ./conftest
configure:12874: $? = 0
configure:12888: result: yes
configure:13025: creating ./config.status

## ---------------------- ##
## Running config.status. ##
## ---------------------- ##

This file was extended by pidgin-otr config.status 4.0.0, which was
generated by GNU Autoconf 2.65.  Invocation command line was

  CONFIG_FILES    = 
  CONFIG_HEADERS  = 
  CONFIG_LINKS    = 
  CONFIG_COMMANDS = 
  $ ./config.status 

on linux-9ead

config.status:1148: creating Makefile
config.status:1148: creating po/Makefile.in
config.status:1148: creating config.h
config.status:1368: executing depfiles commands
config.status:1368: executing libtool commands
config.status:1368: executing default-1 commands
config.status:1368: executing po/stamp-it commands

## ---------------- ##
## Cache variables. ##
## ---------------- ##

ac_cv_build=x86_64-unknown-linux-gnu
ac_cv_c_compiler_gnu=yes
ac_cv_env_CC_set=
ac_cv_env_CC_value=
ac_cv_env_CFLAGS_set=
ac_cv_env_CFLAGS_value=
ac_cv_env_CPPFLAGS_set=
ac_cv_env_CPPFLAGS_value=
ac_cv_env_CPP_set=
ac_cv_env_CPP_value=
ac_cv_env_EXTRA_CFLAGS_set=
ac_cv_env_EXTRA_CFLAGS_value=
ac_cv_env_EXTRA_LIBS_set=
ac_cv_env_EXTRA_LIBS_value=
ac_cv_env_LDFLAGS_set=
ac_cv_env_LDFLAGS_value=
ac_cv_env_LIBS_set=
ac_cv_env_LIBS_value=
ac_cv_env_PKG_CONFIG_set=
ac_cv_env_PKG_CONFIG_value=
ac_cv_env_build_alias_set=
ac_cv_env_build_alias_value=
ac_cv_env_host_alias_set=
ac_cv_env_host_alias_value=
ac_cv_env_target_alias_set=
ac_cv_env_target_alias_value=
ac_cv_func_bind_textdomain_codeset=yes
ac_cv_func_dcgettext=yes
ac_cv_header_dlfcn_h=yes
ac_cv_header_inttypes_h=yes
ac_cv_header_libintl_h=yes
ac_cv_header_locale_h=yes
ac_cv_header_memory_h=yes
ac_cv_header_stdc=yes
ac_cv_header_stdint_h=yes
ac_cv_header_stdlib_h=yes
ac_cv_header_string_h=yes
ac_cv_header_strings_h=yes
ac_cv_header_sys_stat_h=yes
ac_cv_header_sys_types_h=yes
ac_cv_header_unistd_h=yes
ac_cv_host=x86_64-unknown-linux-gnu
ac_cv_lib_otr_otrl_message_receiving=yes
ac_cv_objext=o
ac_cv_path_EGREP='/usr/bin/grep -E'
ac_cv_path_FGREP='/usr/bin/grep -F'
ac_cv_path_GMSGFMT=/usr/bin/msgfmt
ac_cv_path_GREP=/usr/bin/grep
ac_cv_path_INTLTOOL_EXTRACT=/usr/bin/intltool-extract
ac_cv_path_INTLTOOL_MERGE=/usr/bin/intltool-merge
ac_cv_path_INTLTOOL_PERL=/usr/bin/perl
ac_cv_path_INTLTOOL_UPDATE=/usr/bin/intltool-update
ac_cv_path_LIBGCRYPT_CONFIG=/usr/bin/libgcrypt-config
ac_cv_path_MSGFMT=/usr/bin/msgfmt
ac_cv_path_MSGMERGE=/usr/bin/msgmerge
ac_cv_path_SED=/usr/bin/sed
ac_cv_path_XGETTEXT=/usr/bin/xgettext
ac_cv_path_ac_pt_PKG_CONFIG=/usr/bin/pkg-config
ac_cv_path_install='/usr/bin/install -c'
ac_cv_path_mkdir=/usr/bin/mkdir
ac_cv_prog_AWK=gawk
ac_cv_prog_CPP='gcc -E'
ac_cv_prog_ac_ct_AR=ar
ac_cv_prog_ac_ct_CC=gcc
ac_cv_prog_ac_ct_OBJDUMP=objdump
ac_cv_prog_ac_ct_RANLIB=ranlib
ac_cv_prog_ac_ct_STRIP=strip
ac_cv_prog_cc_c89=
ac_cv_prog_cc_g=yes
ac_cv_prog_make_make_set=yes
am_cv_CC_dependencies_compiler_type=gcc3
am_cv_val_LC_MESSAGES=yes
gt_cv_func_dgettext_libc=yes
gt_cv_func_dgettext_libintl=no
gt_cv_func_ngettext_libc=yes
gt_cv_have_gettext=yes
lt_cv_deplibs_check_method=pass_all
lt_cv_file_magic_cmd='$MAGIC_CMD'
lt_cv_file_magic_test_file=
lt_cv_ld_reload_flag=-r
lt_cv_nm_interface='BSD nm'
lt_cv_objdir=.libs
lt_cv_path_LD=/usr/x86_64-suse-linux/bin/ld
lt_cv_path_NM='/usr/bin/nm -B'
lt_cv_prog_compiler_c_o=yes
lt_cv_prog_compiler_pic_works=yes
lt_cv_prog_compiler_rtti_exceptions=no
lt_cv_prog_compiler_static_works=yes
lt_cv_prog_gnu_ld=yes
lt_cv_sys_global_symbol_pipe='sed -n -e '\''s/^.*[	 ]\([ABCDGIRSTW][ABCDGIRSTW]*\)[	 ][	 ]*\([_A-Za-z][_A-Za-z0-9]*\)$/\1 \2 \2/p'\'''
lt_cv_sys_global_symbol_to_c_name_address='sed -n -e '\''s/^: \([^ ]*\) $/  {\"\1\", (void *) 0},/p'\'' -e '\''s/^[ABCDGIRSTW]* \([^ ]*\) \([^ ]*\)$/  {"\2", (void *) \&\2},/p'\'''
lt_cv_sys_global_symbol_to_c_name_address_lib_prefix='sed -n -e '\''s/^: \([^ ]*\) $/  {\"\1\", (void *) 0},/p'\'' -e '\''s/^[ABCDGIRSTW]* \([^ ]*\) \(lib[^ ]*\)$/  {"\2", (void *) \&\2},/p'\'' -e '\''s/^[ABCDGIRSTW]* \([^ ]*\) \([^ ]*\)$/  {"lib\2", (void *) \&\2},/p'\'''
lt_cv_sys_global_symbol_to_cdecl='sed -n -e '\''s/^T .* \(.*\)$/extern int \1();/p'\'' -e '\''s/^[ABCDGIRSTW]* .* \(.*\)$/extern char \1;/p'\'''
lt_cv_sys_max_cmd_len=1572864
otr_cv_cflags__Wall=yes
otr_cv_cflags__Wextra__Wno_unused_parameter__Wno_missing_field_initializers=yes
otr_cv_cflags__Wformat_security=yes
otr_cv_cflags__Wstack_protector=yes
otr_cv_cflags___param_ssp_buffer_size_1=yes
otr_cv_cflags__fPIE=yes
otr_cv_cflags__fno_strict_overflow=yes
otr_cv_cflags__fstack_protector_all=yes
otr_cv_cflags__fwrapv=yes
otr_cv_ldflags__pie=yes
otr_cv_ldflags__z_relro__z_now=yes
pkg_cv_EXTRA_CFLAGS='-pthread -I/usr/local/include/pidgin -I/usr/local/include/libpurple -I/usr/include/gtk-2.0 -I/usr/lib64/gtk-2.0/include -I/usr/include/pango-1.0 -I/usr/include/atk-1.0 -I/usr/include/cairo -I/usr/include/pixman-1 -I/usr/include/libdrm -I/usr/include/libpng12 -I/usr/include/gdk-pixbuf-2.0 -I/usr/include/libpng16 -I/usr/include/pango-1.0 -I/usr/include/harfbuzz -I/usr/include/pango-1.0 -I/usr/include/freetype2 -I/usr/include/glib-2.0 -I/usr/lib64/glib-2.0/include '
pkg_cv_EXTRA_LIBS='-L/usr/local/lib64 -lgtk-x11-2.0 -lgdk-x11-2.0 -lpangocairo-1.0 -latk-1.0 -lcairo -lgdk_pixbuf-2.0 -lgio-2.0 -lpangoft2-1.0 -lpango-1.0 -lgobject-2.0 -lfontconfig -lfreetype -lpurple -lglib-2.0 '

## ----------------- ##
## Output variables. ##
## ----------------- ##

ACLOCAL='${SHELL} /home/clayton/Desktop/pidgin-otr-4.0.0/missing --run aclocal-1.11'
ALL_LINGUAS='ar de el es fa fr hu it my_MM nl nn pl ru sk sv vi zh_CN'
AMDEPBACKSLASH='\'
AMDEP_FALSE='#'
AMDEP_TRUE=''
AMTAR='${SHELL} /home/clayton/Desktop/pidgin-otr-4.0.0/missing --run tar'
AR='ar'
AUTOCONF='${SHELL} /home/clayton/Desktop/pidgin-otr-4.0.0/missing --run autoconf'
AUTOHEADER='${SHELL} /home/clayton/Desktop/pidgin-otr-4.0.0/missing --run autoheader'
AUTOMAKE='${SHELL} /home/clayton/Desktop/pidgin-otr-4.0.0/missing --run automake-1.11'
AWK='gawk'
BUILD_NT_SERVICES_FALSE=''
BUILD_NT_SERVICES_TRUE='#'
CATALOGS=' ar.gmo de.gmo el.gmo es.gmo fa.gmo fr.gmo hu.gmo it.gmo my_MM.gmo nl.gmo nn.gmo pl.gmo ru.gmo sk.gmo sv.gmo vi.gmo zh_CN.gmo'
CATOBJEXT='.gmo'
CC='gcc'
CCDEPMODE='depmode=gcc3'
CFLAGS='-g -O2 -D_FORTIFY_SOURCE=2 -fstack-protector-all -Wstack-protector -fwrapv --param ssp-buffer-size=1 -fno-strict-overflow -Wall -Wextra -Wno-unused-parameter -Wno-missing-field-initializers -Wformat-security -fPIE'
CPP='gcc -E'
CPPFLAGS=''
CYGPATH_W='echo'
DATADIRNAME='share'
DEFS='-DHAVE_CONFIG_H'
DEPDIR='.deps'
DSYMUTIL=''
DUMPBIN=''
ECHO_C=''
ECHO_N='-n'
ECHO_T=''
EGREP='/usr/bin/grep -E'
EXEEXT=''
EXTRA_CFLAGS='-pthread -I/usr/local/include/pidgin -I/usr/local/include/libpurple -I/usr/include/gtk-2.0 -I/usr/lib64/gtk-2.0/include -I/usr/include/pango-1.0 -I/usr/include/atk-1.0 -I/usr/include/cairo -I/usr/include/pixman-1 -I/usr/include/libdrm -I/usr/include/libpng12 -I/usr/include/gdk-pixbuf-2.0 -I/usr/include/libpng16 -I/usr/include/pango-1.0 -I/usr/include/harfbuzz -I/usr/include/pango-1.0 -I/usr/include/freetype2 -I/usr/include/glib-2.0 -I/usr/lib64/glib-2.0/include '
EXTRA_LIBS='-L/usr/local/lib64 -lgtk-x11-2.0 -lgdk-x11-2.0 -lpangocairo-1.0 -latk-1.0 -lcairo -lgdk_pixbuf-2.0 -lgio-2.0 -lpangoft2-1.0 -lpango-1.0 -lgobject-2.0 -lfontconfig -lfreetype -lpurple -lglib-2.0 '
FGREP='/usr/bin/grep -F'
GETTEXT_PACKAGE='pidgin-otr'
GMOFILES=' ar.gmo de.gmo el.gmo es.gmo fa.gmo fr.gmo hu.gmo it.gmo my_MM.gmo nl.gmo nn.gmo pl.gmo ru.gmo sk.gmo sv.gmo vi.gmo zh_CN.gmo'
GMSGFMT='/usr/bin/msgfmt'
GREP='/usr/bin/grep'
INSTALL_DATA='${INSTALL} -m 644'
INSTALL_PROGRAM='${INSTALL}'
INSTALL_SCRIPT='${INSTALL}'
INSTALL_STRIP_PROGRAM='$(install_sh) -c -s'
INSTOBJEXT='.mo'
INTLLIBS=''
INTLTOOL_CAVES_RULE='%.caves:     %.caves.in     $(INTLTOOL_MERGE) $(wildcard $(top_srcdir)/po/*.po) ; LC_ALL=C $(INTLTOOL_MERGE) -d -u -c $(top_builddir)/po/.intltool-merge-cache $(top_srcdir)/po $< $@'
INTLTOOL_DESKTOP_RULE='%.desktop:   %.desktop.in   $(INTLTOOL_MERGE) $(wildcard $(top_srcdir)/po/*.po) ; LC_ALL=C $(INTLTOOL_MERGE) -d -u -c $(top_builddir)/po/.intltool-merge-cache $(top_srcdir)/po $< $@'
INTLTOOL_DIRECTORY_RULE='%.directory: %.directory.in $(INTLTOOL_MERGE) $(wildcard $(top_srcdir)/po/*.po) ; LC_ALL=C $(INTLTOOL_MERGE) -d -u -c $(top_builddir)/po/.intltool-merge-cache $(top_srcdir)/po $< $@'
INTLTOOL_EXTRACT='/usr/bin/intltool-extract'
INTLTOOL_KBD_RULE='%.kbd:       %.kbd.in       $(INTLTOOL_MERGE) $(wildcard $(top_srcdir)/po/*.po) ; LC_ALL=C $(INTLTOOL_MERGE) -x -u -m -c $(top_builddir)/po/.intltool-merge-cache $(top_srcdir)/po $< $@'
INTLTOOL_KEYS_RULE='%.keys:      %.keys.in      $(INTLTOOL_MERGE) $(wildcard $(top_srcdir)/po/*.po) ; LC_ALL=C $(INTLTOOL_MERGE) -k -u -c $(top_builddir)/po/.intltool-merge-cache $(top_srcdir)/po $< $@'
INTLTOOL_MERGE='/usr/bin/intltool-merge'
INTLTOOL_OAF_RULE='%.oaf:       %.oaf.in       $(INTLTOOL_MERGE) $(wildcard $(top_srcdir)/po/*.po) ; LC_ALL=C $(INTLTOOL_MERGE) -o -p $(top_srcdir)/po $< $@'
INTLTOOL_PERL='/usr/bin/perl'
INTLTOOL_POLICY_RULE='%.policy:    %.policy.in    $(INTLTOOL_MERGE) $(wildcard $(top_srcdir)/po/*.po) ; LC_ALL=C $(INTLTOOL_MERGE) -x -u -c $(top_builddir)/po/.intltool-merge-cache $(top_srcdir)/po $< $@'
INTLTOOL_PONG_RULE='%.pong:      %.pong.in      $(INTLTOOL_MERGE) $(wildcard $(top_srcdir)/po/*.po) ; LC_ALL=C $(INTLTOOL_MERGE) -x -u -c $(top_builddir)/po/.intltool-merge-cache $(top_srcdir)/po $< $@'
INTLTOOL_PROP_RULE='%.prop:      %.prop.in      $(INTLTOOL_MERGE) $(wildcard $(top_srcdir)/po/*.po) ; LC_ALL=C $(INTLTOOL_MERGE) -d -u -c $(top_builddir)/po/.intltool-merge-cache $(top_srcdir)/po $< $@'
INTLTOOL_SCHEMAS_RULE='%.schemas:   %.schemas.in   $(INTLTOOL_MERGE) $(wildcard $(top_srcdir)/po/*.po) ; LC_ALL=C $(INTLTOOL_MERGE) -s -u -c $(top_builddir)/po/.intltool-merge-cache $(top_srcdir)/po $< $@'
INTLTOOL_SERVER_RULE='%.server:    %.server.in    $(INTLTOOL_MERGE) $(wildcard $(top_srcdir)/po/*.po) ; LC_ALL=C $(INTLTOOL_MERGE) -o -u -c $(top_builddir)/po/.intltool-merge-cache $(top_srcdir)/po $< $@'
INTLTOOL_SERVICE_RULE='%.service: %.service.in   $(INTLTOOL_MERGE) $(wildcard $(top_srcdir)/po/*.po) ; LC_ALL=C $(INTLTOOL_MERGE) -d -u -c $(top_builddir)/po/.intltool-merge-cache $(top_srcdir)/po $< $@'
INTLTOOL_SHEET_RULE='%.sheet:     %.sheet.in     $(INTLTOOL_MERGE) $(wildcard $(top_srcdir)/po/*.po) ; LC_ALL=C $(INTLTOOL_MERGE) -x -u -c $(top_builddir)/po/.intltool-merge-cache $(top_srcdir)/po $< $@'
INTLTOOL_SOUNDLIST_RULE='%.soundlist: %.soundlist.in $(INTLTOOL_MERGE) $(wildcard $(top_srcdir)/po/*.po) ; LC_ALL=C $(INTLTOOL_MERGE) -d -u -c $(top_builddir)/po/.intltool-merge-cache $(top_srcdir)/po $< $@'
INTLTOOL_THEME_RULE='%.theme:     %.theme.in     $(INTLTOOL_MERGE) $(wildcard $(top_srcdir)/po/*.po) ; LC_ALL=C $(INTLTOOL_MERGE) -d -u -c $(top_builddir)/po/.intltool-merge-cache $(top_srcdir)/po $< $@'
INTLTOOL_UI_RULE='%.ui:        %.ui.in        $(INTLTOOL_MERGE) $(wildcard $(top_srcdir)/po/*.po) ; LC_ALL=C $(INTLTOOL_MERGE) -x -u -c $(top_builddir)/po/.intltool-merge-cache $(top_srcdir)/po $< $@'
INTLTOOL_UPDATE='/usr/bin/intltool-update'
INTLTOOL_XAM_RULE='%.xam:       %.xml.in       $(INTLTOOL_MERGE) $(wildcard $(top_srcdir)/po/*.po) ; LC_ALL=C $(INTLTOOL_MERGE) -x -u -c $(top_builddir)/po/.intltool-merge-cache $(top_srcdir)/po $< $@'
INTLTOOL_XML_NOMERGE_RULE='%.xml:       %.xml.in       $(INTLTOOL_MERGE) ; LC_ALL=C $(INTLTOOL_MERGE) -x -u /tmp $< $@'
INTLTOOL_XML_RULE='%.xml:       %.xml.in       $(INTLTOOL_MERGE) $(wildcard $(top_srcdir)/po/*.po) ; LC_ALL=C $(INTLTOOL_MERGE) -x -u -c $(top_builddir)/po/.intltool-merge-cache $(top_srcdir)/po $< $@'
LD='/usr/x86_64-suse-linux/bin/ld -m elf_x86_64'
LDFLAGS=' -pie -z relro -z now'
LIBGCRYPT_CFLAGS=''
LIBGCRYPT_CONFIG='/usr/bin/libgcrypt-config'
LIBGCRYPT_LIBS='-L/usr/lib64 -lgcrypt -ldl -lgpg-error'
LIBOBJS=''
LIBOTR_CFLAGS=''
LIBOTR_LIBS=' -lotr'
LIBS=''
LIBTOOL='$(SHELL) $(top_builddir)/libtool'
LIPO=''
LN_S='ln -s'
LTLIBOBJS=''
MAKEINFO='${SHELL} /home/clayton/Desktop/pidgin-otr-4.0.0/missing --run makeinfo'
MKDIR_P='/usr/bin/mkdir -p'
MKINSTALLDIRS='./mkinstalldirs'
MSGFMT='/usr/bin/msgfmt'
MSGFMT_OPTS='-c'
MSGMERGE='/usr/bin/msgmerge'
NM='/usr/bin/nm -B'
NMEDIT=''
OBJDUMP='objdump'
OBJEXT='o'
OTOOL64=''
OTOOL=''
PACKAGE='pidgin-otr'
PACKAGE_BUGREPORT=''
PACKAGE_NAME='pidgin-otr'
PACKAGE_STRING='pidgin-otr 4.0.0'
PACKAGE_TARNAME='pidgin-otr'
PACKAGE_URL=''
PACKAGE_VERSION='4.0.0'
PATH_SEPARATOR=':'
PKG_CONFIG='/usr/bin/pkg-config'
POFILES=' ar.po de.po el.po es.po fa.po fr.po hu.po it.po my_MM.po nl.po nn.po pl.po ru.po sk.po sv.po vi.po zh_CN.po'
POSUB='po'
PO_IN_DATADIR_FALSE=''
PO_IN_DATADIR_TRUE=''
RANLIB='ranlib'
SED='/usr/bin/sed'
SET_MAKE=''
SHELL='/bin/sh'
STRIP='strip'
USE_NLS='yes'
VERSION='4.0.0'
XGETTEXT='/usr/bin/xgettext'
ac_ct_CC='gcc'
ac_ct_DUMPBIN=''
am__EXEEXT_FALSE=''
am__EXEEXT_TRUE='#'
am__fastdepCC_FALSE='#'
am__fastdepCC_TRUE=''
am__include='include'
am__isrc=''
am__leading_dot='.'
am__quote=''
am__tar='${AMTAR} chof - "$$tardir"'
am__untar='${AMTAR} xf -'
bindir='${exec_prefix}/bin'
build='x86_64-unknown-linux-gnu'
build_alias=''
build_cpu='x86_64'
build_os='linux-gnu'
build_vendor='unknown'
datadir='${datarootdir}'
datarootdir='${prefix}/share'
docdir='${datarootdir}/doc/${PACKAGE_TARNAME}'
dvidir='${docdir}'
exec_prefix='${prefix}'
host='x86_64-unknown-linux-gnu'
host_alias=''
host_cpu='x86_64'
host_os='linux-gnu'
host_vendor='unknown'
htmldir='${docdir}'
includedir='${prefix}/include'
infodir='${datarootdir}/info'
install_sh='${SHELL} /home/clayton/Desktop/pidgin-otr-4.0.0/install-sh'
libdir='${exec_prefix}/lib64'
libexecdir='${exec_prefix}/lib'
localedir='${datarootdir}/locale'
localstatedir='${prefix}/var'
lt_ECHO='echo'
mandir='${datarootdir}/man'
mkdir_p='/usr/bin/mkdir -p'
oldincludedir='/usr/include'
pdfdir='${docdir}'
prefix='/usr/local'
program_transform_name='s,x,x,'
psdir='${docdir}'
sbindir='${exec_prefix}/sbin'
sharedstatedir='${prefix}/com'
sysconfdir='${prefix}/etc'
target_alias=''

## ----------- ##
## confdefs.h. ##
## ----------- ##

/* confdefs.h */
#define PACKAGE_NAME "pidgin-otr"
#define PACKAGE_TARNAME "pidgin-otr"
#define PACKAGE_VERSION "4.0.0"
#define PACKAGE_STRING "pidgin-otr 4.0.0"
#define PACKAGE_BUGREPORT ""
#define PACKAGE_URL ""
#define PACKAGE "pidgin-otr"
#define VERSION "4.0.0"
#define STDC_HEADERS 1
#define HAVE_SYS_TYPES_H 1
#define HAVE_SYS_STAT_H 1
#define HAVE_STDLIB_H 1
#define HAVE_STRING_H 1
#define HAVE_MEMORY_H 1
#define HAVE_STRINGS_H 1
#define HAVE_INTTYPES_H 1
#define HAVE_STDINT_H 1
#define HAVE_UNISTD_H 1
#define HAVE_DLFCN_H 1
#define LT_OBJDIR ".libs/"
#define HAVE_LIBOTR 1
#define GETTEXT_PACKAGE "pidgin-otr"
#define HAVE_LOCALE_H 1
#define HAVE_LC_MESSAGES 1
#define HAVE_BIND_TEXTDOMAIN_CODESET 1
#define HAVE_GETTEXT 1
#define HAVE_DCGETTEXT 1
#define ENABLE_NLS 1

configure: exit 0
