This file contains any messages produced by compilers while
running configure, to aid debugging if configure makes a mistake.

It was created by configure, which was
generated by GNU Autoconf 2.59.  Invocation command line was

  $ ./configure 

## --------- ##
## Platform. ##
## --------- ##

hostname = LHD-11
uname -m = x86_64
uname -r = 4.3.0-2-default
uname -s = Linux
uname -v = #1 SMP PREEMPT Sat Nov 14 16:19:19 UTC 2015 (734b32c)

/usr/bin/uname -p = x86_64
/bin/uname -X     = unknown

/bin/arch              = x86_64
/usr/bin/arch -k       = unknown
/usr/convex/getsysinfo = unknown
hostinfo               = unknown
/bin/machine           = unknown
/usr/bin/oslevel       = unknown
/bin/universe          = unknown

PATH: /usr/local/bin
PATH: /usr/bin
PATH: /bin
PATH: /usr/bin/X11
PATH: /usr/games
PATH: /opt/kde3/bin
PATH: /usr/lib/mit/bin
PATH: /usr/lib/mit/sbin
PATH: /usr/lib/qt3/bin


## ----------- ##
## Core tests. ##
## ----------- ##

configure:1400: loading site script /usr/share/site/x86_64-unknown-linux-gnu
| #!/bin/sh
| # Site script for configure. It is resourced via $CONFIG_SITE environment varaible.
| 
| # If user did not specify libdir, guess the correct target:
| # Use lib64 for 64 bit bi-arch targets, keep the default for the rest.
| if test "$libdir" = '${exec_prefix}/lib' ; then
| 
| 	ac_config_site_64bit_host=NONE
| 
| 	case "$host" in
| 	"" )
| 		# User did not specify host target.
| 		# The native platform x86_64 is a bi-arch platform.
| 		# Try to detect cross-compilation to inferior architecture.
| 
| 		# We are trying to guess 32-bit target compilation. It's not as easy as
| 		# it sounds, as there is possible several intermediate combinations.
| 		ac_config_site_cross_to_32bit_host=NONE
| 
| 		# User defined -m32 in CFLAGS or CXXFLAGS or CC or CXX:
| 		# (It's sufficient for 32-bit, but alone may cause mis-behavior of some checks.)
| 		case "$CFLAGS $CXXFLAGS $CC $CXX" in
| 		*-m32*)
| 			ac_config_site_cross_to_32bit_host=YES
| 			;;
| 		esac
| 
| 		# Running with linux32:
| 		# (Changes detected platform, but not the toolchain target.)
| 		case "`/bin/uname -i`" in
| 		x86_64 | ppc64 | s390x )
| 			;;
| 		* )
| 			ac_config_site_cross_to_32bit_host=YES
| 			;;
| 		esac
| 
| 		if test "x$ac_config_site_cross_to_32bit_host" = xNONE; then
| 			ac_config_site_64bit_host=YES
| 		fi
| 
| 		;;
| 	*x86_64* | *ppc64* | *s390x* )
| 		ac_config_site_64bit_host=YES
| 		;;
| 	esac
| 
| 	if test "x$ac_config_site_64bit_host" = xYES; then
| 		libdir='${exec_prefix}/lib64'
| 	fi
| fi
| 
| # If user did not specify libexecdir, set the correct target:
| # Nor FHS nor openSUSE allow prefix/libexec. Let's default to prefix/lib.
| 
| if test "$libexecdir" = '${exec_prefix}/libexec' ; then
| 	libexecdir='${exec_prefix}/lib'
| fi
| 
| # Continue with the standard behavior of configure defined in AC_SITE_LOAD:
| if test "x$prefix" != xNONE; then
| 	ac_site_file1=$prefix/share/config.site
| 	ac_site_file2=$prefix/etc/config.site
| else
| 	ac_site_file1=$ac_default_prefix/share/config.site
| 	ac_site_file2=$ac_default_prefix/etc/config.site
| fi
| for ac_site_file in "$ac_site_file1" "$ac_site_file2"
| do
| 	test "x$ac_site_file" = xNONE && continue
| 	if test /dev/null != "$ac_site_file" && test -r "$ac_site_file"; then
| 		{ $as_echo "/usr/share/site/x86_64-unknown-linux-gnu:${as_lineno-$LINENO}: loading site script $ac_site_file" >&5
| $as_echo "/usr/share/site/x86_64-unknown-linux-gnu: loading site script $ac_site_file" >&6;}
| 		sed 's/^/| /' "$ac_site_file" >&5
| 		. "$ac_site_file" \
| 			|| { { $as_echo "/usr/share/site/x86_64-unknown-linux-gnu:${as_lineno-$LINENO}: error: in \`$ac_pwd':" >&5
| $as_echo "/usr/share/site/x86_64-unknown-linux-gnu: error: in \`$ac_pwd':" >&2;}
| as_fn_error $? "failed to load site script $ac_site_file
| See \`config.log' for more details" "$LINENO" 5; }
| 	fi
| done
configure:1543: checking for a BSD-compatible install
configure:1598: result: /usr/bin/install -c
configure:1609: checking whether build environment is sane
configure:1652: result: yes
configure:1717: checking for gawk
configure:1733: found /usr/bin/gawk
configure:1743: result: gawk
configure:1753: checking whether make sets $(MAKE)
configure:1773: result: yes
configure:1991: checking for gcc
configure:2007: found /usr/bin/gcc
configure:2017: result: gcc
configure:2261: checking for C compiler version
configure:2264: gcc --version </dev/null >&5
gcc (SUSE Linux) 5.2.1 20151008 [gcc-5-branch revision 228597]
Copyright (C) 2015 Free Software Foundation, Inc.
This is free software; see the source for copying conditions.  There is NO
warranty; not even for MERCHANTABILITY or FITNESS FOR A PARTICULAR PURPOSE.

configure:2267: $? = 0
configure:2269: gcc -v </dev/null >&5
Using built-in specs.
COLLECT_GCC=gcc
COLLECT_LTO_WRAPPER=/usr/lib64/gcc/x86_64-suse-linux/5/lto-wrapper
Target: x86_64-suse-linux
Configured with: ../configure --prefix=/usr --infodir=/usr/share/info --mandir=/usr/share/man --libdir=/usr/lib64 --libexecdir=/usr/lib64 --enable-languages=c,c++,objc,fortran,obj-c++,java,ada,go --enable-checking=release --with-gxx-include-dir=/usr/include/c++/5 --enable-ssp --disable-libssp --disable-libvtv --enable-libmpx --disable-plugin --with-bugurl=http://bugs.opensuse.org/ --with-pkgversion='SUSE Linux' --disable-libgcj --with-slibdir=/lib64 --with-system-zlib --enable-__cxa_atexit --enable-libstdcxx-allocator=new --disable-libstdcxx-pch --enable-version-specific-runtime-libs --enable-linker-build-id --enable-linux-futex --program-suffix=-5 --without-system-libunwind --enable-multilib --with-arch-32=i586 --with-tune=generic --build=x86_64-suse-linux --host=x86_64-suse-linux
Thread model: posix
gcc version 5.2.1 20151008 [gcc-5-branch revision 228597] (SUSE Linux) 
configure:2272: $? = 0
configure:2274: gcc -V </dev/null >&5
gcc: error: unrecognized command line option '-V'
gcc: fatal error: no input files
compilation terminated.
configure:2277: $? = 1
configure:2300: checking for C compiler default output file name
configure:2303: gcc    conftest.c  >&5
configure:2306: $? = 0
configure:2352: result: a.out
configure:2357: checking whether the C compiler works
configure:2363: ./a.out
configure:2366: $? = 0
configure:2383: result: yes
configure:2390: checking whether we are cross compiling
configure:2392: result: no
configure:2395: checking for suffix of executables
configure:2397: gcc -o conftest    conftest.c  >&5
configure:2400: $? = 0
configure:2425: result: 
configure:2431: checking for suffix of object files
configure:2452: gcc -c   conftest.c >&5
configure:2455: $? = 0
configure:2477: result: o
configure:2481: checking whether we are using the GNU C compiler
configure:2505: gcc -c   conftest.c >&5
configure:2511: $? = 0
configure:2514: test -z 			 || test ! -s conftest.err
configure:2517: $? = 0
configure:2520: test -s conftest.o
configure:2523: $? = 0
configure:2536: result: yes
configure:2542: checking whether gcc accepts -g
configure:2563: gcc -c -g  conftest.c >&5
configure:2569: $? = 0
configure:2572: test -z 			 || test ! -s conftest.err
configure:2575: $? = 0
configure:2578: test -s conftest.o
configure:2581: $? = 0
configure:2592: result: yes
configure:2609: checking for gcc option to accept ANSI C
configure:2679: gcc  -c -g -O2  conftest.c >&5
configure:2685: $? = 0
configure:2688: test -z 			 || test ! -s conftest.err
configure:2691: $? = 0
configure:2694: test -s conftest.o
configure:2697: $? = 0
configure:2715: result: none needed
configure:2733: gcc -c -g -O2  conftest.c >&5
conftest.c:2:3: error: unknown type name 'choke'
   choke me
   ^
conftest.c:2:3: error: expected '=', ',', ';', 'asm' or '__attribute__' at end of input
configure:2739: $? = 1
configure: failed program was:
| #ifndef __cplusplus
|   choke me
| #endif
configure:2880: checking for style of include used by make
configure:2908: result: GNU
configure:2936: checking dependency style of gcc
configure:3026: result: gcc3
configure:3122: checking build system type
configure:3140: result: x86_64-unknown-linux-gnu
configure:3148: checking host system type
configure:3162: result: x86_64-unknown-linux-gnu
configure:3170: checking for a sed that does not truncate output
configure:3224: result: /usr/bin/sed
configure:3227: checking for egrep
configure:3237: result: grep -E
configure:3253: checking for ld used by gcc
configure:3320: result: /usr/x86_64-suse-linux/bin/ld
configure:3329: checking if the linker (/usr/x86_64-suse-linux/bin/ld) is GNU ld
configure:3344: result: yes
configure:3349: checking for /usr/x86_64-suse-linux/bin/ld option to reload object files
configure:3356: result: -r
configure:3374: checking for BSD-compatible nm
configure:3423: result: /usr/bin/nm -B
configure:3427: checking whether ln -s works
configure:3431: result: yes
configure:3438: checking how to recognise dependent libraries
configure:3614: result: pass_all
configure:3702: gcc -c -g -O2  conftest.c >&5
configure:3705: $? = 0
configure:3850: checking how to run the C preprocessor
configure:3885: gcc -E  conftest.c
configure:3891: $? = 0
configure:3923: gcc -E  conftest.c
conftest.c:11:28: fatal error: ac_nonexistent.h: No such file or directory
compilation terminated.
configure:3929: $? = 1
configure: failed program was:
| /* confdefs.h.  */
| 
| #define PACKAGE_NAME ""
| #define PACKAGE_TARNAME ""
| #define PACKAGE_VERSION ""
| #define PACKAGE_STRING ""
| #define PACKAGE_BUGREPORT ""
| #define PACKAGE "libotr"
| #define VERSION "3.2.0"
| /* end confdefs.h.  */
| #include <ac_nonexistent.h>
configure:3968: result: gcc -E
configure:3992: gcc -E  conftest.c
configure:3998: $? = 0
configure:4030: gcc -E  conftest.c
conftest.c:11:28: fatal error: ac_nonexistent.h: No such file or directory
compilation terminated.
configure:4036: $? = 1
configure: failed program was:
| /* confdefs.h.  */
| 
| #define PACKAGE_NAME ""
| #define PACKAGE_TARNAME ""
| #define PACKAGE_VERSION ""
| #define PACKAGE_STRING ""
| #define PACKAGE_BUGREPORT ""
| #define PACKAGE "libotr"
| #define VERSION "3.2.0"
| /* end confdefs.h.  */
| #include <ac_nonexistent.h>
configure:4080: checking for ANSI C header files
configure:4105: gcc -c -g -O2  conftest.c >&5
configure:4111: $? = 0
configure:4114: test -z 			 || test ! -s conftest.err
configure:4117: $? = 0
configure:4120: test -s conftest.o
configure:4123: $? = 0
configure:4212: gcc -o conftest -g -O2   conftest.c  >&5
conftest.c: In function 'main':
conftest.c:28:7: warning: implicit declaration of function 'exit' [-Wimplicit-function-declaration]
       exit(2);
       ^
conftest.c:28:7: warning: incompatible implicit declaration of built-in function 'exit'
conftest.c:28:7: note: include '<stdlib.h>' or provide a declaration of 'exit'
conftest.c:29:3: warning: incompatible implicit declaration of built-in function 'exit'
   exit (0);
   ^
conftest.c:29:3: note: include '<stdlib.h>' or provide a declaration of 'exit'
configure:4215: $? = 0
configure:4217: ./conftest
configure:4220: $? = 0
configure:4235: result: yes
configure:4259: checking for sys/types.h
configure:4275: gcc -c -g -O2  conftest.c >&5
configure:4281: $? = 0
configure:4284: test -z 			 || test ! -s conftest.err
configure:4287: $? = 0
configure:4290: test -s conftest.o
configure:4293: $? = 0
configure:4304: result: yes
configure:4259: checking for sys/stat.h
configure:4275: gcc -c -g -O2  conftest.c >&5
configure:4281: $? = 0
configure:4284: test -z 			 || test ! -s conftest.err
configure:4287: $? = 0
configure:4290: test -s conftest.o
configure:4293: $? = 0
configure:4304: result: yes
configure:4259: checking for stdlib.h
configure:4275: gcc -c -g -O2  conftest.c >&5
configure:4281: $? = 0
configure:4284: test -z 			 || test ! -s conftest.err
configure:4287: $? = 0
configure:4290: test -s conftest.o
configure:4293: $? = 0
configure:4304: result: yes
configure:4259: checking for string.h
configure:4275: gcc -c -g -O2  conftest.c >&5
configure:4281: $? = 0
configure:4284: test -z 			 || test ! -s conftest.err
configure:4287: $? = 0
configure:4290: test -s conftest.o
configure:4293: $? = 0
configure:4304: result: yes
configure:4259: checking for memory.h
configure:4275: gcc -c -g -O2  conftest.c >&5
configure:4281: $? = 0
configure:4284: test -z 			 || test ! -s conftest.err
configure:4287: $? = 0
configure:4290: test -s conftest.o
configure:4293: $? = 0
configure:4304: result: yes
configure:4259: checking for strings.h
configure:4275: gcc -c -g -O2  conftest.c >&5
configure:4281: $? = 0
configure:4284: test -z 			 || test ! -s conftest.err
configure:4287: $? = 0
configure:4290: test -s conftest.o
configure:4293: $? = 0
configure:4304: result: yes
configure:4259: checking for inttypes.h
configure:4275: gcc -c -g -O2  conftest.c >&5
configure:4281: $? = 0
configure:4284: test -z 			 || test ! -s conftest.err
configure:4287: $? = 0
configure:4290: test -s conftest.o
configure:4293: $? = 0
configure:4304: result: yes
configure:4259: checking for stdint.h
configure:4275: gcc -c -g -O2  conftest.c >&5
configure:4281: $? = 0
configure:4284: test -z 			 || test ! -s conftest.err
configure:4287: $? = 0
configure:4290: test -s conftest.o
configure:4293: $? = 0
configure:4304: result: yes
configure:4259: checking for unistd.h
configure:4275: gcc -c -g -O2  conftest.c >&5
configure:4281: $? = 0
configure:4284: test -z 			 || test ! -s conftest.err
configure:4287: $? = 0
configure:4290: test -s conftest.o
configure:4293: $? = 0
configure:4304: result: yes
configure:4330: checking dlfcn.h usability
configure:4342: gcc -c -g -O2  conftest.c >&5
configure:4348: $? = 0
configure:4351: test -z 			 || test ! -s conftest.err
configure:4354: $? = 0
configure:4357: test -s conftest.o
configure:4360: $? = 0
configure:4370: result: yes
configure:4374: checking dlfcn.h presence
configure:4384: gcc -E  conftest.c
configure:4390: $? = 0
configure:4410: result: yes
configure:4445: checking for dlfcn.h
configure:4452: result: yes
configure:4517: checking for g++
configure:4533: found /usr/bin/g++
configure:4543: result: g++
configure:4559: checking for C++ compiler version
configure:4562: g++ --version </dev/null >&5
g++ (SUSE Linux) 5.2.1 20151008 [gcc-5-branch revision 228597]
Copyright (C) 2015 Free Software Foundation, Inc.
This is free software; see the source for copying conditions.  There is NO
warranty; not even for MERCHANTABILITY or FITNESS FOR A PARTICULAR PURPOSE.

configure:4565: $? = 0
configure:4567: g++ -v </dev/null >&5
Using built-in specs.
COLLECT_GCC=g++
COLLECT_LTO_WRAPPER=/usr/lib64/gcc/x86_64-suse-linux/5/lto-wrapper
Target: x86_64-suse-linux
Configured with: ../configure --prefix=/usr --infodir=/usr/share/info --mandir=/usr/share/man --libdir=/usr/lib64 --libexecdir=/usr/lib64 --enable-languages=c,c++,objc,fortran,obj-c++,java,ada,go --enable-checking=release --with-gxx-include-dir=/usr/include/c++/5 --enable-ssp --disable-libssp --disable-libvtv --enable-libmpx --disable-plugin --with-bugurl=http://bugs.opensuse.org/ --with-pkgversion='SUSE Linux' --disable-libgcj --with-slibdir=/lib64 --with-system-zlib --enable-__cxa_atexit --enable-libstdcxx-allocator=new --disable-libstdcxx-pch --enable-version-specific-runtime-libs --enable-linker-build-id --enable-linux-futex --program-suffix=-5 --without-system-libunwind --enable-multilib --with-arch-32=i586 --with-tune=generic --build=x86_64-suse-linux --host=x86_64-suse-linux
Thread model: posix
gcc version 5.2.1 20151008 [gcc-5-branch revision 228597] (SUSE Linux) 
configure:4570: $? = 0
configure:4572: g++ -V </dev/null >&5
g++: error: unrecognized command line option '-V'
g++: fatal error: no input files
compilation terminated.
configure:4575: $? = 1
configure:4578: checking whether we are using the GNU C++ compiler
configure:4602: g++ -c   conftest.cc >&5
configure:4608: $? = 0
configure:4611: test -z 			 || test ! -s conftest.err
configure:4614: $? = 0
configure:4617: test -s conftest.o
configure:4620: $? = 0
configure:4633: result: yes
configure:4639: checking whether g++ accepts -g
configure:4660: g++ -c -g  conftest.cc >&5
configure:4666: $? = 0
configure:4669: test -z 			 || test ! -s conftest.err
configure:4672: $? = 0
configure:4675: test -s conftest.o
configure:4678: $? = 0
configure:4689: result: yes
configure:4731: g++ -c -g -O2  conftest.cc >&5
configure:4737: $? = 0
configure:4740: test -z 			 || test ! -s conftest.err
configure:4743: $? = 0
configure:4746: test -s conftest.o
configure:4749: $? = 0
configure:4775: g++ -c -g -O2  conftest.cc >&5
conftest.cc: In function 'int main()':
conftest.cc:26:9: error: 'exit' was not declared in this scope
 exit (42);
         ^
configure:4781: $? = 1
configure: failed program was:
| /* confdefs.h.  */
| 
| #define PACKAGE_NAME ""
| #define PACKAGE_TARNAME ""
| #define PACKAGE_VERSION ""
| #define PACKAGE_STRING ""
| #define PACKAGE_BUGREPORT ""
| #define PACKAGE "libotr"
| #define VERSION "3.2.0"
| #define STDC_HEADERS 1
| #define HAVE_SYS_TYPES_H 1
| #define HAVE_SYS_STAT_H 1
| #define HAVE_STDLIB_H 1
| #define HAVE_STRING_H 1
| #define HAVE_MEMORY_H 1
| #define HAVE_STRINGS_H 1
| #define HAVE_INTTYPES_H 1
| #define HAVE_STDINT_H 1
| #define HAVE_UNISTD_H 1
| #define HAVE_DLFCN_H 1
| /* end confdefs.h.  */
| 
| int
| main ()
| {
| exit (42);
|   ;
|   return 0;
| }
configure:4731: g++ -c -g -O2  conftest.cc >&5
conftest.cc:22:40: error: 'void std::exit(int)' should have been declared inside 'std'
 extern "C" void std::exit (int) throw (); using std::exit;
                                        ^
configure:4737: $? = 1
configure: failed program was:
| /* confdefs.h.  */
| 
| #define PACKAGE_NAME ""
| #define PACKAGE_TARNAME ""
| #define PACKAGE_VERSION ""
| #define PACKAGE_STRING ""
| #define PACKAGE_BUGREPORT ""
| #define PACKAGE "libotr"
| #define VERSION "3.2.0"
| #define STDC_HEADERS 1
| #define HAVE_SYS_TYPES_H 1
| #define HAVE_SYS_STAT_H 1
| #define HAVE_STDLIB_H 1
| #define HAVE_STRING_H 1
| #define HAVE_MEMORY_H 1
| #define HAVE_STRINGS_H 1
| #define HAVE_INTTYPES_H 1
| #define HAVE_STDINT_H 1
| #define HAVE_UNISTD_H 1
| #define HAVE_DLFCN_H 1
| /* end confdefs.h.  */
| extern "C" void std::exit (int) throw (); using std::exit;
| #include <stdlib.h>
| int
| main ()
| {
| exit (42);
|   ;
|   return 0;
| }
configure:4731: g++ -c -g -O2  conftest.cc >&5
conftest.cc:22:31: error: 'void std::exit(int)' should have been declared inside 'std'
 extern "C" void std::exit (int); using std::exit;
                               ^
In file included from conftest.cc:23:0:
/usr/include/stdlib.h:543:70: error: declaration of 'void std::exit(int) throw ()' has a different exception specifier
 extern void exit (int __status) __THROW __attribute__ ((__noreturn__));
                                                                      ^
conftest.cc:22:17: error: from previous declaration 'void std::exit(int)'
 extern "C" void std::exit (int); using std::exit;
                 ^
configure:4737: $? = 1
configure: failed program was:
| /* confdefs.h.  */
| 
| #define PACKAGE_NAME ""
| #define PACKAGE_TARNAME ""
| #define PACKAGE_VERSION ""
| #define PACKAGE_STRING ""
| #define PACKAGE_BUGREPORT ""
| #define PACKAGE "libotr"
| #define VERSION "3.2.0"
| #define STDC_HEADERS 1
| #define HAVE_SYS_TYPES_H 1
| #define HAVE_SYS_STAT_H 1
| #define HAVE_STDLIB_H 1
| #define HAVE_STRING_H 1
| #define HAVE_MEMORY_H 1
| #define HAVE_STRINGS_H 1
| #define HAVE_INTTYPES_H 1
| #define HAVE_STDINT_H 1
| #define HAVE_UNISTD_H 1
| #define HAVE_DLFCN_H 1
| /* end confdefs.h.  */
| extern "C" void std::exit (int); using std::exit;
| #include <stdlib.h>
| int
| main ()
| {
| exit (42);
|   ;
|   return 0;
| }
configure:4731: g++ -c -g -O2  conftest.cc >&5
configure:4737: $? = 0
configure:4740: test -z 			 || test ! -s conftest.err
configure:4743: $? = 0
configure:4746: test -s conftest.o
configure:4749: $? = 0
configure:4775: g++ -c -g -O2  conftest.cc >&5
configure:4781: $? = 0
configure:4784: test -z 			 || test ! -s conftest.err
configure:4787: $? = 0
configure:4790: test -s conftest.o
configure:4793: $? = 0
configure:4818: checking dependency style of g++
configure:4908: result: gcc3
configure:4935: checking how to run the C++ preprocessor
configure:4966: g++ -E  conftest.cc
configure:4972: $? = 0
configure:5004: g++ -E  conftest.cc
conftest.cc:25:28: fatal error: ac_nonexistent.h: No such file or directory
compilation terminated.
configure:5010: $? = 1
configure: failed program was:
| /* confdefs.h.  */
| 
| #define PACKAGE_NAME ""
| #define PACKAGE_TARNAME ""
| #define PACKAGE_VERSION ""
| #define PACKAGE_STRING ""
| #define PACKAGE_BUGREPORT ""
| #define PACKAGE "libotr"
| #define VERSION "3.2.0"
| #define STDC_HEADERS 1
| #define HAVE_SYS_TYPES_H 1
| #define HAVE_SYS_STAT_H 1
| #define HAVE_STDLIB_H 1
| #define HAVE_STRING_H 1
| #define HAVE_MEMORY_H 1
| #define HAVE_STRINGS_H 1
| #define HAVE_INTTYPES_H 1
| #define HAVE_STDINT_H 1
| #define HAVE_UNISTD_H 1
| #define HAVE_DLFCN_H 1
| #ifdef __cplusplus
| extern "C" void exit (int) throw ();
| #endif
| /* end confdefs.h.  */
| #include <ac_nonexistent.h>
configure:5049: result: g++ -E
configure:5073: g++ -E  conftest.cc
configure:5079: $? = 0
configure:5111: g++ -E  conftest.cc
conftest.cc:25:28: fatal error: ac_nonexistent.h: No such file or directory
compilation terminated.
configure:5117: $? = 1
configure: failed program was:
| /* confdefs.h.  */
| 
| #define PACKAGE_NAME ""
| #define PACKAGE_TARNAME ""
| #define PACKAGE_VERSION ""
| #define PACKAGE_STRING ""
| #define PACKAGE_BUGREPORT ""
| #define PACKAGE "libotr"
| #define VERSION "3.2.0"
| #define STDC_HEADERS 1
| #define HAVE_SYS_TYPES_H 1
| #define HAVE_SYS_STAT_H 1
| #define HAVE_STDLIB_H 1
| #define HAVE_STRING_H 1
| #define HAVE_MEMORY_H 1
| #define HAVE_STRINGS_H 1
| #define HAVE_INTTYPES_H 1
| #define HAVE_STDINT_H 1
| #define HAVE_UNISTD_H 1
| #define HAVE_DLFCN_H 1
| #ifdef __cplusplus
| extern "C" void exit (int) throw ();
| #endif
| /* end confdefs.h.  */
| #include <ac_nonexistent.h>
configure:5214: checking for g77
configure:5243: result: no
configure:5214: checking for f77
configure:5243: result: no
configure:5214: checking for xlf
configure:5243: result: no
configure:5214: checking for frt
configure:5243: result: no
configure:5214: checking for pgf77
configure:5243: result: no
configure:5214: checking for fort77
configure:5243: result: no
configure:5214: checking for fl32
configure:5243: result: no
configure:5214: checking for af77
configure:5243: result: no
configure:5214: checking for f90
configure:5243: result: no
configure:5214: checking for xlf90
configure:5243: result: no
configure:5214: checking for pgf90
configure:5243: result: no
configure:5214: checking for epcf90
configure:5243: result: no
configure:5214: checking for f95
configure:5243: result: no
configure:5214: checking for fort
configure:5243: result: no
configure:5214: checking for xlf95
configure:5243: result: no
configure:5214: checking for ifc
configure:5243: result: no
configure:5214: checking for efc
configure:5243: result: no
configure:5214: checking for pgf95
configure:5243: result: no
configure:5214: checking for lf95
configure:5243: result: no
configure:5214: checking for gfortran
configure:5230: found /usr/bin/gfortran
configure:5240: result: gfortran
configure:5255: checking for Fortran 77 compiler version
configure:5258: gfortran --version </dev/null >&5
GNU Fortran (SUSE Linux) 5.2.1 20151008 [gcc-5-branch revision 228597]
Copyright (C) 2015 Free Software Foundation, Inc.

GNU Fortran comes with NO WARRANTY, to the extent permitted by law.
You may redistribute copies of GNU Fortran
under the terms of the GNU General Public License.
For more information about these matters, see the file named COPYING

configure:5261: $? = 0
configure:5263: gfortran -v </dev/null >&5
Using built-in specs.
COLLECT_GCC=gfortran
COLLECT_LTO_WRAPPER=/usr/lib64/gcc/x86_64-suse-linux/5/lto-wrapper
Target: x86_64-suse-linux
Configured with: ../configure --prefix=/usr --infodir=/usr/share/info --mandir=/usr/share/man --libdir=/usr/lib64 --libexecdir=/usr/lib64 --enable-languages=c,c++,objc,fortran,obj-c++,java,ada,go --enable-checking=release --with-gxx-include-dir=/usr/include/c++/5 --enable-ssp --disable-libssp --disable-libvtv --enable-libmpx --disable-plugin --with-bugurl=http://bugs.opensuse.org/ --with-pkgversion='SUSE Linux' --disable-libgcj --with-slibdir=/lib64 --with-system-zlib --enable-__cxa_atexit --enable-libstdcxx-allocator=new --disable-libstdcxx-pch --enable-version-specific-runtime-libs --enable-linker-build-id --enable-linux-futex --program-suffix=-5 --without-system-libunwind --enable-multilib --with-arch-32=i586 --with-tune=generic --build=x86_64-suse-linux --host=x86_64-suse-linux
Thread model: posix
gcc version 5.2.1 20151008 [gcc-5-branch revision 228597] (SUSE Linux) 
configure:5266: $? = 0
configure:5268: gfortran -V </dev/null >&5
gfortran: error: unrecognized command line option '-V'
gfortran: fatal error: no input files
compilation terminated.
configure:5271: $? = 1
configure:5279: checking whether we are using the GNU Fortran 77 compiler
configure:5293: gfortran -c  conftest.F >&5
configure:5299: $? = 0
configure:5302: test -z 			 || test ! -s conftest.err
configure:5305: $? = 0
configure:5308: test -s conftest.o
configure:5311: $? = 0
configure:5324: result: yes
configure:5330: checking whether gfortran accepts -g
configure:5342: gfortran -c -g conftest.f >&5
configure:5348: $? = 0
configure:5351: test -z 			 || test ! -s conftest.err
configure:5354: $? = 0
configure:5357: test -s conftest.o
configure:5360: $? = 0
configure:5372: result: yes
configure:5402: checking the maximum length of command line arguments
configure:5511: result: 32768
configure:5522: checking command to parse /usr/bin/nm -B output from gcc object
configure:5627: gcc -c -g -O2  conftest.c >&5
configure:5630: $? = 0
configure:5634: /usr/bin/nm -B conftest.o \| sed -n -e 's/^.*[ 	]\([ABCDGIRSTW][ABCDGIRSTW]*\)[ 	][ 	]*\([_A-Za-z][_A-Za-z0-9]*\)$/\1 \2 \2/p' \> conftest.nm
configure:5637: $? = 0
configure:5689: gcc -o conftest -g -O2   conftest.c conftstm.o >&5
configure:5692: $? = 0
configure:5730: result: ok
configure:5734: checking for objdir
configure:5749: result: .libs
configure:5839: checking for ar
configure:5855: found /usr/bin/ar
configure:5866: result: ar
configure:5919: checking for ranlib
configure:5935: found /usr/bin/ranlib
configure:5946: result: ranlib
configure:5999: checking for strip
configure:6015: found /usr/bin/strip
configure:6026: result: strip
configure:6298: checking if gcc supports -fno-rtti -fno-exceptions
configure:6316: gcc -c -g -O2  -fno-rtti -fno-exceptions conftest.c >&5
cc1: warning: command line option '-fno-rtti' is valid for C++/ObjC++ but not for C
configure:6320: $? = 0
configure:6333: result: no
configure:6348: checking for gcc option to produce PIC
configure:6558: result: -fPIC
configure:6566: checking if gcc PIC flag -fPIC works
configure:6584: gcc -c -g -O2  -fPIC -DPIC conftest.c >&5
configure:6588: $? = 0
configure:6601: result: yes
configure:6629: checking if gcc static flag -static works
configure:6657: result: no
configure:6667: checking if gcc supports -c -o file.o
configure:6688: gcc -c -g -O2  -o out/conftest2.o conftest.c >&5
configure:6692: $? = 0
configure:6714: result: yes
configure:6740: checking whether the gcc linker (/usr/x86_64-suse-linux/bin/ld -m elf_x86_64) supports shared libraries
configure:7706: result: yes
configure:7727: checking whether -lc should be explicitly linked in
configure:7732: gcc -c -g -O2  conftest.c >&5
configure:7735: $? = 0
configure:7750: gcc -shared conftest.o  -v -Wl,-soname -Wl,conftest -o conftest 2\>\&1 \| grep  -lc  \>/dev/null 2\>\&1
configure:7753: $? = 0
configure:7765: result: no
configure:7773: checking dynamic linker characteristics
configure:8373: result: GNU/Linux ld.so
configure:8382: checking how to hardcode library paths into programs
configure:8407: result: immediate
configure:8421: checking whether stripping libraries is possible
configure:8426: result: yes
configure:9253: checking if libtool supports shared libraries
configure:9255: result: yes
configure:9258: checking whether to build shared libraries
configure:9279: result: yes
configure:9282: checking whether to build static libraries
configure:9286: result: yes
configure:9378: creating libtool
configure:9966: checking for ld used by g++
configure:10033: result: /usr/x86_64-suse-linux/bin/ld -m elf_x86_64
configure:10042: checking if the linker (/usr/x86_64-suse-linux/bin/ld -m elf_x86_64) is GNU ld
configure:10057: result: yes
configure:10108: checking whether the g++ linker (/usr/x86_64-suse-linux/bin/ld -m elf_x86_64) supports shared libraries
configure:11044: result: yes
configure:11062: g++ -c -g -O2  conftest.cpp >&5
configure:11065: $? = 0
configure:11184: checking for g++ option to produce PIC
configure:11458: result: -fPIC
configure:11466: checking if g++ PIC flag -fPIC works
configure:11484: g++ -c -g -O2  -fPIC -DPIC conftest.cpp >&5
configure:11488: $? = 0
configure:11501: result: yes
configure:11529: checking if g++ static flag -static works
configure:11557: result: no
configure:11567: checking if g++ supports -c -o file.o
configure:11588: g++ -c -g -O2  -o out/conftest2.o conftest.cpp >&5
configure:11592: $? = 0
configure:11614: result: yes
configure:11640: checking whether the g++ linker (/usr/x86_64-suse-linux/bin/ld -m elf_x86_64) supports shared libraries
configure:11671: result: yes
configure:11738: checking dynamic linker characteristics
configure:12338: result: GNU/Linux ld.so
configure:12347: checking how to hardcode library paths into programs
configure:12372: result: immediate
configure:12898: checking if libtool supports shared libraries
configure:12900: result: yes
configure:12903: checking whether to build shared libraries
configure:12923: result: yes
configure:12926: checking whether to build static libraries
configure:12930: result: yes
configure:12940: checking for gfortran option to produce PIC
configure:13150: result: -fPIC
configure:13158: checking if gfortran PIC flag -fPIC works
configure:13176: gfortran -c -g -O2 -fPIC conftest.f >&5
configure:13180: $? = 0
configure:13193: result: yes
configure:13221: checking if gfortran static flag -static works
configure:13249: result: no
configure:13259: checking if gfortran supports -c -o file.o
configure:13280: gfortran -c -g -O2 -o out/conftest2.o conftest.f >&5
configure:13284: $? = 0
configure:13306: result: yes
configure:13332: checking whether the gfortran linker (/usr/x86_64-suse-linux/bin/ld -m elf_x86_64) supports shared libraries
configure:14278: result: yes
configure:14345: checking dynamic linker characteristics
configure:14945: result: GNU/Linux ld.so
configure:14954: checking how to hardcode library paths into programs
configure:14979: result: immediate
configure:18579: checking for libgcrypt-config
configure:18597: found /usr/bin/libgcrypt-config
configure:18610: result: /usr/bin/libgcrypt-config
configure:18626: checking for LIBGCRYPT - version >= 1.2.0
configure:18660: result: yes
configure:18672: checking LIBGCRYPT API version
configure:18675: result: okay
configure:18817: creating ./config.status

## ---------------------- ##
## Running config.status. ##
## ---------------------- ##

This file was extended by config.status, which was
generated by GNU Autoconf 2.59.  Invocation command line was

  CONFIG_FILES    = 
  CONFIG_HEADERS  = 
  CONFIG_LINKS    = 
  CONFIG_COMMANDS = 
  $ ./config.status 

on LHD-11

config.status:760: creating Makefile
config.status:760: creating src/Makefile
config.status:760: creating toolkit/Makefile
config.status:760: creating libotr.pc
config.status:826: creating config.h
config.status:1114: executing depfiles commands

## ---------------- ##
## Cache variables. ##
## ---------------- ##

ac_cv_build=x86_64-unknown-linux-gnu
ac_cv_build_alias=x86_64-unknown-linux-gnu
ac_cv_c_compiler_gnu=yes
ac_cv_cxx_compiler_gnu=yes
ac_cv_env_CC_set=
ac_cv_env_CC_value=
ac_cv_env_CFLAGS_set=
ac_cv_env_CFLAGS_value=
ac_cv_env_CPPFLAGS_set=
ac_cv_env_CPPFLAGS_value=
ac_cv_env_CPP_set=
ac_cv_env_CPP_value=
ac_cv_env_CXXCPP_set=
ac_cv_env_CXXCPP_value=
ac_cv_env_CXXFLAGS_set=
ac_cv_env_CXXFLAGS_value=
ac_cv_env_CXX_set=
ac_cv_env_CXX_value=
ac_cv_env_F77_set=
ac_cv_env_F77_value=
ac_cv_env_FFLAGS_set=
ac_cv_env_FFLAGS_value=
ac_cv_env_LDFLAGS_set=
ac_cv_env_LDFLAGS_value=
ac_cv_env_build_alias_set=
ac_cv_env_build_alias_value=
ac_cv_env_host_alias_set=
ac_cv_env_host_alias_value=
ac_cv_env_target_alias_set=
ac_cv_env_target_alias_value=
ac_cv_exeext=
ac_cv_f77_compiler_gnu=yes
ac_cv_header_dlfcn_h=yes
ac_cv_header_inttypes_h=yes
ac_cv_header_memory_h=yes
ac_cv_header_stdc=yes
ac_cv_header_stdint_h=yes
ac_cv_header_stdlib_h=yes
ac_cv_header_string_h=yes
ac_cv_header_strings_h=yes
ac_cv_header_sys_stat_h=yes
ac_cv_header_sys_types_h=yes
ac_cv_header_unistd_h=yes
ac_cv_host=x86_64-unknown-linux-gnu
ac_cv_host_alias=x86_64-unknown-linux-gnu
ac_cv_objext=o
ac_cv_path_LIBGCRYPT_CONFIG=/usr/bin/libgcrypt-config
ac_cv_path_install='/usr/bin/install -c'
ac_cv_prog_AWK=gawk
ac_cv_prog_CPP='gcc -E'
ac_cv_prog_CXXCPP='g++ -E'
ac_cv_prog_ac_ct_AR=ar
ac_cv_prog_ac_ct_CC=gcc
ac_cv_prog_ac_ct_CXX=g++
ac_cv_prog_ac_ct_F77=gfortran
ac_cv_prog_ac_ct_RANLIB=ranlib
ac_cv_prog_ac_ct_STRIP=strip
ac_cv_prog_cc_g=yes
ac_cv_prog_cc_stdc=
ac_cv_prog_cxx_g=yes
ac_cv_prog_egrep='grep -E'
ac_cv_prog_f77_g=yes
ac_cv_prog_make_make_set=yes
am_cv_CC_dependencies_compiler_type=gcc3
am_cv_CXX_dependencies_compiler_type=gcc3
lt_cv_deplibs_check_method=pass_all
lt_cv_file_magic_cmd='$MAGIC_CMD'
lt_cv_file_magic_test_file=
lt_cv_ld_reload_flag=-r
lt_cv_objdir=.libs
lt_cv_path_LD=/usr/x86_64-suse-linux/bin/ld
lt_cv_path_LDCXX='/usr/x86_64-suse-linux/bin/ld -m elf_x86_64'
lt_cv_path_NM='/usr/bin/nm -B'
lt_cv_path_SED=/usr/bin/sed
lt_cv_prog_compiler_c_o=yes
lt_cv_prog_compiler_c_o_CXX=yes
lt_cv_prog_compiler_c_o_F77=yes
lt_cv_prog_compiler_rtti_exceptions=no
lt_cv_prog_gnu_ld=yes
lt_cv_prog_gnu_ldcxx=yes
lt_cv_sys_global_symbol_pipe='sed -n -e '\''s/^.*[ 	]\([ABCDGIRSTW][ABCDGIRSTW]*\)[ 	][ 	]*\([_A-Za-z][_A-Za-z0-9]*\)$/\1 \2 \2/p'\'''
lt_cv_sys_global_symbol_to_c_name_address='sed -n -e '\''s/^: \([^ ]*\) $/  {\"\1\", (lt_ptr) 0},/p'\'' -e '\''s/^[BCDEGRST] \([^ ]*\) \([^ ]*\)$/  {"\2", (lt_ptr) \&\2},/p'\'''
lt_cv_sys_global_symbol_to_cdecl='sed -n -e '\''s/^. .* \(.*\)$/extern int \1;/p'\'''
lt_cv_sys_max_cmd_len=32768
lt_lt_cv_prog_compiler_c_o='"yes"'
lt_lt_cv_prog_compiler_c_o_CXX='"yes"'
lt_lt_cv_prog_compiler_c_o_F77='"yes"'
lt_lt_cv_sys_global_symbol_pipe='"sed -n -e '\''s/^.*[ 	]\\([ABCDGIRSTW][ABCDGIRSTW]*\\)[ 	][ 	]*\\([_A-Za-z][_A-Za-z0-9]*\\)\$/\\1 \\2 \\2/p'\''"'
lt_lt_cv_sys_global_symbol_to_c_name_address='"sed -n -e '\''s/^: \\([^ ]*\\) \$/  {\\\"\\1\\\", (lt_ptr) 0},/p'\'' -e '\''s/^[BCDEGRST] \\([^ ]*\\) \\([^ ]*\\)\$/  {\"\\2\", (lt_ptr) \\&\\2},/p'\''"'
lt_lt_cv_sys_global_symbol_to_cdecl='"sed -n -e '\''s/^. .* \\(.*\\)\$/extern int \\1;/p'\''"'

## ----------------- ##
## Output variables. ##
## ----------------- ##

ACLOCAL='${SHELL} /home/clayton/.xchat2-dev/otr/xchat-otr-0.3-2.2.src/libotr2/missing --run aclocal-1.9'
AMDEPBACKSLASH='\'
AMDEP_FALSE='#'
AMDEP_TRUE=''
AMTAR='${SHELL} /home/clayton/.xchat2-dev/otr/xchat-otr-0.3-2.2.src/libotr2/missing --run tar'
AR='ar'
AUTOCONF='${SHELL} /home/clayton/.xchat2-dev/otr/xchat-otr-0.3-2.2.src/libotr2/missing --run autoconf'
AUTOHEADER='${SHELL} /home/clayton/.xchat2-dev/otr/xchat-otr-0.3-2.2.src/libotr2/missing --run autoheader'
AUTOMAKE='${SHELL} /home/clayton/.xchat2-dev/otr/xchat-otr-0.3-2.2.src/libotr2/missing --run automake-1.9'
AWK='gawk'
CC='gcc'
CCDEPMODE='depmode=gcc3'
CFLAGS='-g -O2'
CPP='gcc -E'
CPPFLAGS=''
CXX='g++'
CXXCPP='g++ -E'
CXXDEPMODE='depmode=gcc3'
CXXFLAGS='-g -O2'
CYGPATH_W='echo'
DEFS='-DHAVE_CONFIG_H'
DEPDIR='.deps'
ECHO='echo'
ECHO_C=''
ECHO_N='-n'
ECHO_T=''
EGREP='grep -E'
EXEEXT=''
F77='gfortran'
FFLAGS='-g -O2'
INSTALL_DATA='${INSTALL} -m 644'
INSTALL_PROGRAM='${INSTALL}'
INSTALL_SCRIPT='${INSTALL}'
INSTALL_STRIP_PROGRAM='${SHELL} $(install_sh) -c -s'
LDFLAGS=''
LIBGCRYPT_CFLAGS=''
LIBGCRYPT_CONFIG='/usr/bin/libgcrypt-config'
LIBGCRYPT_LIBS='-L/usr/lib64 -lgcrypt -ldl -lgpg-error'
LIBOBJS=''
LIBOTR_LIBTOOL_VERSION='4:0:2'
LIBS=''
LIBTOOL='$(SHELL) $(top_builddir)/libtool'
LN_S='ln -s'
LTLIBOBJS=''
MAKEINFO='${SHELL} /home/clayton/.xchat2-dev/otr/xchat-otr-0.3-2.2.src/libotr2/missing --run makeinfo'
OBJEXT='o'
PACKAGE='libotr'
PACKAGE_BUGREPORT=''
PACKAGE_NAME=''
PACKAGE_STRING=''
PACKAGE_TARNAME=''
PACKAGE_VERSION=''
PATH_SEPARATOR=':'
RANLIB='ranlib'
SET_MAKE=''
SHELL='/bin/sh'
STRIP='strip'
VERSION='3.2.0'
ac_ct_AR='ar'
ac_ct_CC='gcc'
ac_ct_CXX='g++'
ac_ct_F77='gfortran'
ac_ct_RANLIB='ranlib'
ac_ct_STRIP='strip'
am__fastdepCC_FALSE='#'
am__fastdepCC_TRUE=''
am__fastdepCXX_FALSE='#'
am__fastdepCXX_TRUE=''
am__include='include'
am__leading_dot='.'
am__quote=''
am__tar='${AMTAR} chof - "$$tardir"'
am__untar='${AMTAR} xf -'
bindir='${exec_prefix}/bin'
build='x86_64-unknown-linux-gnu'
build_alias=''
build_cpu='x86_64'
build_os='linux-gnu'
build_vendor='unknown'
datadir='${prefix}/share'
exec_prefix='${prefix}'
host='x86_64-unknown-linux-gnu'
host_alias=''
host_cpu='x86_64'
host_os='linux-gnu'
host_vendor='unknown'
includedir='${prefix}/include'
infodir='${prefix}/info'
install_sh='/home/clayton/.xchat2-dev/otr/xchat-otr-0.3-2.2.src/libotr2/install-sh'
libdir='${exec_prefix}/lib64'
libexecdir='${exec_prefix}/lib'
localstatedir='${prefix}/var'
mandir='${prefix}/man'
mkdir_p='mkdir -p --'
oldincludedir='/usr/include'
prefix='/usr/local'
program_transform_name='s,x,x,'
sbindir='${exec_prefix}/sbin'
sharedstatedir='${prefix}/com'
sysconfdir='${prefix}/etc'
target_alias=''

## ----------- ##
## confdefs.h. ##
## ----------- ##

#define HAVE_DLFCN_H 1
#define HAVE_INTTYPES_H 1
#define HAVE_MEMORY_H 1
#define HAVE_STDINT_H 1
#define HAVE_STDLIB_H 1
#define HAVE_STRINGS_H 1
#define HAVE_STRING_H 1
#define HAVE_SYS_STAT_H 1
#define HAVE_SYS_TYPES_H 1
#define HAVE_UNISTD_H 1
#define PACKAGE "libotr"
#define PACKAGE_BUGREPORT ""
#define PACKAGE_NAME ""
#define PACKAGE_STRING ""
#define PACKAGE_TARNAME ""
#define PACKAGE_VERSION ""
#define STDC_HEADERS 1
#define VERSION "3.2.0"
#endif
#ifdef __cplusplus
extern "C" void exit (int) throw ();

configure: exit 0
