This file contains any messages produced by compilers while
running configure, to aid debugging if configure makes a mistake.

It was created by configure, which was
generated by GNU Autoconf 2.65.  Invocation command line was

  $ ./configure 

## --------- ##
## Platform. ##
## --------- ##

hostname = linux-9ead
uname -m = x86_64
uname -r = 3.11.10-21-desktop
uname -s = Linux
uname -v = #1 SMP PREEMPT Mon Jul 21 15:28:46 UTC 2014 (9a9565d)

/usr/bin/uname -p = x86_64
/bin/uname -X     = unknown

/bin/arch              = x86_64
/usr/bin/arch -k       = unknown
/usr/convex/getsysinfo = unknown
/usr/bin/hostinfo      = unknown
/bin/machine           = unknown
/usr/bin/oslevel       = unknown
/bin/universe          = unknown

PATH: /usr/lib64/mpi/gcc/openmpi/bin
PATH: /usr/local/bin
PATH: /usr/bin
PATH: /bin
PATH: /usr/bin/X11
PATH: /usr/X11R6/bin
PATH: /usr/games
PATH: /opt/kde3/bin
PATH: /opt/cross/bin
PATH: /usr/lib/mit/bin
PATH: /usr/lib/mit/sbin
PATH: /usr/lib/qt3/bin


## ----------- ##
## Core tests. ##
## ----------- ##

configure:2127: loading site script /usr/share/site/x86_64-unknown-linux-gnu
| #!/bin/sh
| # Site script for configure. It is resourced via $CONFIG_SITE environment varaible.
| 
| # If user did not specify libdir, guess the correct target:
| # Use lib64 for 64 bit bi-arch targets, keep the default for the rest.
| if test "$libdir" = '${exec_prefix}/lib' ; then
| 
| 	ac_config_site_64bit_host=NONE
| 
| 	case "$host" in
| 	"" )
| 		# User did not specify host target.
| 		# The native platform x86_64 is a bi-arch platform.
| 		# Try to detect cross-compilation to inferior architecture.
| 
| 		# We are trying to guess 32-bit target compilation. It's not as easy as
| 		# it sounds, as there is possible several intermediate combinations.
| 		ac_config_site_cross_to_32bit_host=NONE
| 
| 		# User defined -m32 in CFLAGS or CXXFLAGS:
| 		# (It's sufficient for 32-bit, but alone may cause mis-behavior of some checks.)
| 		case "$CFLAGS" in
| 		*-m32*)
| 			ac_config_site_cross_to_32bit_host=YES
| 			;;
| 		esac
| 		case "$CXXFLAGS" in
| 		*-m32*)
| 			ac_config_site_cross_to_32bit_host=YES
| 			;;
| 		esac
| 
| 		# Running with linux32:
| 		# (Changes detected platform, but not the toolchain target.)
| 		case "`/bin/uname -i`" in
| 		x86_64 | ppc64 | s390x )
| 			;;
| 		* )
| 			ac_config_site_cross_to_32bit_host=YES
| 			;;
| 		esac
| 
| 		if test "x$ac_config_site_cross_to_32bit_host" = xNONE; then
| 			ac_config_site_64bit_host=YES
| 		fi
| 
| 		;;
| 	*x86_64* | *ppc64* | *s390x* )
| 		ac_config_site_64bit_host=YES
| 		;;
| 	esac
| 
| 	if test "x$ac_config_site_64bit_host" = xYES; then
| 		libdir='${exec_prefix}/lib64'
| 	fi
| fi
| 
| # If user did not specify libexecdir, set the correct target:
| # Nor FHS nor openSUSE allow prefix/libexec. Let's default to prefix/lib.
| 
| if test "$libexecdir" = '${exec_prefix}/libexec' ; then
| 	libexecdir='${exec_prefix}/lib'
| fi
| 
| # Continue with the standard behavior of configure defined in AC_SITE_LOAD:
| if test "x$prefix" != xNONE; then
| 	ac_site_file1=$prefix/share/config.site
| 	ac_site_file2=$prefix/etc/config.site
| else
| 	ac_site_file1=$ac_default_prefix/share/config.site
| 	ac_site_file2=$ac_default_prefix/etc/config.site
| fi
| for ac_site_file in "$ac_site_file1" "$ac_site_file2"
| do
| 	test "x$ac_site_file" = xNONE && continue
| 	if test /dev/null != "$ac_site_file" && test -r "$ac_site_file"; then
| 		{ $as_echo "/usr/share/site/x86_64-unknown-linux-gnu:${as_lineno-$LINENO}: loading site script $ac_site_file" >&5
| $as_echo "/usr/share/site/x86_64-unknown-linux-gnu: loading site script $ac_site_file" >&6;}
| 		sed 's/^/| /' "$ac_site_file" >&5
| 		. "$ac_site_file" \
| 			|| { { $as_echo "/usr/share/site/x86_64-unknown-linux-gnu:${as_lineno-$LINENO}: error: in \`$ac_pwd':" >&5
| $as_echo "/usr/share/site/x86_64-unknown-linux-gnu: error: in \`$ac_pwd':" >&2;}
| as_fn_error $? "failed to load site script $ac_site_file
| See \`config.log' for more details" "$LINENO" 5; }
| 	fi
| done
configure:2263: checking for a BSD-compatible install
configure:2331: result: /usr/bin/install -c
configure:2342: checking whether build environment is sane
configure:2392: result: yes
configure:2533: checking for a thread-safe mkdir -p
configure:2572: result: /usr/bin/mkdir -p
configure:2585: checking for gawk
configure:2601: found /usr/bin/gawk
configure:2612: result: gawk
configure:2623: checking whether make sets $(MAKE)
configure:2645: result: yes
configure:2777: checking for gcc
configure:2793: found /usr/bin/gcc
configure:2804: result: gcc
configure:3033: checking for C compiler version
configure:3042: gcc --version >&5
gcc (SUSE Linux) 4.8.1 20130909 [gcc-4_8-branch revision 202388]
Copyright (C) 2013 Free Software Foundation, Inc.
This is free software; see the source for copying conditions.  There is NO
warranty; not even for MERCHANTABILITY or FITNESS FOR A PARTICULAR PURPOSE.

configure:3053: $? = 0
configure:3042: gcc -v >&5
Using built-in specs.
COLLECT_GCC=gcc
COLLECT_LTO_WRAPPER=/usr/lib64/gcc/x86_64-suse-linux/4.8/lto-wrapper
Target: x86_64-suse-linux
Configured with: ../configure --prefix=/usr --infodir=/usr/share/info --mandir=/usr/share/man --libdir=/usr/lib64 --libexecdir=/usr/lib64 --enable-languages=c,c++,objc,fortran,obj-c++,java,ada --enable-checking=release --with-gxx-include-dir=/usr/include/c++/4.8 --enable-ssp --disable-libssp --disable-plugin --with-bugurl=http://bugs.opensuse.org/ --with-pkgversion='SUSE Linux' --disable-libgcj --disable-libmudflap --with-slibdir=/lib64 --with-system-zlib --enable-__cxa_atexit --enable-libstdcxx-allocator=new --disable-libstdcxx-pch --enable-version-specific-runtime-libs --enable-linker-build-id --program-suffix=-4.8 --enable-linux-futex --without-system-libunwind --with-arch-32=i586 --with-tune=generic --build=x86_64-suse-linux
Thread model: posix
gcc version 4.8.1 20130909 [gcc-4_8-branch revision 202388] (SUSE Linux) 
configure:3053: $? = 0
configure:3042: gcc -V >&5
gcc: error: unrecognized command line option '-V'
gcc: fatal error: no input files
compilation terminated.
configure:3053: $? = 1
configure:3042: gcc -qversion >&5
gcc: error: unrecognized command line option '-qversion'
gcc: fatal error: no input files
compilation terminated.
configure:3053: $? = 1
configure:3073: checking whether the C compiler works
configure:3095: gcc    conftest.c  >&5
configure:3099: $? = 0
configure:3148: result: yes
configure:3151: checking for C compiler default output file name
configure:3153: result: a.out
configure:3159: checking for suffix of executables
configure:3166: gcc -o conftest    conftest.c  >&5
configure:3170: $? = 0
configure:3192: result: 
configure:3214: checking whether we are cross compiling
configure:3222: gcc -o conftest    conftest.c  >&5
configure:3226: $? = 0
configure:3233: ./conftest
configure:3237: $? = 0
configure:3252: result: no
configure:3257: checking for suffix of object files
configure:3279: gcc -c   conftest.c >&5
configure:3283: $? = 0
configure:3304: result: o
configure:3308: checking whether we are using the GNU C compiler
configure:3327: gcc -c   conftest.c >&5
configure:3327: $? = 0
configure:3336: result: yes
configure:3345: checking whether gcc accepts -g
configure:3365: gcc -c -g  conftest.c >&5
configure:3365: $? = 0
configure:3406: result: yes
configure:3423: checking for gcc option to accept ISO C89
configure:3487: gcc  -c -g -O2  conftest.c >&5
configure:3487: $? = 0
configure:3500: result: none needed
configure:3531: checking for style of include used by make
configure:3559: result: GNU
configure:3584: checking dependency style of gcc
configure:3694: result: gcc3
configure:3740: checking build system type
configure:3754: result: x86_64-unknown-linux-gnu
configure:3774: checking host system type
configure:3787: result: x86_64-unknown-linux-gnu
configure:3807: checking for a sed that does not truncate output
configure:3871: result: /usr/bin/sed
configure:3889: checking for grep that handles long lines and -e
configure:3947: result: /usr/bin/grep
configure:3952: checking for egrep
configure:4014: result: /usr/bin/grep -E
configure:4019: checking for fgrep
configure:4081: result: /usr/bin/grep -F
configure:4116: checking for ld used by gcc
configure:4183: result: /usr/x86_64-suse-linux/bin/ld
configure:4190: checking if the linker (/usr/x86_64-suse-linux/bin/ld) is GNU ld
configure:4205: result: yes
configure:4217: checking for BSD- or MS-compatible name lister (nm)
configure:4266: result: /usr/bin/nm -B
configure:4384: checking the name lister (/usr/bin/nm -B) interface
configure:4391: gcc -c -g -O2  conftest.c >&5
configure:4394: /usr/bin/nm -B "conftest.o"
configure:4397: output
0000000000000000 B some_variable
configure:4404: result: BSD nm
configure:4407: checking whether ln -s works
configure:4411: result: yes
configure:4419: checking the maximum length of command line arguments
configure:4539: result: 1572864
configure:4556: checking whether the shell understands some XSI constructs
configure:4566: result: yes
configure:4570: checking whether the shell understands "+="
configure:4576: result: yes
configure:4611: checking for /usr/x86_64-suse-linux/bin/ld option to reload object files
configure:4618: result: -r
configure:4687: checking for objdump
configure:4703: found /usr/bin/objdump
configure:4714: result: objdump
configure:4746: checking how to recognize dependent libraries
configure:4942: result: pass_all
configure:5002: checking for ar
configure:5018: found /usr/bin/ar
configure:5029: result: ar
configure:5107: checking for strip
configure:5123: found /usr/bin/strip
configure:5134: result: strip
configure:5206: checking for ranlib
configure:5222: found /usr/bin/ranlib
configure:5233: result: ranlib
configure:5323: checking command to parse /usr/bin/nm -B output from gcc object
configure:5441: gcc -c -g -O2  conftest.c >&5
configure:5444: $? = 0
configure:5448: /usr/bin/nm -B conftest.o \| sed -n -e 's/^.*[	 ]\([ABCDGIRSTW][ABCDGIRSTW]*\)[	 ][	 ]*\([_A-Za-z][_A-Za-z0-9]*\)$/\1 \2 \2/p' \> conftest.nm
configure:5451: $? = 0
configure:5505: gcc -o conftest -g -O2   conftest.c conftstm.o >&5
configure:5508: $? = 0
configure:5546: result: ok
configure:5642: gcc -c -g -O2  conftest.c >&5
configure:5645: $? = 0
configure:6355: checking how to run the C preprocessor
configure:6386: gcc -E  conftest.c
configure:6386: $? = 0
configure:6400: gcc -E  conftest.c
conftest.c:11:28: fatal error: ac_nonexistent.h: No such file or directory
 #include <ac_nonexistent.h>
                            ^
compilation terminated.
configure:6400: $? = 1
configure: failed program was:
| /* confdefs.h */
| #define PACKAGE_NAME ""
| #define PACKAGE_TARNAME ""
| #define PACKAGE_VERSION ""
| #define PACKAGE_STRING ""
| #define PACKAGE_BUGREPORT ""
| #define PACKAGE_URL ""
| #define PACKAGE "libotr"
| #define VERSION "4.0.0"
| /* end confdefs.h.  */
| #include <ac_nonexistent.h>
configure:6425: result: gcc -E
configure:6445: gcc -E  conftest.c
configure:6445: $? = 0
configure:6459: gcc -E  conftest.c
conftest.c:11:28: fatal error: ac_nonexistent.h: No such file or directory
 #include <ac_nonexistent.h>
                            ^
compilation terminated.
configure:6459: $? = 1
configure: failed program was:
| /* confdefs.h */
| #define PACKAGE_NAME ""
| #define PACKAGE_TARNAME ""
| #define PACKAGE_VERSION ""
| #define PACKAGE_STRING ""
| #define PACKAGE_BUGREPORT ""
| #define PACKAGE_URL ""
| #define PACKAGE "libotr"
| #define VERSION "4.0.0"
| /* end confdefs.h.  */
| #include <ac_nonexistent.h>
configure:6488: checking for ANSI C header files
configure:6508: gcc -c -g -O2  conftest.c >&5
configure:6508: $? = 0
configure:6581: gcc -o conftest -g -O2   conftest.c  >&5
configure:6581: $? = 0
configure:6581: ./conftest
configure:6581: $? = 0
configure:6592: result: yes
configure:6605: checking for sys/types.h
configure:6605: gcc -c -g -O2  conftest.c >&5
configure:6605: $? = 0
configure:6605: result: yes
configure:6605: checking for sys/stat.h
configure:6605: gcc -c -g -O2  conftest.c >&5
configure:6605: $? = 0
configure:6605: result: yes
configure:6605: checking for stdlib.h
configure:6605: gcc -c -g -O2  conftest.c >&5
configure:6605: $? = 0
configure:6605: result: yes
configure:6605: checking for string.h
configure:6605: gcc -c -g -O2  conftest.c >&5
configure:6605: $? = 0
configure:6605: result: yes
configure:6605: checking for memory.h
configure:6605: gcc -c -g -O2  conftest.c >&5
configure:6605: $? = 0
configure:6605: result: yes
configure:6605: checking for strings.h
configure:6605: gcc -c -g -O2  conftest.c >&5
configure:6605: $? = 0
configure:6605: result: yes
configure:6605: checking for inttypes.h
configure:6605: gcc -c -g -O2  conftest.c >&5
configure:6605: $? = 0
configure:6605: result: yes
configure:6605: checking for stdint.h
configure:6605: gcc -c -g -O2  conftest.c >&5
configure:6605: $? = 0
configure:6605: result: yes
configure:6605: checking for unistd.h
configure:6605: gcc -c -g -O2  conftest.c >&5
configure:6605: $? = 0
configure:6605: result: yes
configure:6620: checking for dlfcn.h
configure:6620: gcc -c -g -O2  conftest.c >&5
configure:6620: $? = 0
configure:6620: result: yes
configure:6804: checking for objdir
configure:6819: result: .libs
configure:7111: checking if gcc supports -fno-rtti -fno-exceptions
configure:7129: gcc -c -g -O2  -fno-rtti -fno-exceptions conftest.c >&5
cc1: warning: command line option '-fno-rtti' is valid for C++/ObjC++ but not for C [enabled by default]
configure:7133: $? = 0
configure:7146: result: no
configure:7166: checking for gcc option to produce PIC
configure:7438: result: -fPIC -DPIC
configure:7450: checking if gcc PIC flag -fPIC -DPIC works
configure:7468: gcc -c -g -O2  -fPIC -DPIC -DPIC conftest.c >&5
configure:7472: $? = 0
configure:7485: result: yes
configure:7509: checking if gcc static flag -static works
configure:7537: result: yes
configure:7552: checking if gcc supports -c -o file.o
configure:7573: gcc -c -g -O2  -o out/conftest2.o conftest.c >&5
configure:7577: $? = 0
configure:7599: result: yes
configure:7607: checking if gcc supports -c -o file.o
configure:7654: result: yes
configure:7687: checking whether the gcc linker (/usr/x86_64-suse-linux/bin/ld -m elf_x86_64) supports shared libraries
configure:8678: result: yes
configure:8715: checking whether -lc should be explicitly linked in
configure:8720: gcc -c -g -O2  conftest.c >&5
configure:8723: $? = 0
configure:8738: gcc -shared conftest.o  -v -Wl,-soname -Wl,conftest -o conftest 2\>\&1 \| /usr/bin/grep  -lc  \>/dev/null 2\>\&1
configure:8741: $? = 0
configure:8753: result: no
configure:8917: checking dynamic linker characteristics
configure:9350: gcc -o conftest -g -O2   -Wl,-rpath -Wl,/foo conftest.c  >&5
configure:9350: $? = 0
configure:9580: result: GNU/Linux ld.so
configure:9682: checking how to hardcode library paths into programs
configure:9707: result: immediate
configure:10227: checking whether stripping libraries is possible
configure:10232: result: yes
configure:10267: checking if libtool supports shared libraries
configure:10269: result: yes
configure:10272: checking whether to build shared libraries
configure:10293: result: yes
configure:10296: checking whether to build static libraries
configure:10300: result: yes
configure:10352: checking for libgcrypt-config
configure:10370: found /usr/bin/libgcrypt-config
configure:10383: result: /usr/bin/libgcrypt-config
configure:10400: checking for LIBGCRYPT - version >= 1.2.0
configure:10434: result: yes (1.5.4)
configure:10446: checking LIBGCRYPT API version
configure:10449: result: okay
configure:10477: checking for win32
configure:10499: gcc -o conftest -g -O2   conftest.c  >&5
configure:10499: $? = 0
configure:10499: ./conftest
configure:10499: $? = 2
configure: program exited with status 2
configure: failed program was:
| /* confdefs.h */
| #define PACKAGE_NAME ""
| #define PACKAGE_TARNAME ""
| #define PACKAGE_VERSION ""
| #define PACKAGE_STRING ""
| #define PACKAGE_BUGREPORT ""
| #define PACKAGE_URL ""
| #define PACKAGE "libotr"
| #define VERSION "4.0.0"
| #define STDC_HEADERS 1
| #define HAVE_SYS_TYPES_H 1
| #define HAVE_SYS_STAT_H 1
| #define HAVE_STDLIB_H 1
| #define HAVE_STRING_H 1
| #define HAVE_MEMORY_H 1
| #define HAVE_STRINGS_H 1
| #define HAVE_INTTYPES_H 1
| #define HAVE_STDINT_H 1
| #define HAVE_UNISTD_H 1
| #define HAVE_DLFCN_H 1
| #define LT_OBJDIR ".libs/"
| /* end confdefs.h.  */
| 
| int main(int c, char **v) {
| #ifdef _WIN32
| #if _WIN32
|   return 0;
| #else
|   return 1;
| #endif
| #else
|   return 2;
| #endif
| }
configure:10503: result: no
configure:10575: gcc -c -g -O2  conftest.c >&5
conftest.c: In function 'main':
conftest.c:29:2: error: #error 
 #error
  ^
configure:10575: $? = 1
configure: failed program was:
| /* confdefs.h */
| #define PACKAGE_NAME ""
| #define PACKAGE_TARNAME ""
| #define PACKAGE_VERSION ""
| #define PACKAGE_STRING ""
| #define PACKAGE_BUGREPORT ""
| #define PACKAGE_URL ""
| #define PACKAGE "libotr"
| #define VERSION "4.0.0"
| #define STDC_HEADERS 1
| #define HAVE_SYS_TYPES_H 1
| #define HAVE_SYS_STAT_H 1
| #define HAVE_STDLIB_H 1
| #define HAVE_STRING_H 1
| #define HAVE_MEMORY_H 1
| #define HAVE_STRINGS_H 1
| #define HAVE_INTTYPES_H 1
| #define HAVE_STDINT_H 1
| #define HAVE_UNISTD_H 1
| #define HAVE_DLFCN_H 1
| #define LT_OBJDIR ".libs/"
| /* end confdefs.h.  */
| 
| int
| main ()
| {
| 
| #if !defined(__clang__)
| #error
| #endif
| 
|   ;
|   return 0;
| }
configure:10625: checking whether the compiler accepts -fstack-protector-all
configure:10644: gcc -c -g -O2 -D_FORTIFY_SOURCE=2 -pedantic -Werror -fstack-protector-all  conftest.c >&5
configure:10644: $? = 0
configure:10653: result: yes
configure:10662: checking whether the compiler accepts -Wstack-protector
configure:10681: gcc -c -g -O2 -D_FORTIFY_SOURCE=2 -fstack-protector-all -pedantic -Werror -Wstack-protector  conftest.c >&5
configure:10681: $? = 0
configure:10690: result: yes
configure:10699: checking whether the compiler accepts -fwrapv
configure:10718: gcc -c -g -O2 -D_FORTIFY_SOURCE=2 -fstack-protector-all -Wstack-protector -pedantic -Werror -fwrapv  conftest.c >&5
configure:10718: $? = 0
configure:10727: result: yes
configure:10737: checking whether the compiler accepts -fno-strict-overflow
configure:10756: gcc -c -g -O2 -D_FORTIFY_SOURCE=2 -fstack-protector-all -Wstack-protector -fwrapv -pedantic -Werror -fno-strict-overflow  conftest.c >&5
configure:10756: $? = 0
configure:10765: result: yes
configure:10774: checking whether the compiler accepts -Wall
configure:10793: gcc -c -g -O2 -D_FORTIFY_SOURCE=2 -fstack-protector-all -Wstack-protector -fwrapv -fno-strict-overflow -pedantic -Werror -Wall  conftest.c >&5
configure:10793: $? = 0
configure:10802: result: yes
configure:10811: checking whether the compiler accepts -Wextra -Wno-unused-parameter
configure:10830: gcc -c -g -O2 -D_FORTIFY_SOURCE=2 -fstack-protector-all -Wstack-protector -fwrapv -fno-strict-overflow -Wall -pedantic -Werror -Wextra -Wno-unused-parameter  conftest.c >&5
configure:10830: $? = 0
configure:10839: result: yes
configure:10848: checking whether the compiler accepts -Wformat-security
configure:10867: gcc -c -g -O2 -D_FORTIFY_SOURCE=2 -fstack-protector-all -Wstack-protector -fwrapv -fno-strict-overflow -Wall -Wextra -Wno-unused-parameter -pedantic -Werror -Wformat-security  conftest.c >&5
configure:10867: $? = 0
configure:10876: result: yes
configure:10886: checking whether the compiler accepts --param ssp-buffer-size=1
configure:10905: gcc -c -g -O2 -D_FORTIFY_SOURCE=2 -fstack-protector-all -Wstack-protector -fwrapv -fno-strict-overflow -Wall -Wextra -Wno-unused-parameter -Wformat-security -pedantic -Werror --param ssp-buffer-size=1  conftest.c >&5
configure:10905: $? = 0
configure:10914: result: yes
configure:10924: checking whether the compiler accepts -fPIE
configure:10943: gcc -c -g -O2 -D_FORTIFY_SOURCE=2 -fstack-protector-all -Wstack-protector -fwrapv -fno-strict-overflow -Wall -Wextra -Wno-unused-parameter -Wformat-security --param ssp-buffer-size=1 -pedantic -Werror -fPIE  conftest.c >&5
configure:10943: $? = 0
configure:10952: result: yes
configure:10961: checking whether the linker accepts -pie
configure:11004: gcc -o conftest -g -O2 -D_FORTIFY_SOURCE=2 -fstack-protector-all -Wstack-protector -fwrapv -fno-strict-overflow -Wall -Wextra -Wno-unused-parameter -Wformat-security --param ssp-buffer-size=1 -fPIE -pedantic -Werror    -pie conftest.c  -L/usr/lib64 -lgcrypt -ldl -lgpg-error >&5
configure:11004: $? = 0
configure:11004: ./conftest
configure:11004: $? = 0
configure:11018: result: yes
configure:11267: checking whether the linker accepts -z relro -z now
configure:11310: gcc -o conftest -g -O2 -D_FORTIFY_SOURCE=2 -fstack-protector-all -Wstack-protector -fwrapv -fno-strict-overflow -Wall -Wextra -Wno-unused-parameter -Wformat-security --param ssp-buffer-size=1 -fPIE -pedantic -Werror   -pie  -z relro -z now conftest.c  -L/usr/lib64 -lgcrypt -ldl -lgpg-error >&5
configure:11310: $? = 0
configure:11310: ./conftest
configure:11310: $? = 0
configure:11324: result: yes
configure:11457: creating ./config.status

## ---------------------- ##
## Running config.status. ##
## ---------------------- ##

This file was extended by config.status, which was
generated by GNU Autoconf 2.65.  Invocation command line was

  CONFIG_FILES    = 
  CONFIG_HEADERS  = 
  CONFIG_LINKS    = 
  CONFIG_COMMANDS = 
  $ ./config.status 

on linux-9ead

config.status:1072: creating Makefile
config.status:1072: creating src/Makefile
config.status:1072: creating toolkit/Makefile
config.status:1072: creating libotr.pc
config.status:1072: creating config.h
config.status:1244: config.h is unchanged
config.status:1292: executing depfiles commands
config.status:1292: executing libtool commands

## ---------------- ##
## Cache variables. ##
## ---------------- ##

ac_cv_build=x86_64-unknown-linux-gnu
ac_cv_c_compiler_gnu=yes
ac_cv_env_CC_set=
ac_cv_env_CC_value=
ac_cv_env_CFLAGS_set=
ac_cv_env_CFLAGS_value=
ac_cv_env_CPPFLAGS_set=
ac_cv_env_CPPFLAGS_value=
ac_cv_env_CPP_set=
ac_cv_env_CPP_value=
ac_cv_env_LDFLAGS_set=
ac_cv_env_LDFLAGS_value=
ac_cv_env_LIBS_set=
ac_cv_env_LIBS_value=
ac_cv_env_build_alias_set=
ac_cv_env_build_alias_value=
ac_cv_env_host_alias_set=
ac_cv_env_host_alias_value=
ac_cv_env_target_alias_set=
ac_cv_env_target_alias_value=
ac_cv_header_dlfcn_h=yes
ac_cv_header_inttypes_h=yes
ac_cv_header_memory_h=yes
ac_cv_header_stdc=yes
ac_cv_header_stdint_h=yes
ac_cv_header_stdlib_h=yes
ac_cv_header_string_h=yes
ac_cv_header_strings_h=yes
ac_cv_header_sys_stat_h=yes
ac_cv_header_sys_types_h=yes
ac_cv_header_unistd_h=yes
ac_cv_host=x86_64-unknown-linux-gnu
ac_cv_objext=o
ac_cv_path_EGREP='/usr/bin/grep -E'
ac_cv_path_FGREP='/usr/bin/grep -F'
ac_cv_path_GREP=/usr/bin/grep
ac_cv_path_LIBGCRYPT_CONFIG=/usr/bin/libgcrypt-config
ac_cv_path_SED=/usr/bin/sed
ac_cv_path_install='/usr/bin/install -c'
ac_cv_path_mkdir=/usr/bin/mkdir
ac_cv_prog_AWK=gawk
ac_cv_prog_CPP='gcc -E'
ac_cv_prog_ac_ct_AR=ar
ac_cv_prog_ac_ct_CC=gcc
ac_cv_prog_ac_ct_OBJDUMP=objdump
ac_cv_prog_ac_ct_RANLIB=ranlib
ac_cv_prog_ac_ct_STRIP=strip
ac_cv_prog_cc_c89=
ac_cv_prog_cc_g=yes
ac_cv_prog_make_make_set=yes
am_cv_CC_dependencies_compiler_type=gcc3
lt_cv_deplibs_check_method=pass_all
lt_cv_file_magic_cmd='$MAGIC_CMD'
lt_cv_file_magic_test_file=
lt_cv_ld_reload_flag=-r
lt_cv_nm_interface='BSD nm'
lt_cv_objdir=.libs
lt_cv_path_LD=/usr/x86_64-suse-linux/bin/ld
lt_cv_path_NM='/usr/bin/nm -B'
lt_cv_prog_compiler_c_o=yes
lt_cv_prog_compiler_pic_works=yes
lt_cv_prog_compiler_rtti_exceptions=no
lt_cv_prog_compiler_static_works=yes
lt_cv_prog_gnu_ld=yes
lt_cv_sys_global_symbol_pipe='sed -n -e '\''s/^.*[	 ]\([ABCDGIRSTW][ABCDGIRSTW]*\)[	 ][	 ]*\([_A-Za-z][_A-Za-z0-9]*\)$/\1 \2 \2/p'\'''
lt_cv_sys_global_symbol_to_c_name_address='sed -n -e '\''s/^: \([^ ]*\) $/  {\"\1\", (void *) 0},/p'\'' -e '\''s/^[ABCDGIRSTW]* \([^ ]*\) \([^ ]*\)$/  {"\2", (void *) \&\2},/p'\'''
lt_cv_sys_global_symbol_to_c_name_address_lib_prefix='sed -n -e '\''s/^: \([^ ]*\) $/  {\"\1\", (void *) 0},/p'\'' -e '\''s/^[ABCDGIRSTW]* \([^ ]*\) \(lib[^ ]*\)$/  {"\2", (void *) \&\2},/p'\'' -e '\''s/^[ABCDGIRSTW]* \([^ ]*\) \([^ ]*\)$/  {"lib\2", (void *) \&\2},/p'\'''
lt_cv_sys_global_symbol_to_cdecl='sed -n -e '\''s/^T .* \(.*\)$/extern int \1();/p'\'' -e '\''s/^[ABCDGIRSTW]* .* \(.*\)$/extern char \1;/p'\'''
lt_cv_sys_max_cmd_len=1572864
otr_cv_cflags__Wall=yes
otr_cv_cflags__Wextra__Wno_unused_parameter=yes
otr_cv_cflags__Wformat_security=yes
otr_cv_cflags__Wstack_protector=yes
otr_cv_cflags___param_ssp_buffer_size_1=yes
otr_cv_cflags__fPIE=yes
otr_cv_cflags__fno_strict_overflow=yes
otr_cv_cflags__fstack_protector_all=yes
otr_cv_cflags__fwrapv=yes
otr_cv_ldflags__pie=yes
otr_cv_ldflags__z_relro__z_now=yes

## ----------------- ##
## Output variables. ##
## ----------------- ##

ACLOCAL='${SHELL} /home/clayton/.xchat2-dev/otr/libotr-4.0.0/missing --run aclocal-1.11'
AMDEPBACKSLASH='\'
AMDEP_FALSE='#'
AMDEP_TRUE=''
AMTAR='${SHELL} /home/clayton/.xchat2-dev/otr/libotr-4.0.0/missing --run tar'
AR='ar'
AUTOCONF='${SHELL} /home/clayton/.xchat2-dev/otr/libotr-4.0.0/missing --run autoconf'
AUTOHEADER='${SHELL} /home/clayton/.xchat2-dev/otr/libotr-4.0.0/missing --run autoheader'
AUTOMAKE='${SHELL} /home/clayton/.xchat2-dev/otr/libotr-4.0.0/missing --run automake-1.11'
AWK='gawk'
BUILD_NT_SERVICES_FALSE=''
BUILD_NT_SERVICES_TRUE='#'
CC='gcc'
CCDEPMODE='depmode=gcc3'
CFLAGS='-g -O2 -D_FORTIFY_SOURCE=2 -fstack-protector-all -Wstack-protector -fwrapv -fno-strict-overflow -Wall -Wextra -Wno-unused-parameter -Wformat-security --param ssp-buffer-size=1 -fPIE'
CPP='gcc -E'
CPPFLAGS=''
CYGPATH_W='echo'
DEFS='-DHAVE_CONFIG_H'
DEPDIR='.deps'
DSYMUTIL=''
DUMPBIN=''
ECHO_C=''
ECHO_N='-n'
ECHO_T=''
EGREP='/usr/bin/grep -E'
EXEEXT=''
FGREP='/usr/bin/grep -F'
GREP='/usr/bin/grep'
INSTALL_DATA='${INSTALL} -m 644'
INSTALL_PROGRAM='${INSTALL}'
INSTALL_SCRIPT='${INSTALL}'
INSTALL_STRIP_PROGRAM='$(install_sh) -c -s'
LD='/usr/x86_64-suse-linux/bin/ld -m elf_x86_64'
LDFLAGS=' -pie -z relro -z now'
LIBGCRYPT_CFLAGS=''
LIBGCRYPT_CONFIG='/usr/bin/libgcrypt-config'
LIBGCRYPT_LIBS='-L/usr/lib64 -lgcrypt -ldl -lgpg-error'
LIBOBJS=''
LIBOTR_LIBTOOL_VERSION='5:0:0'
LIBS=''
LIBTOOL='$(SHELL) $(top_builddir)/libtool'
LIPO=''
LN_S='ln -s'
LTLIBOBJS=''
MAKEINFO='${SHELL} /home/clayton/.xchat2-dev/otr/libotr-4.0.0/missing --run makeinfo'
MKDIR_P='/usr/bin/mkdir -p'
NM='/usr/bin/nm -B'
NMEDIT=''
OBJDUMP='objdump'
OBJEXT='o'
OTOOL64=''
OTOOL=''
PACKAGE='libotr'
PACKAGE_BUGREPORT=''
PACKAGE_NAME=''
PACKAGE_STRING=''
PACKAGE_TARNAME=''
PACKAGE_URL=''
PACKAGE_VERSION=''
PATH_SEPARATOR=':'
RANLIB='ranlib'
SED='/usr/bin/sed'
SET_MAKE=''
SHELL='/bin/sh'
STRIP='strip'
VERSION='4.0.0'
ac_ct_CC='gcc'
ac_ct_DUMPBIN=''
am__EXEEXT_FALSE=''
am__EXEEXT_TRUE='#'
am__fastdepCC_FALSE='#'
am__fastdepCC_TRUE=''
am__include='include'
am__isrc=''
am__leading_dot='.'
am__quote=''
am__tar='${AMTAR} chof - "$$tardir"'
am__untar='${AMTAR} xf -'
bindir='${exec_prefix}/bin'
build='x86_64-unknown-linux-gnu'
build_alias=''
build_cpu='x86_64'
build_os='linux-gnu'
build_vendor='unknown'
datadir='${datarootdir}'
datarootdir='${prefix}/share'
docdir='${datarootdir}/doc/${PACKAGE}'
dvidir='${docdir}'
exec_prefix='${prefix}'
host='x86_64-unknown-linux-gnu'
host_alias=''
host_cpu='x86_64'
host_os='linux-gnu'
host_vendor='unknown'
htmldir='${docdir}'
includedir='${prefix}/include'
infodir='${datarootdir}/info'
install_sh='${SHELL} /home/clayton/.xchat2-dev/otr/libotr-4.0.0/install-sh'
libdir='${exec_prefix}/lib64'
libexecdir='${exec_prefix}/lib'
localedir='${datarootdir}/locale'
localstatedir='${prefix}/var'
lt_ECHO='echo'
mandir='${datarootdir}/man'
mkdir_p='/usr/bin/mkdir -p'
oldincludedir='/usr/include'
pdfdir='${docdir}'
prefix='/usr/local'
program_transform_name='s,x,x,'
psdir='${docdir}'
sbindir='${exec_prefix}/sbin'
sharedstatedir='${prefix}/com'
sysconfdir='${prefix}/etc'
target_alias=''

## ----------- ##
## confdefs.h. ##
## ----------- ##

/* confdefs.h */
#define PACKAGE_NAME ""
#define PACKAGE_TARNAME ""
#define PACKAGE_VERSION ""
#define PACKAGE_STRING ""
#define PACKAGE_BUGREPORT ""
#define PACKAGE_URL ""
#define PACKAGE "libotr"
#define VERSION "4.0.0"
#define STDC_HEADERS 1
#define HAVE_SYS_TYPES_H 1
#define HAVE_SYS_STAT_H 1
#define HAVE_STDLIB_H 1
#define HAVE_STRING_H 1
#define HAVE_MEMORY_H 1
#define HAVE_STRINGS_H 1
#define HAVE_INTTYPES_H 1
#define HAVE_STDINT_H 1
#define HAVE_UNISTD_H 1
#define HAVE_DLFCN_H 1
#define LT_OBJDIR ".libs/"

configure: exit 0
