This file contains any messages produced by compilers while
running configure, to aid debugging if configure makes a mistake.

It was created by GeoIP configure 1.4.6, which was
generated by GNU Autoconf 2.62.  Invocation command line was

  $ ./configure 

## --------- ##
## Platform. ##
## --------- ##

hostname = linux-u5j7
uname -m = x86_64
uname -r = 4.9.3-1-default
uname -s = Linux
uname -v = #1 SMP PREEMPT Thu Jan 12 11:32:53 UTC 2017 (2c7dfab)

/usr/bin/uname -p = x86_64
/bin/uname -X     = unknown

/bin/arch              = x86_64
/usr/bin/arch -k       = unknown
/usr/convex/getsysinfo = unknown
/usr/bin/hostinfo      = unknown
/bin/machine           = unknown
/usr/bin/oslevel       = unknown
/bin/universe          = unknown

PATH: /usr/local/bin
PATH: /usr/bin
PATH: /bin
PATH: /usr/games
PATH: /opt/kde3/bin
PATH: /usr/lib/mit/bin
PATH: /usr/lib/mit/sbin


## ----------- ##
## Core tests. ##
## ----------- ##

configure:1923: loading site script /usr/share/site/x86_64-unknown-linux-gnu
| #!/bin/sh
| # Site script for configure. It is resourced via $CONFIG_SITE environment varaible.
| 
| # If user did not specify libdir, guess the correct target:
| # Use lib64 for 64 bit bi-arch targets, keep the default for the rest.
| if test "$libdir" = '${exec_prefix}/lib' ; then
| 
| 	ac_config_site_64bit_host=NONE
| 
| 	case "$host" in
| 	"" )
| 		# User did not specify host target.
| 		# The native platform x86_64 is a bi-arch platform.
| 		# Try to detect cross-compilation to inferior architecture.
| 
| 		# We are trying to guess 32-bit target compilation. It's not as easy as
| 		# it sounds, as there is possible several intermediate combinations.
| 		ac_config_site_cross_to_32bit_host=NONE
| 
| 		# User defined -m32 in CFLAGS or CXXFLAGS or CC or CXX:
| 		# (It's sufficient for 32-bit, but alone may cause mis-behavior of some checks.)
| 		case "$CFLAGS $CXXFLAGS $CC $CXX" in
| 		*-m32*)
| 			ac_config_site_cross_to_32bit_host=YES
| 			;;
| 		esac
| 
| 		# Running with linux32:
| 		# (Changes detected platform, but not the toolchain target.)
| 		case "`/bin/uname -i`" in
| 		x86_64 | ppc64 | s390x )
| 			;;
| 		* )
| 			ac_config_site_cross_to_32bit_host=YES
| 			;;
| 		esac
| 
| 		if test "x$ac_config_site_cross_to_32bit_host" = xNONE; then
| 			ac_config_site_64bit_host=YES
| 		fi
| 
| 		;;
| 	*x86_64* | *ppc64* | *s390x* )
| 		ac_config_site_64bit_host=YES
| 		;;
| 	esac
| 
| 	if test "x$ac_config_site_64bit_host" = xYES; then
| 		libdir='${exec_prefix}/lib64'
| 	fi
| fi
| 
| # If user did not specify libexecdir, set the correct target:
| # Nor FHS nor openSUSE allow prefix/libexec. Let's default to prefix/lib.
| 
| if test "$libexecdir" = '${exec_prefix}/libexec' ; then
| 	libexecdir='${exec_prefix}/lib'
| fi
| 
| # Continue with the standard behavior of configure defined in AC_SITE_LOAD:
| if test "x$prefix" != xNONE; then
| 	ac_site_file1=$prefix/share/config.site
| 	ac_site_file2=$prefix/etc/config.site
| else
| 	ac_site_file1=$ac_default_prefix/share/config.site
| 	ac_site_file2=$ac_default_prefix/etc/config.site
| fi
| for ac_site_file in "$ac_site_file1" "$ac_site_file2"
| do
| 	test "x$ac_site_file" = xNONE && continue
| 	if test /dev/null != "$ac_site_file" && test -r "$ac_site_file"; then
| 		{ $as_echo "/usr/share/site/x86_64-unknown-linux-gnu:${as_lineno-$LINENO}: loading site script $ac_site_file" >&5
| $as_echo "/usr/share/site/x86_64-unknown-linux-gnu: loading site script $ac_site_file" >&6;}
| 		sed 's/^/| /' "$ac_site_file" >&5
| 		. "$ac_site_file" \
| 			|| { { $as_echo "/usr/share/site/x86_64-unknown-linux-gnu:${as_lineno-$LINENO}: error: in \`$ac_pwd':" >&5
| $as_echo "/usr/share/site/x86_64-unknown-linux-gnu: error: in \`$ac_pwd':" >&2;}
| as_fn_error $? "failed to load site script $ac_site_file
| See \`config.log' for more details" "$LINENO" 5; }
| 	fi
| done
configure:2084: checking for gcc
configure:2100: found /usr/bin/gcc
configure:2111: result: gcc
configure:2349: checking for C compiler version
configure:2357: gcc --version >&5
gcc (SUSE Linux) 5.4.1 20160914 [gcc-5-branch revision 240129]
Copyright (C) 2015 Free Software Foundation, Inc.
This is free software; see the source for copying conditions.  There is NO
warranty; not even for MERCHANTABILITY or FITNESS FOR A PARTICULAR PURPOSE.

configure:2361: $? = 0
configure:2368: gcc -v >&5
Using built-in specs.
COLLECT_GCC=gcc
COLLECT_LTO_WRAPPER=/usr/lib64/gcc/x86_64-suse-linux/5/lto-wrapper
Target: x86_64-suse-linux
Configured with: ../configure --prefix=/usr --infodir=/usr/share/info --mandir=/usr/share/man --libdir=/usr/lib64 --libexecdir=/usr/lib64 --enable-languages=c,c++,objc,fortran,obj-c++,java,ada,go --enable-checking=release --with-gxx-include-dir=/usr/include/c++/5 --enable-ssp --disable-libssp --disable-libvtv --enable-libmpx --disable-plugin --with-bugurl=http://bugs.opensuse.org/ --with-pkgversion='SUSE Linux' --disable-libgcj --with-slibdir=/lib64 --with-system-zlib --enable-__cxa_atexit --enable-libstdcxx-allocator=new --disable-libstdcxx-pch --enable-version-specific-runtime-libs --enable-linker-build-id --enable-linux-futex --program-suffix=-5 --without-system-libunwind --enable-multilib --with-arch-32=x86-64 --with-tune=generic --build=x86_64-suse-linux --host=x86_64-suse-linux
Thread model: posix
gcc version 5.4.1 20160914 [gcc-5-branch revision 240129] (SUSE Linux) 
configure:2372: $? = 0
configure:2379: gcc -V >&5
gcc: error: unrecognized command line option '-V'
gcc: fatal error: no input files
compilation terminated.
configure:2383: $? = 1
configure:2406: checking for C compiler default output file name
configure:2428: gcc    conftest.c  >&5
configure:2432: $? = 0
configure:2470: result: a.out
configure:2487: checking whether the C compiler works
configure:2497: ./a.out
configure:2501: $? = 0
configure:2518: result: yes
configure:2525: checking whether we are cross compiling
configure:2527: result: no
configure:2530: checking for suffix of executables
configure:2537: gcc -o conftest    conftest.c  >&5
configure:2541: $? = 0
configure:2565: result: 
configure:2571: checking for suffix of object files
configure:2597: gcc -c   conftest.c >&5
configure:2601: $? = 0
configure:2624: result: o
configure:2628: checking whether we are using the GNU C compiler
configure:2657: gcc -c   conftest.c >&5
configure:2664: $? = 0
configure:2681: result: yes
configure:2690: checking whether gcc accepts -g
configure:2720: gcc -c -g  conftest.c >&5
configure:2727: $? = 0
configure:2828: result: yes
configure:2845: checking for gcc option to accept ISO C89
configure:2919: gcc  -c -g -O2  conftest.c >&5
configure:2926: $? = 0
configure:2949: result: none needed
configure:2973: checking how to run the C preprocessor
configure:3013: gcc -E  conftest.c
configure:3020: $? = 0
configure:3051: gcc -E  conftest.c
conftest.c:8:28: fatal error: ac_nonexistent.h: No such file or directory
compilation terminated.
configure:3058: $? = 1
configure: failed program was:
| /* confdefs.h.  */
| #define PACKAGE_NAME "GeoIP"
| #define PACKAGE_TARNAME "GeoIP"
| #define PACKAGE_VERSION "1.4.6"
| #define PACKAGE_STRING "GeoIP 1.4.6"
| #define PACKAGE_BUGREPORT "support@maxmind.com"
| /* end confdefs.h.  */
| #include <ac_nonexistent.h>
configure:3091: result: gcc -E
configure:3120: gcc -E  conftest.c
configure:3127: $? = 0
configure:3158: gcc -E  conftest.c
conftest.c:8:28: fatal error: ac_nonexistent.h: No such file or directory
compilation terminated.
configure:3165: $? = 1
configure: failed program was:
| /* confdefs.h.  */
| #define PACKAGE_NAME "GeoIP"
| #define PACKAGE_TARNAME "GeoIP"
| #define PACKAGE_VERSION "1.4.6"
| #define PACKAGE_STRING "GeoIP 1.4.6"
| #define PACKAGE_BUGREPORT "support@maxmind.com"
| /* end confdefs.h.  */
| #include <ac_nonexistent.h>
configure:3203: checking for grep that handles long lines and -e
configure:3263: result: /usr/bin/grep
configure:3268: checking for egrep
configure:3332: result: /usr/bin/grep -E
configure:3337: checking for ANSI C header files
configure:3367: gcc -c -g -O2  conftest.c >&5
configure:3374: $? = 0
configure:3473: gcc -o conftest -g -O2   conftest.c  >&5
configure:3477: $? = 0
configure:3483: ./conftest
configure:3487: $? = 0
configure:3505: result: yes
configure:3529: checking for sys/types.h
configure:3550: gcc -c -g -O2  conftest.c >&5
configure:3557: $? = 0
configure:3574: result: yes
configure:3529: checking for sys/stat.h
configure:3550: gcc -c -g -O2  conftest.c >&5
configure:3557: $? = 0
configure:3574: result: yes
configure:3529: checking for stdlib.h
configure:3550: gcc -c -g -O2  conftest.c >&5
configure:3557: $? = 0
configure:3574: result: yes
configure:3529: checking for string.h
configure:3550: gcc -c -g -O2  conftest.c >&5
configure:3557: $? = 0
configure:3574: result: yes
configure:3529: checking for memory.h
configure:3550: gcc -c -g -O2  conftest.c >&5
configure:3557: $? = 0
configure:3574: result: yes
configure:3529: checking for strings.h
configure:3550: gcc -c -g -O2  conftest.c >&5
configure:3557: $? = 0
configure:3574: result: yes
configure:3529: checking for inttypes.h
configure:3550: gcc -c -g -O2  conftest.c >&5
configure:3557: $? = 0
configure:3574: result: yes
configure:3529: checking for stdint.h
configure:3550: gcc -c -g -O2  conftest.c >&5
configure:3557: $? = 0
configure:3574: result: yes
configure:3529: checking for unistd.h
configure:3550: gcc -c -g -O2  conftest.c >&5
configure:3557: $? = 0
configure:3574: result: yes
configure:3598: checking minix/config.h usability
configure:3615: gcc -c -g -O2  conftest.c >&5
conftest.c:51:26: fatal error: minix/config.h: No such file or directory
compilation terminated.
configure:3622: $? = 1
configure: failed program was:
| /* confdefs.h.  */
| #define PACKAGE_NAME "GeoIP"
| #define PACKAGE_TARNAME "GeoIP"
| #define PACKAGE_VERSION "1.4.6"
| #define PACKAGE_STRING "GeoIP 1.4.6"
| #define PACKAGE_BUGREPORT "support@maxmind.com"
| #define STDC_HEADERS 1
| #define HAVE_SYS_TYPES_H 1
| #define HAVE_SYS_STAT_H 1
| #define HAVE_STDLIB_H 1
| #define HAVE_STRING_H 1
| #define HAVE_MEMORY_H 1
| #define HAVE_STRINGS_H 1
| #define HAVE_INTTYPES_H 1
| #define HAVE_STDINT_H 1
| #define HAVE_UNISTD_H 1
| /* end confdefs.h.  */
| #include <stdio.h>
| #ifdef HAVE_SYS_TYPES_H
| # include <sys/types.h>
| #endif
| #ifdef HAVE_SYS_STAT_H
| # include <sys/stat.h>
| #endif
| #ifdef STDC_HEADERS
| # include <stdlib.h>
| # include <stddef.h>
| #else
| # ifdef HAVE_STDLIB_H
| #  include <stdlib.h>
| # endif
| #endif
| #ifdef HAVE_STRING_H
| # if !defined STDC_HEADERS && defined HAVE_MEMORY_H
| #  include <memory.h>
| # endif
| # include <string.h>
| #endif
| #ifdef HAVE_STRINGS_H
| # include <strings.h>
| #endif
| #ifdef HAVE_INTTYPES_H
| # include <inttypes.h>
| #endif
| #ifdef HAVE_STDINT_H
| # include <stdint.h>
| #endif
| #ifdef HAVE_UNISTD_H
| # include <unistd.h>
| #endif
| #include <minix/config.h>
configure:3636: result: no
configure:3640: checking minix/config.h presence
configure:3655: gcc -E  conftest.c
conftest.c:18:26: fatal error: minix/config.h: No such file or directory
compilation terminated.
configure:3662: $? = 1
configure: failed program was:
| /* confdefs.h.  */
| #define PACKAGE_NAME "GeoIP"
| #define PACKAGE_TARNAME "GeoIP"
| #define PACKAGE_VERSION "1.4.6"
| #define PACKAGE_STRING "GeoIP 1.4.6"
| #define PACKAGE_BUGREPORT "support@maxmind.com"
| #define STDC_HEADERS 1
| #define HAVE_SYS_TYPES_H 1
| #define HAVE_SYS_STAT_H 1
| #define HAVE_STDLIB_H 1
| #define HAVE_STRING_H 1
| #define HAVE_MEMORY_H 1
| #define HAVE_STRINGS_H 1
| #define HAVE_INTTYPES_H 1
| #define HAVE_STDINT_H 1
| #define HAVE_UNISTD_H 1
| /* end confdefs.h.  */
| #include <minix/config.h>
configure:3676: result: no
configure:3709: checking for minix/config.h
configure:3716: result: no
configure:3747: checking whether it is safe to define __EXTENSIONS__
configure:3775: gcc -c -g -O2  conftest.c >&5
configure:3782: $? = 0
configure:3797: result: yes
configure:3868: checking for a BSD-compatible install
configure:3936: result: /usr/bin/install -c
configure:3947: checking whether build environment is sane
configure:3990: result: yes
configure:4015: checking for a thread-safe mkdir -p
configure:4054: result: /usr/bin/mkdir -p
configure:4067: checking for gawk
configure:4083: found /usr/bin/gawk
configure:4094: result: gawk
configure:4105: checking whether make sets $(MAKE)
configure:4127: result: yes
configure:4157: checking for style of include used by make
configure:4185: result: GNU
configure:4378: checking dependency style of gcc
configure:4469: result: none
configure:4537: checking for gcc
configure:4564: result: gcc
configure:4802: checking for C compiler version
configure:4810: gcc --version >&5
gcc (SUSE Linux) 5.4.1 20160914 [gcc-5-branch revision 240129]
Copyright (C) 2015 Free Software Foundation, Inc.
This is free software; see the source for copying conditions.  There is NO
warranty; not even for MERCHANTABILITY or FITNESS FOR A PARTICULAR PURPOSE.

configure:4814: $? = 0
configure:4821: gcc -v >&5
Using built-in specs.
COLLECT_GCC=gcc
COLLECT_LTO_WRAPPER=/usr/lib64/gcc/x86_64-suse-linux/5/lto-wrapper
Target: x86_64-suse-linux
Configured with: ../configure --prefix=/usr --infodir=/usr/share/info --mandir=/usr/share/man --libdir=/usr/lib64 --libexecdir=/usr/lib64 --enable-languages=c,c++,objc,fortran,obj-c++,java,ada,go --enable-checking=release --with-gxx-include-dir=/usr/include/c++/5 --enable-ssp --disable-libssp --disable-libvtv --enable-libmpx --disable-plugin --with-bugurl=http://bugs.opensuse.org/ --with-pkgversion='SUSE Linux' --disable-libgcj --with-slibdir=/lib64 --with-system-zlib --enable-__cxa_atexit --enable-libstdcxx-allocator=new --disable-libstdcxx-pch --enable-version-specific-runtime-libs --enable-linker-build-id --enable-linux-futex --program-suffix=-5 --without-system-libunwind --enable-multilib --with-arch-32=x86-64 --with-tune=generic --build=x86_64-suse-linux --host=x86_64-suse-linux
Thread model: posix
gcc version 5.4.1 20160914 [gcc-5-branch revision 240129] (SUSE Linux) 
configure:4825: $? = 0
configure:4832: gcc -V >&5
gcc: error: unrecognized command line option '-V'
gcc: fatal error: no input files
compilation terminated.
configure:4836: $? = 1
configure:4839: checking whether we are using the GNU C compiler
configure:4892: result: yes
configure:4901: checking whether gcc accepts -g
configure:5039: result: yes
configure:5056: checking for gcc option to accept ISO C89
configure:5160: result: none needed
configure:5256: checking build system type
configure:5274: result: x86_64-unknown-linux-gnu
configure:5296: checking host system type
configure:5311: result: x86_64-unknown-linux-gnu
configure:5333: checking for a sed that does not truncate output
configure:5389: result: /usr/bin/sed
configure:5403: checking for ld used by gcc
configure:5470: result: /usr/x86_64-suse-linux/bin/ld
configure:5479: checking if the linker (/usr/x86_64-suse-linux/bin/ld) is GNU ld
configure:5494: result: yes
configure:5499: checking for /usr/x86_64-suse-linux/bin/ld option to reload object files
configure:5506: result: -r
configure:5524: checking for BSD-compatible nm
configure:5573: result: /usr/bin/nm -B
configure:5577: checking whether ln -s works
configure:5581: result: yes
configure:5588: checking how to recognize dependent libraries
configure:5774: result: pass_all
configure:5862: gcc -c -g -O2  conftest.c >&5
configure:5865: $? = 0
configure:6033: checking dlfcn.h usability
configure:6050: gcc -c -g -O2  conftest.c >&5
configure:6057: $? = 0
configure:6071: result: yes
configure:6075: checking dlfcn.h presence
configure:6090: gcc -E  conftest.c
configure:6097: $? = 0
configure:6111: result: yes
configure:6144: checking for dlfcn.h
configure:6153: result: yes
configure:6225: checking for g++
configure:6241: found /usr/bin/g++
configure:6252: result: g++
configure:6283: checking for C++ compiler version
configure:6291: g++ --version >&5
g++ (SUSE Linux) 5.4.1 20160914 [gcc-5-branch revision 240129]
Copyright (C) 2015 Free Software Foundation, Inc.
This is free software; see the source for copying conditions.  There is NO
warranty; not even for MERCHANTABILITY or FITNESS FOR A PARTICULAR PURPOSE.

configure:6295: $? = 0
configure:6302: g++ -v >&5
Using built-in specs.
COLLECT_GCC=g++
COLLECT_LTO_WRAPPER=/usr/lib64/gcc/x86_64-suse-linux/5/lto-wrapper
Target: x86_64-suse-linux
Configured with: ../configure --prefix=/usr --infodir=/usr/share/info --mandir=/usr/share/man --libdir=/usr/lib64 --libexecdir=/usr/lib64 --enable-languages=c,c++,objc,fortran,obj-c++,java,ada,go --enable-checking=release --with-gxx-include-dir=/usr/include/c++/5 --enable-ssp --disable-libssp --disable-libvtv --enable-libmpx --disable-plugin --with-bugurl=http://bugs.opensuse.org/ --with-pkgversion='SUSE Linux' --disable-libgcj --with-slibdir=/lib64 --with-system-zlib --enable-__cxa_atexit --enable-libstdcxx-allocator=new --disable-libstdcxx-pch --enable-version-specific-runtime-libs --enable-linker-build-id --enable-linux-futex --program-suffix=-5 --without-system-libunwind --enable-multilib --with-arch-32=x86-64 --with-tune=generic --build=x86_64-suse-linux --host=x86_64-suse-linux
Thread model: posix
gcc version 5.4.1 20160914 [gcc-5-branch revision 240129] (SUSE Linux) 
configure:6306: $? = 0
configure:6313: g++ -V >&5
g++: error: unrecognized command line option '-V'
g++: fatal error: no input files
compilation terminated.
configure:6317: $? = 1
configure:6320: checking whether we are using the GNU C++ compiler
configure:6349: g++ -c   conftest.cpp >&5
configure:6356: $? = 0
configure:6373: result: yes
configure:6382: checking whether g++ accepts -g
configure:6412: g++ -c -g  conftest.cpp >&5
configure:6419: $? = 0
configure:6520: result: yes
configure:6545: checking dependency style of g++
configure:6636: result: none
configure:6661: checking how to run the C++ preprocessor
configure:6697: g++ -E  conftest.cpp
configure:6704: $? = 0
configure:6735: g++ -E  conftest.cpp
conftest.cpp:26:28: fatal error: ac_nonexistent.h: No such file or directory
compilation terminated.
configure:6742: $? = 1
configure: failed program was:
| /* confdefs.h.  */
| #define PACKAGE_NAME "GeoIP"
| #define PACKAGE_TARNAME "GeoIP"
| #define PACKAGE_VERSION "1.4.6"
| #define PACKAGE_STRING "GeoIP 1.4.6"
| #define PACKAGE_BUGREPORT "support@maxmind.com"
| #define STDC_HEADERS 1
| #define HAVE_SYS_TYPES_H 1
| #define HAVE_SYS_STAT_H 1
| #define HAVE_STDLIB_H 1
| #define HAVE_STRING_H 1
| #define HAVE_MEMORY_H 1
| #define HAVE_STRINGS_H 1
| #define HAVE_INTTYPES_H 1
| #define HAVE_STDINT_H 1
| #define HAVE_UNISTD_H 1
| #define __EXTENSIONS__ 1
| #define _ALL_SOURCE 1
| #define _GNU_SOURCE 1
| #define _POSIX_PTHREAD_SEMANTICS 1
| #define _TANDEM_SOURCE 1
| #define PACKAGE "GeoIP"
| #define VERSION "1.4.6"
| #define HAVE_DLFCN_H 1
| /* end confdefs.h.  */
| #include <ac_nonexistent.h>
configure:6775: result: g++ -E
configure:6804: g++ -E  conftest.cpp
configure:6811: $? = 0
configure:6842: g++ -E  conftest.cpp
conftest.cpp:26:28: fatal error: ac_nonexistent.h: No such file or directory
compilation terminated.
configure:6849: $? = 1
configure: failed program was:
| /* confdefs.h.  */
| #define PACKAGE_NAME "GeoIP"
| #define PACKAGE_TARNAME "GeoIP"
| #define PACKAGE_VERSION "1.4.6"
| #define PACKAGE_STRING "GeoIP 1.4.6"
| #define PACKAGE_BUGREPORT "support@maxmind.com"
| #define STDC_HEADERS 1
| #define HAVE_SYS_TYPES_H 1
| #define HAVE_SYS_STAT_H 1
| #define HAVE_STDLIB_H 1
| #define HAVE_STRING_H 1
| #define HAVE_MEMORY_H 1
| #define HAVE_STRINGS_H 1
| #define HAVE_INTTYPES_H 1
| #define HAVE_STDINT_H 1
| #define HAVE_UNISTD_H 1
| #define __EXTENSIONS__ 1
| #define _ALL_SOURCE 1
| #define _GNU_SOURCE 1
| #define _POSIX_PTHREAD_SEMANTICS 1
| #define _TANDEM_SOURCE 1
| #define PACKAGE "GeoIP"
| #define VERSION "1.4.6"
| #define HAVE_DLFCN_H 1
| /* end confdefs.h.  */
| #include <ac_nonexistent.h>
configure:6942: checking for g77
configure:6972: result: no
configure:6942: checking for xlf
configure:6972: result: no
configure:6942: checking for f77
configure:6972: result: no
configure:6942: checking for frt
configure:6972: result: no
configure:6942: checking for pgf77
configure:6972: result: no
configure:6942: checking for cf77
configure:6972: result: no
configure:6942: checking for fort77
configure:6972: result: no
configure:6942: checking for fl32
configure:6972: result: no
configure:6942: checking for af77
configure:6972: result: no
configure:6942: checking for xlf90
configure:6972: result: no
configure:6942: checking for f90
configure:6972: result: no
configure:6942: checking for pgf90
configure:6972: result: no
configure:6942: checking for pghpf
configure:6972: result: no
configure:6942: checking for epcf90
configure:6972: result: no
configure:6942: checking for gfortran
configure:6958: found /usr/bin/gfortran
configure:6969: result: gfortran
configure:6999: checking for Fortran 77 compiler version
configure:7007: gfortran --version >&5
GNU Fortran (SUSE Linux) 5.4.1 20160914 [gcc-5-branch revision 240129]
Copyright (C) 2015 Free Software Foundation, Inc.

GNU Fortran comes with NO WARRANTY, to the extent permitted by law.
You may redistribute copies of GNU Fortran
under the terms of the GNU General Public License.
For more information about these matters, see the file named COPYING

configure:7011: $? = 0
configure:7018: gfortran -v >&5
Using built-in specs.
COLLECT_GCC=gfortran
COLLECT_LTO_WRAPPER=/usr/lib64/gcc/x86_64-suse-linux/5/lto-wrapper
Target: x86_64-suse-linux
Configured with: ../configure --prefix=/usr --infodir=/usr/share/info --mandir=/usr/share/man --libdir=/usr/lib64 --libexecdir=/usr/lib64 --enable-languages=c,c++,objc,fortran,obj-c++,java,ada,go --enable-checking=release --with-gxx-include-dir=/usr/include/c++/5 --enable-ssp --disable-libssp --disable-libvtv --enable-libmpx --disable-plugin --with-bugurl=http://bugs.opensuse.org/ --with-pkgversion='SUSE Linux' --disable-libgcj --with-slibdir=/lib64 --with-system-zlib --enable-__cxa_atexit --enable-libstdcxx-allocator=new --disable-libstdcxx-pch --enable-version-specific-runtime-libs --enable-linker-build-id --enable-linux-futex --program-suffix=-5 --without-system-libunwind --enable-multilib --with-arch-32=x86-64 --with-tune=generic --build=x86_64-suse-linux --host=x86_64-suse-linux
Thread model: posix
gcc version 5.4.1 20160914 [gcc-5-branch revision 240129] (SUSE Linux) 
configure:7022: $? = 0
configure:7029: gfortran -V >&5
gfortran: error: unrecognized command line option '-V'
gfortran: fatal error: no input files
compilation terminated.
configure:7033: $? = 1
configure:7041: checking whether we are using the GNU Fortran 77 compiler
configure:7060: gfortran -c  conftest.F >&5
configure:7067: $? = 0
configure:7084: result: yes
configure:7090: checking whether gfortran accepts -g
configure:7107: gfortran -c -g conftest.f >&5
configure:7114: $? = 0
configure:7130: result: yes
configure:7163: checking the maximum length of command line arguments
configure:7275: result: 1572864
configure:7287: checking command to parse /usr/bin/nm -B output from gcc object
configure:7392: gcc -c -g -O2  conftest.c >&5
configure:7395: $? = 0
configure:7399: /usr/bin/nm -B conftest.o \| sed -n -e 's/^.*[ 	]\([ABCDGIRSTW][ABCDGIRSTW]*\)[ 	][ 	]*\([_A-Za-z][_A-Za-z0-9]*\)$/\1 \2 \2/p' \> conftest.nm
configure:7402: $? = 0
configure:7454: gcc -o conftest -g -O2   conftest.c conftstm.o >&5
configure:7457: $? = 0
configure:7495: result: ok
configure:7499: checking for objdir
configure:7514: result: .libs
configure:7606: checking for ar
configure:7622: found /usr/bin/ar
configure:7633: result: ar
configure:7702: checking for ranlib
configure:7718: found /usr/bin/ranlib
configure:7729: result: ranlib
configure:7798: checking for strip
configure:7814: found /usr/bin/strip
configure:7825: result: strip
configure:8378: checking for correct ltmain.sh version
configure:8428: result: yes
configure:8488: checking if gcc supports -fno-rtti -fno-exceptions
configure:8506: gcc -c -g -O2  -fno-rtti -fno-exceptions conftest.c >&5
cc1: warning: command line option '-fno-rtti' is valid for C++/ObjC++ but not for C
configure:8510: $? = 0
configure:8523: result: no
configure:8538: checking for gcc option to produce PIC
configure:8770: result: -fPIC
configure:8778: checking if gcc PIC flag -fPIC works
configure:8796: gcc -c -g -O2  -fPIC -DPIC conftest.c >&5
configure:8800: $? = 0
configure:8813: result: yes
configure:8841: checking if gcc static flag -static works
configure:8869: result: yes
configure:8879: checking if gcc supports -c -o file.o
configure:8900: gcc -c -g -O2  -o out/conftest2.o conftest.c >&5
configure:8904: $? = 0
configure:8926: result: yes
configure:8952: checking whether the gcc linker (/usr/x86_64-suse-linux/bin/ld -m elf_x86_64) supports shared libraries
configure:9940: result: yes
configure:9961: checking whether -lc should be explicitly linked in
configure:9966: gcc -c -g -O2  conftest.c >&5
configure:9969: $? = 0
configure:9984: gcc -shared conftest.o  -v -Wl,-soname -Wl,conftest -o conftest 2\>\&1 \| grep  -lc  \>/dev/null 2\>\&1
configure:9987: $? = 0
configure:9999: result: no
configure:10007: checking dynamic linker characteristics
configure:10622: result: GNU/Linux ld.so
configure:10646: checking how to hardcode library paths into programs
configure:10671: result: immediate
configure:10685: checking whether stripping libraries is possible
configure:10690: result: yes
configure:11520: checking if libtool supports shared libraries
configure:11522: result: yes
configure:11525: checking whether to build shared libraries
configure:11546: result: yes
configure:11549: checking whether to build static libraries
configure:11553: result: yes
configure:11647: creating libtool
configure:12240: checking for ld used by g++
configure:12307: result: /usr/x86_64-suse-linux/bin/ld -m elf_x86_64
configure:12316: checking if the linker (/usr/x86_64-suse-linux/bin/ld -m elf_x86_64) is GNU ld
configure:12331: result: yes
configure:12382: checking whether the g++ linker (/usr/x86_64-suse-linux/bin/ld -m elf_x86_64) supports shared libraries
configure:13336: result: yes
configure:13353: g++ -c -g -O2  conftest.cpp >&5
configure:13356: $? = 0
configure:13512: checking for g++ option to produce PIC
configure:13796: result: -fPIC
configure:13804: checking if g++ PIC flag -fPIC works
configure:13822: g++ -c -g -O2  -fPIC -DPIC conftest.cpp >&5
configure:13826: $? = 0
configure:13839: result: yes
configure:13867: checking if g++ static flag -static works
configure:13895: result: yes
configure:13905: checking if g++ supports -c -o file.o
configure:13926: g++ -c -g -O2  -o out/conftest2.o conftest.cpp >&5
configure:13930: $? = 0
configure:13952: result: yes
configure:13978: checking whether the g++ linker (/usr/x86_64-suse-linux/bin/ld -m elf_x86_64) supports shared libraries
configure:14004: result: yes
configure:14071: checking dynamic linker characteristics
configure:14634: result: GNU/Linux ld.so
configure:14658: checking how to hardcode library paths into programs
configure:14683: result: immediate
configure:15222: checking if libtool supports shared libraries
configure:15224: result: yes
configure:15227: checking whether to build shared libraries
configure:15247: result: yes
configure:15250: checking whether to build static libraries
configure:15254: result: yes
configure:15264: checking for gfortran option to produce PIC
configure:15496: result: -fPIC
configure:15504: checking if gfortran PIC flag -fPIC works
configure:15522: gfortran -c -g -O2 -fPIC conftest.f >&5
configure:15526: $? = 0
configure:15539: result: yes
configure:15567: checking if gfortran static flag -static works
configure:15595: result: yes
configure:15605: checking if gfortran supports -c -o file.o
configure:15626: gfortran -c -g -O2 -o out/conftest2.o conftest.f >&5
configure:15630: $? = 0
configure:15652: result: yes
configure:15678: checking whether the gfortran linker (/usr/x86_64-suse-linux/bin/ld -m elf_x86_64) supports shared libraries
configure:16646: result: yes
configure:16713: checking dynamic linker characteristics
configure:17276: result: GNU/Linux ld.so
configure:17300: checking how to hardcode library paths into programs
configure:17325: result: immediate
configure:20947: checking for byte
configure:20975: gcc -c -g -O2  conftest.c >&5
conftest.c: In function 'main':
conftest.c:62:13: error: 'byte' undeclared (first use in this function)
 if (sizeof (byte))
             ^
conftest.c:62:13: note: each undeclared identifier is reported only once for each function it appears in
configure:20982: $? = 1
configure: failed program was:
| /* confdefs.h.  */
| #define PACKAGE_NAME "GeoIP"
| #define PACKAGE_TARNAME "GeoIP"
| #define PACKAGE_VERSION "1.4.6"
| #define PACKAGE_STRING "GeoIP 1.4.6"
| #define PACKAGE_BUGREPORT "support@maxmind.com"
| #define STDC_HEADERS 1
| #define HAVE_SYS_TYPES_H 1
| #define HAVE_SYS_STAT_H 1
| #define HAVE_STDLIB_H 1
| #define HAVE_STRING_H 1
| #define HAVE_MEMORY_H 1
| #define HAVE_STRINGS_H 1
| #define HAVE_INTTYPES_H 1
| #define HAVE_STDINT_H 1
| #define HAVE_UNISTD_H 1
| #define __EXTENSIONS__ 1
| #define _ALL_SOURCE 1
| #define _GNU_SOURCE 1
| #define _POSIX_PTHREAD_SEMANTICS 1
| #define _TANDEM_SOURCE 1
| #define PACKAGE "GeoIP"
| #define VERSION "1.4.6"
| #define HAVE_DLFCN_H 1
| /* end confdefs.h.  */
| #include <stdio.h>
| #ifdef HAVE_SYS_TYPES_H
| # include <sys/types.h>
| #endif
| #ifdef HAVE_SYS_STAT_H
| # include <sys/stat.h>
| #endif
| #ifdef STDC_HEADERS
| # include <stdlib.h>
| # include <stddef.h>
| #else
| # ifdef HAVE_STDLIB_H
| #  include <stdlib.h>
| # endif
| #endif
| #ifdef HAVE_STRING_H
| # if !defined STDC_HEADERS && defined HAVE_MEMORY_H
| #  include <memory.h>
| # endif
| # include <string.h>
| #endif
| #ifdef HAVE_STRINGS_H
| # include <strings.h>
| #endif
| #ifdef HAVE_INTTYPES_H
| # include <inttypes.h>
| #endif
| #ifdef HAVE_STDINT_H
| # include <stdint.h>
| #endif
| #ifdef HAVE_UNISTD_H
| # include <unistd.h>
| #endif
| int
| main ()
| {
| if (sizeof (byte))
|        return 0;
|   ;
|   return 0;
| }
configure:21039: result: no
configure:21048: checking for ushort
configure:21076: gcc -c -g -O2  conftest.c >&5
configure:21083: $? = 0
configure:21110: gcc -c -g -O2  conftest.c >&5
conftest.c: In function 'main':
conftest.c:62:21: error: expected expression before ')' token
 if (sizeof ((ushort)))
                     ^
configure:21117: $? = 1
configure: failed program was:
| /* confdefs.h.  */
| #define PACKAGE_NAME "GeoIP"
| #define PACKAGE_TARNAME "GeoIP"
| #define PACKAGE_VERSION "1.4.6"
| #define PACKAGE_STRING "GeoIP 1.4.6"
| #define PACKAGE_BUGREPORT "support@maxmind.com"
| #define STDC_HEADERS 1
| #define HAVE_SYS_TYPES_H 1
| #define HAVE_SYS_STAT_H 1
| #define HAVE_STDLIB_H 1
| #define HAVE_STRING_H 1
| #define HAVE_MEMORY_H 1
| #define HAVE_STRINGS_H 1
| #define HAVE_INTTYPES_H 1
| #define HAVE_STDINT_H 1
| #define HAVE_UNISTD_H 1
| #define __EXTENSIONS__ 1
| #define _ALL_SOURCE 1
| #define _GNU_SOURCE 1
| #define _POSIX_PTHREAD_SEMANTICS 1
| #define _TANDEM_SOURCE 1
| #define PACKAGE "GeoIP"
| #define VERSION "1.4.6"
| #define HAVE_DLFCN_H 1
| /* end confdefs.h.  */
| #include <stdio.h>
| #ifdef HAVE_SYS_TYPES_H
| # include <sys/types.h>
| #endif
| #ifdef HAVE_SYS_STAT_H
| # include <sys/stat.h>
| #endif
| #ifdef STDC_HEADERS
| # include <stdlib.h>
| # include <stddef.h>
| #else
| # ifdef HAVE_STDLIB_H
| #  include <stdlib.h>
| # endif
| #endif
| #ifdef HAVE_STRING_H
| # if !defined STDC_HEADERS && defined HAVE_MEMORY_H
| #  include <memory.h>
| # endif
| # include <string.h>
| #endif
| #ifdef HAVE_STRINGS_H
| # include <strings.h>
| #endif
| #ifdef HAVE_INTTYPES_H
| # include <inttypes.h>
| #endif
| #ifdef HAVE_STDINT_H
| # include <stdint.h>
| #endif
| #ifdef HAVE_UNISTD_H
| # include <unistd.h>
| #endif
| int
| main ()
| {
| if (sizeof ((ushort)))
| 	  return 0;
|   ;
|   return 0;
| }
configure:21140: result: yes
configure:21149: checking for ulong
configure:21177: gcc -c -g -O2  conftest.c >&5
configure:21184: $? = 0
configure:21211: gcc -c -g -O2  conftest.c >&5
conftest.c: In function 'main':
conftest.c:63:20: error: expected expression before ')' token
 if (sizeof ((ulong)))
                    ^
configure:21218: $? = 1
configure: failed program was:
| /* confdefs.h.  */
| #define PACKAGE_NAME "GeoIP"
| #define PACKAGE_TARNAME "GeoIP"
| #define PACKAGE_VERSION "1.4.6"
| #define PACKAGE_STRING "GeoIP 1.4.6"
| #define PACKAGE_BUGREPORT "support@maxmind.com"
| #define STDC_HEADERS 1
| #define HAVE_SYS_TYPES_H 1
| #define HAVE_SYS_STAT_H 1
| #define HAVE_STDLIB_H 1
| #define HAVE_STRING_H 1
| #define HAVE_MEMORY_H 1
| #define HAVE_STRINGS_H 1
| #define HAVE_INTTYPES_H 1
| #define HAVE_STDINT_H 1
| #define HAVE_UNISTD_H 1
| #define __EXTENSIONS__ 1
| #define _ALL_SOURCE 1
| #define _GNU_SOURCE 1
| #define _POSIX_PTHREAD_SEMANTICS 1
| #define _TANDEM_SOURCE 1
| #define PACKAGE "GeoIP"
| #define VERSION "1.4.6"
| #define HAVE_DLFCN_H 1
| #define HAVE_USHORT_TYPEDEF 1
| /* end confdefs.h.  */
| #include <stdio.h>
| #ifdef HAVE_SYS_TYPES_H
| # include <sys/types.h>
| #endif
| #ifdef HAVE_SYS_STAT_H
| # include <sys/stat.h>
| #endif
| #ifdef STDC_HEADERS
| # include <stdlib.h>
| # include <stddef.h>
| #else
| # ifdef HAVE_STDLIB_H
| #  include <stdlib.h>
| # endif
| #endif
| #ifdef HAVE_STRING_H
| # if !defined STDC_HEADERS && defined HAVE_MEMORY_H
| #  include <memory.h>
| # endif
| # include <string.h>
| #endif
| #ifdef HAVE_STRINGS_H
| # include <strings.h>
| #endif
| #ifdef HAVE_INTTYPES_H
| # include <inttypes.h>
| #endif
| #ifdef HAVE_STDINT_H
| # include <stdint.h>
| #endif
| #ifdef HAVE_UNISTD_H
| # include <unistd.h>
| #endif
| int
| main ()
| {
| if (sizeof ((ulong)))
| 	  return 0;
|   ;
|   return 0;
| }
configure:21241: result: yes
configure:21250: checking for u16
configure:21278: gcc -c -g -O2  conftest.c >&5
conftest.c: In function 'main':
conftest.c:64:13: error: 'u16' undeclared (first use in this function)
 if (sizeof (u16))
             ^
conftest.c:64:13: note: each undeclared identifier is reported only once for each function it appears in
configure:21285: $? = 1
configure: failed program was:
| /* confdefs.h.  */
| #define PACKAGE_NAME "GeoIP"
| #define PACKAGE_TARNAME "GeoIP"
| #define PACKAGE_VERSION "1.4.6"
| #define PACKAGE_STRING "GeoIP 1.4.6"
| #define PACKAGE_BUGREPORT "support@maxmind.com"
| #define STDC_HEADERS 1
| #define HAVE_SYS_TYPES_H 1
| #define HAVE_SYS_STAT_H 1
| #define HAVE_STDLIB_H 1
| #define HAVE_STRING_H 1
| #define HAVE_MEMORY_H 1
| #define HAVE_STRINGS_H 1
| #define HAVE_INTTYPES_H 1
| #define HAVE_STDINT_H 1
| #define HAVE_UNISTD_H 1
| #define __EXTENSIONS__ 1
| #define _ALL_SOURCE 1
| #define _GNU_SOURCE 1
| #define _POSIX_PTHREAD_SEMANTICS 1
| #define _TANDEM_SOURCE 1
| #define PACKAGE "GeoIP"
| #define VERSION "1.4.6"
| #define HAVE_DLFCN_H 1
| #define HAVE_USHORT_TYPEDEF 1
| #define HAVE_ULONG_TYPEDEF 1
| /* end confdefs.h.  */
| #include <stdio.h>
| #ifdef HAVE_SYS_TYPES_H
| # include <sys/types.h>
| #endif
| #ifdef HAVE_SYS_STAT_H
| # include <sys/stat.h>
| #endif
| #ifdef STDC_HEADERS
| # include <stdlib.h>
| # include <stddef.h>
| #else
| # ifdef HAVE_STDLIB_H
| #  include <stdlib.h>
| # endif
| #endif
| #ifdef HAVE_STRING_H
| # if !defined STDC_HEADERS && defined HAVE_MEMORY_H
| #  include <memory.h>
| # endif
| # include <string.h>
| #endif
| #ifdef HAVE_STRINGS_H
| # include <strings.h>
| #endif
| #ifdef HAVE_INTTYPES_H
| # include <inttypes.h>
| #endif
| #ifdef HAVE_STDINT_H
| # include <stdint.h>
| #endif
| #ifdef HAVE_UNISTD_H
| # include <unistd.h>
| #endif
| int
| main ()
| {
| if (sizeof (u16))
|        return 0;
|   ;
|   return 0;
| }
configure:21342: result: no
configure:21351: checking for u32
configure:21379: gcc -c -g -O2  conftest.c >&5
conftest.c: In function 'main':
conftest.c:64:13: error: 'u32' undeclared (first use in this function)
 if (sizeof (u32))
             ^
conftest.c:64:13: note: each undeclared identifier is reported only once for each function it appears in
configure:21386: $? = 1
configure: failed program was:
| /* confdefs.h.  */
| #define PACKAGE_NAME "GeoIP"
| #define PACKAGE_TARNAME "GeoIP"
| #define PACKAGE_VERSION "1.4.6"
| #define PACKAGE_STRING "GeoIP 1.4.6"
| #define PACKAGE_BUGREPORT "support@maxmind.com"
| #define STDC_HEADERS 1
| #define HAVE_SYS_TYPES_H 1
| #define HAVE_SYS_STAT_H 1
| #define HAVE_STDLIB_H 1
| #define HAVE_STRING_H 1
| #define HAVE_MEMORY_H 1
| #define HAVE_STRINGS_H 1
| #define HAVE_INTTYPES_H 1
| #define HAVE_STDINT_H 1
| #define HAVE_UNISTD_H 1
| #define __EXTENSIONS__ 1
| #define _ALL_SOURCE 1
| #define _GNU_SOURCE 1
| #define _POSIX_PTHREAD_SEMANTICS 1
| #define _TANDEM_SOURCE 1
| #define PACKAGE "GeoIP"
| #define VERSION "1.4.6"
| #define HAVE_DLFCN_H 1
| #define HAVE_USHORT_TYPEDEF 1
| #define HAVE_ULONG_TYPEDEF 1
| /* end confdefs.h.  */
| #include <stdio.h>
| #ifdef HAVE_SYS_TYPES_H
| # include <sys/types.h>
| #endif
| #ifdef HAVE_SYS_STAT_H
| # include <sys/stat.h>
| #endif
| #ifdef STDC_HEADERS
| # include <stdlib.h>
| # include <stddef.h>
| #else
| # ifdef HAVE_STDLIB_H
| #  include <stdlib.h>
| # endif
| #endif
| #ifdef HAVE_STRING_H
| # if !defined STDC_HEADERS && defined HAVE_MEMORY_H
| #  include <memory.h>
| # endif
| # include <string.h>
| #endif
| #ifdef HAVE_STRINGS_H
| # include <strings.h>
| #endif
| #ifdef HAVE_INTTYPES_H
| # include <inttypes.h>
| #endif
| #ifdef HAVE_STDINT_H
| # include <stdint.h>
| #endif
| #ifdef HAVE_UNISTD_H
| # include <unistd.h>
| #endif
| int
| main ()
| {
| if (sizeof (u32))
|        return 0;
|   ;
|   return 0;
| }
configure:21443: result: no
configure:21454: checking whether byte ordering is bigendian
configure:21491: gcc -c -g -O2  conftest.c >&5
configure:21498: $? = 0
configure:21530: gcc -c -g -O2  conftest.c >&5
conftest.c: In function 'main':
conftest.c:35:4: error: unknown type name 'not'
    not big endian
    ^
conftest.c:35:12: error: expected '=', ',', ';', 'asm' or '__attribute__' before 'endian'
    not big endian
            ^
configure:21537: $? = 1
configure: failed program was:
| /* confdefs.h.  */
| #define PACKAGE_NAME "GeoIP"
| #define PACKAGE_TARNAME "GeoIP"
| #define PACKAGE_VERSION "1.4.6"
| #define PACKAGE_STRING "GeoIP 1.4.6"
| #define PACKAGE_BUGREPORT "support@maxmind.com"
| #define STDC_HEADERS 1
| #define HAVE_SYS_TYPES_H 1
| #define HAVE_SYS_STAT_H 1
| #define HAVE_STDLIB_H 1
| #define HAVE_STRING_H 1
| #define HAVE_MEMORY_H 1
| #define HAVE_STRINGS_H 1
| #define HAVE_INTTYPES_H 1
| #define HAVE_STDINT_H 1
| #define HAVE_UNISTD_H 1
| #define __EXTENSIONS__ 1
| #define _ALL_SOURCE 1
| #define _GNU_SOURCE 1
| #define _POSIX_PTHREAD_SEMANTICS 1
| #define _TANDEM_SOURCE 1
| #define PACKAGE "GeoIP"
| #define VERSION "1.4.6"
| #define HAVE_DLFCN_H 1
| #define HAVE_USHORT_TYPEDEF 1
| #define HAVE_ULONG_TYPEDEF 1
| /* end confdefs.h.  */
| #include <sys/types.h>
| 		#include <sys/param.h>
| 
| int
| main ()
| {
| #if BYTE_ORDER != BIG_ENDIAN
| 		 not big endian
| 		#endif
| 
|   ;
|   return 0;
| }
configure:21789: result: no
configure:21818: checking for stdint.h
configure:21825: result: yes
configure:21979: checking zlib.h usability
configure:21996: gcc -c -g -O2  conftest.c >&5
configure:22003: $? = 0
configure:22017: result: yes
configure:22021: checking zlib.h presence
configure:22036: gcc -E  conftest.c
configure:22043: $? = 0
configure:22057: result: yes
configure:22090: checking for zlib.h
configure:22099: result: yes
configure:22118: checking for gettimeofday
configure:22174: gcc -o conftest -g -O2   conftest.c  >&5
configure:22181: $? = 0
configure:22201: result: yes
configure:22210: checking for vasprintf
configure:22266: gcc -o conftest -g -O2   conftest.c  >&5
configure:22273: $? = 0
configure:22293: result: yes
configure:22302: checking for vsnprintf
configure:22358: gcc -o conftest -g -O2   conftest.c  >&5
conftest.c:56:6: warning: conflicting types for built-in function 'vsnprintf'
 char vsnprintf ();
      ^
configure:22365: $? = 0
configure:22385: result: yes
configure:22394: checking for vsprintf
configure:22450: gcc -o conftest -g -O2   conftest.c  >&5
conftest.c:57:6: warning: conflicting types for built-in function 'vsprintf'
 char vsprintf ();
      ^
configure:22457: $? = 0
configure:22477: result: yes
configure:22487: checking for gethostbyname
configure:22543: gcc -o conftest -g -O2   conftest.c  >&5
configure:22550: $? = 0
configure:22570: result: yes
configure:22654: checking for gethostbyname_r
configure:22710: gcc -o conftest -g -O2   conftest.c  >&5
configure:22717: $? = 0
configure:22737: result: yes
configure:22931: creating ./config.status

## ---------------------- ##
## Running config.status. ##
## ---------------------- ##

This file was extended by GeoIP config.status 1.4.6, which was
generated by GNU Autoconf 2.62.  Invocation command line was

  CONFIG_FILES    = 
  CONFIG_HEADERS  = 
  CONFIG_LINKS    = 
  CONFIG_COMMANDS = 
  $ ./config.status 

on linux-u5j7

config.status:727: creating Makefile
config.status:727: creating GeoIP.spec
config.status:727: creating libGeoIP/Makefile
config.status:727: creating apps/Makefile
config.status:727: creating conf/Makefile
config.status:727: creating data/Makefile
config.status:727: creating man/Makefile
config.status:727: creating test/Makefile
config.status:938: executing depfiles commands

## ---------------- ##
## Cache variables. ##
## ---------------- ##

ac_cv_build=x86_64-unknown-linux-gnu
ac_cv_c_bigendian=no
ac_cv_c_compiler_gnu=yes
ac_cv_cxx_compiler_gnu=yes
ac_cv_env_CCC_set=
ac_cv_env_CCC_value=
ac_cv_env_CC_set=
ac_cv_env_CC_value=
ac_cv_env_CFLAGS_set=
ac_cv_env_CFLAGS_value=
ac_cv_env_CPPFLAGS_set=
ac_cv_env_CPPFLAGS_value=
ac_cv_env_CPP_set=
ac_cv_env_CPP_value=
ac_cv_env_CXXCPP_set=
ac_cv_env_CXXCPP_value=
ac_cv_env_CXXFLAGS_set=
ac_cv_env_CXXFLAGS_value=
ac_cv_env_CXX_set=
ac_cv_env_CXX_value=
ac_cv_env_F77_set=
ac_cv_env_F77_value=
ac_cv_env_FFLAGS_set=
ac_cv_env_FFLAGS_value=
ac_cv_env_LDFLAGS_set=
ac_cv_env_LDFLAGS_value=
ac_cv_env_LIBS_set=
ac_cv_env_LIBS_value=
ac_cv_env_build_alias_set=
ac_cv_env_build_alias_value=
ac_cv_env_host_alias_set=
ac_cv_env_host_alias_value=
ac_cv_env_target_alias_set=
ac_cv_env_target_alias_value=
ac_cv_f77_compiler_gnu=yes
ac_cv_func_gethostbyname=yes
ac_cv_func_gethostbyname_r=yes
ac_cv_func_gettimeofday=yes
ac_cv_func_vasprintf=yes
ac_cv_func_vsnprintf=yes
ac_cv_func_vsprintf=yes
ac_cv_header_dlfcn_h=yes
ac_cv_header_inttypes_h=yes
ac_cv_header_memory_h=yes
ac_cv_header_minix_config_h=no
ac_cv_header_stdc=yes
ac_cv_header_stdint_h=yes
ac_cv_header_stdlib_h=yes
ac_cv_header_string_h=yes
ac_cv_header_strings_h=yes
ac_cv_header_sys_stat_h=yes
ac_cv_header_sys_types_h=yes
ac_cv_header_unistd_h=yes
ac_cv_header_zlib_h=yes
ac_cv_host=x86_64-unknown-linux-gnu
ac_cv_objext=o
ac_cv_path_EGREP='/usr/bin/grep -E'
ac_cv_path_GREP=/usr/bin/grep
ac_cv_path_install='/usr/bin/install -c'
ac_cv_path_mkdir=/usr/bin/mkdir
ac_cv_prog_AWK=gawk
ac_cv_prog_CPP='gcc -E'
ac_cv_prog_CXXCPP='g++ -E'
ac_cv_prog_ac_ct_AR=ar
ac_cv_prog_ac_ct_CC=gcc
ac_cv_prog_ac_ct_CXX=g++
ac_cv_prog_ac_ct_F77=gfortran
ac_cv_prog_ac_ct_RANLIB=ranlib
ac_cv_prog_ac_ct_STRIP=strip
ac_cv_prog_cc_c89=
ac_cv_prog_cc_g=yes
ac_cv_prog_cxx_g=yes
ac_cv_prog_f77_g=yes
ac_cv_prog_make_make_set=yes
ac_cv_safe_to_define___extensions__=yes
ac_cv_type_byte=no
ac_cv_type_u16=no
ac_cv_type_u32=no
ac_cv_type_ulong=yes
ac_cv_type_ushort=yes
am_cv_CC_dependencies_compiler_type=none
am_cv_CXX_dependencies_compiler_type=none
lt_cv_deplibs_check_method=pass_all
lt_cv_file_magic_cmd='$MAGIC_CMD'
lt_cv_file_magic_test_file=
lt_cv_ld_reload_flag=-r
lt_cv_objdir=.libs
lt_cv_path_LD=/usr/x86_64-suse-linux/bin/ld
lt_cv_path_LDCXX='/usr/x86_64-suse-linux/bin/ld -m elf_x86_64'
lt_cv_path_NM='/usr/bin/nm -B'
lt_cv_path_SED=/usr/bin/sed
lt_cv_prog_compiler_c_o=yes
lt_cv_prog_compiler_c_o_CXX=yes
lt_cv_prog_compiler_c_o_F77=yes
lt_cv_prog_compiler_pic_works=yes
lt_cv_prog_compiler_pic_works_CXX=yes
lt_cv_prog_compiler_pic_works_F77=yes
lt_cv_prog_compiler_rtti_exceptions=no
lt_cv_prog_compiler_static_works=yes
lt_cv_prog_compiler_static_works_CXX=yes
lt_cv_prog_compiler_static_works_F77=yes
lt_cv_prog_gnu_ld=yes
lt_cv_prog_gnu_ldcxx=yes
lt_cv_sys_global_symbol_pipe='sed -n -e '\''s/^.*[ 	]\([ABCDGIRSTW][ABCDGIRSTW]*\)[ 	][ 	]*\([_A-Za-z][_A-Za-z0-9]*\)$/\1 \2 \2/p'\'''
lt_cv_sys_global_symbol_to_c_name_address='sed -n -e '\''s/^: \([^ ]*\) $/  {\"\1\", (lt_ptr) 0},/p'\'' -e '\''s/^[BCDEGRST] \([^ ]*\) \([^ ]*\)$/  {"\2", (lt_ptr) \&\2},/p'\'''
lt_cv_sys_global_symbol_to_cdecl='sed -n -e '\''s/^. .* \(.*\)$/extern int \1;/p'\'''
lt_cv_sys_lib_dlsearch_path_spec='/lib /usr/lib /usr/local/lib64 /usr/local/lib /opt/kde3/lib64 /opt/kde3/lib /usr/lib64/graphviz /usr/lib64/graphviz/sharp /usr/lib64/graphviz/java /usr/lib64/graphviz/perl /usr/lib64/graphviz/php /usr/lib64/graphviz/ocaml /usr/lib64/graphviz/python /usr/lib64/graphviz/lua /usr/lib64/graphviz/tcl /usr/lib64/graphviz/guile /usr/lib64/graphviz/ruby /opt/kde3/lib64 /opt/kde3/lib /usr/lib64/ocaml/stublibs /usr/lib64/octave/4.2.0 /usr/local/lib '
lt_cv_sys_lib_search_path_spec='/usr/lib64/gcc/x86_64-suse-linux/5 /usr/lib64 /lib64 /usr/x86_64-suse-linux/lib'
lt_cv_sys_max_cmd_len=1572864
lt_lt_cv_prog_compiler_c_o='"yes"'
lt_lt_cv_prog_compiler_c_o_CXX='"yes"'
lt_lt_cv_prog_compiler_c_o_F77='"yes"'
lt_lt_cv_sys_global_symbol_pipe='"sed -n -e '\''s/^.*[ 	]\\([ABCDGIRSTW][ABCDGIRSTW]*\\)[ 	][ 	]*\\([_A-Za-z][_A-Za-z0-9]*\\)\$/\\1 \\2 \\2/p'\''"'
lt_lt_cv_sys_global_symbol_to_c_name_address='"sed -n -e '\''s/^: \\([^ ]*\\) \$/  {\\\"\\1\\\", (lt_ptr) 0},/p'\'' -e '\''s/^[BCDEGRST] \\([^ ]*\\) \\([^ ]*\\)\$/  {\"\\2\", (lt_ptr) \\&\\2},/p'\''"'
lt_lt_cv_sys_global_symbol_to_cdecl='"sed -n -e '\''s/^. .* \\(.*\\)\$/extern int \\1;/p'\''"'

## ----------------- ##
## Output variables. ##
## ----------------- ##

ACLOCAL='${SHELL} /home/weby/.xchat2/plugins/geoipTools/GeoIP-1.4.6/missing --run aclocal-1.10'
AMDEPBACKSLASH='\'
AMDEP_FALSE='#'
AMDEP_TRUE=''
AMTAR='${SHELL} /home/weby/.xchat2/plugins/geoipTools/GeoIP-1.4.6/missing --run tar'
AR='ar'
AUTOCONF='${SHELL} /home/weby/.xchat2/plugins/geoipTools/GeoIP-1.4.6/missing --run autoconf'
AUTOHEADER='${SHELL} /home/weby/.xchat2/plugins/geoipTools/GeoIP-1.4.6/missing --run autoheader'
AUTOMAKE='${SHELL} /home/weby/.xchat2/plugins/geoipTools/GeoIP-1.4.6/missing --run automake-1.10'
AWK='gawk'
CC='gcc'
CCDEPMODE='depmode=none'
CFLAGS='-g -O2'
CPP='gcc -E'
CPPFLAGS=''
CXX='g++'
CXXCPP='g++ -E'
CXXDEPMODE='depmode=none'
CXXFLAGS='-g -O2'
CYGPATH_W='echo'
DEFS='-DPACKAGE_NAME=\"GeoIP\" -DPACKAGE_TARNAME=\"GeoIP\" -DPACKAGE_VERSION=\"1.4.6\" -DPACKAGE_STRING=\"GeoIP\ 1.4.6\" -DPACKAGE_BUGREPORT=\"support@maxmind.com\" -DSTDC_HEADERS=1 -DHAVE_SYS_TYPES_H=1 -DHAVE_SYS_STAT_H=1 -DHAVE_STDLIB_H=1 -DHAVE_STRING_H=1 -DHAVE_MEMORY_H=1 -DHAVE_STRINGS_H=1 -DHAVE_INTTYPES_H=1 -DHAVE_STDINT_H=1 -DHAVE_UNISTD_H=1 -D__EXTENSIONS__=1 -D_ALL_SOURCE=1 -D_GNU_SOURCE=1 -D_POSIX_PTHREAD_SEMANTICS=1 -D_TANDEM_SOURCE=1 -DPACKAGE=\"GeoIP\" -DVERSION=\"1.4.6\" -DHAVE_DLFCN_H=1 -DHAVE_USHORT_TYPEDEF=1 -DHAVE_ULONG_TYPEDEF=1 -DLITTLE_ENDIAN_HOST=1 -DHAVE_STDINT_H=1 -DHAVE_ZLIB_H=1 -DHAVE_GETTIMEOFDAY=1 -DHAVE_VASPRINTF=1 -DHAVE_VSNPRINTF=1 -DHAVE_VSPRINTF=1 -DHAVE_GETHOSTBYNAME=1 -DHAVE_GETHOSTBYNAME_R=1 -DGETHOSTBYNAME_R_RETURNS_INT=1'
DEPDIR='.deps'
DSYMUTIL=''
ECHO='echo'
ECHO_C=''
ECHO_N='-n'
ECHO_T=''
EGREP='/usr/bin/grep -E'
EXEEXT=''
F77='gfortran'
FFLAGS='-g -O2'
GEOIP_VERSION_INFO='5:6:4'
GREP='/usr/bin/grep'
INSTALL_DATA='${INSTALL} -m 644'
INSTALL_PROGRAM='${INSTALL}'
INSTALL_SCRIPT='${INSTALL}'
INSTALL_STRIP_PROGRAM='$(install_sh) -c -s'
LDFLAGS=''
LIBOBJS=''
LIBS=''
LIBTOOL='$(SHELL) $(top_builddir)/libtool'
LN_S='ln -s'
LTLIBOBJS=''
MAKEINFO='${SHELL} /home/weby/.xchat2/plugins/geoipTools/GeoIP-1.4.6/missing --run makeinfo'
MKDIR_P='/usr/bin/mkdir -p'
NMEDIT=''
OBJEXT='o'
PACKAGE='GeoIP'
PACKAGE_BUGREPORT='support@maxmind.com'
PACKAGE_NAME='GeoIP'
PACKAGE_STRING='GeoIP 1.4.6'
PACKAGE_TARNAME='GeoIP'
PACKAGE_VERSION='1.4.6'
PATH_SEPARATOR=':'
RANLIB='ranlib'
SED='/usr/bin/sed'
SET_MAKE=''
SHELL='/bin/sh'
STRIP='strip'
VERSION='1.4.6'
ac_ct_CC='gcc'
ac_ct_CXX='g++'
ac_ct_F77='gfortran'
am__fastdepCC_FALSE=''
am__fastdepCC_TRUE='#'
am__fastdepCXX_FALSE=''
am__fastdepCXX_TRUE='#'
am__include='include'
am__isrc=''
am__leading_dot='.'
am__quote=''
am__tar='${AMTAR} chof - "$$tardir"'
am__untar='${AMTAR} xf -'
bindir='${exec_prefix}/bin'
build='x86_64-unknown-linux-gnu'
build_alias=''
build_cpu='x86_64'
build_os='linux-gnu'
build_vendor='unknown'
datadir='${datarootdir}'
datarootdir='${prefix}/share'
docdir='${datarootdir}/doc/${PACKAGE_TARNAME}'
dvidir='${docdir}'
exec_prefix='${prefix}'
host='x86_64-unknown-linux-gnu'
host_alias=''
host_cpu='x86_64'
host_os='linux-gnu'
host_vendor='unknown'
htmldir='${docdir}'
includedir='${prefix}/include'
infodir='${datarootdir}/info'
install_sh='$(SHELL) /home/weby/.xchat2/plugins/geoipTools/GeoIP-1.4.6/install-sh'
libdir='${exec_prefix}/lib64'
libexecdir='${exec_prefix}/lib'
localedir='${datarootdir}/locale'
localstatedir='${prefix}/var'
mandir='${datarootdir}/man'
mkdir_p='/usr/bin/mkdir -p'
oldincludedir='/usr/include'
pdfdir='${docdir}'
prefix='/usr/local'
program_transform_name='s,x,x,'
psdir='${docdir}'
sbindir='${exec_prefix}/sbin'
sharedstatedir='${prefix}/com'
sysconfdir='${prefix}/etc'
target_alias=''

## ----------- ##
## confdefs.h. ##
## ----------- ##

#define PACKAGE_NAME "GeoIP"
#define PACKAGE_TARNAME "GeoIP"
#define PACKAGE_VERSION "1.4.6"
#define PACKAGE_STRING "GeoIP 1.4.6"
#define PACKAGE_BUGREPORT "support@maxmind.com"
#define STDC_HEADERS 1
#define HAVE_SYS_TYPES_H 1
#define HAVE_SYS_STAT_H 1
#define HAVE_STDLIB_H 1
#define HAVE_STRING_H 1
#define HAVE_MEMORY_H 1
#define HAVE_STRINGS_H 1
#define HAVE_INTTYPES_H 1
#define HAVE_STDINT_H 1
#define HAVE_UNISTD_H 1
#define __EXTENSIONS__ 1
#define _ALL_SOURCE 1
#define _GNU_SOURCE 1
#define _POSIX_PTHREAD_SEMANTICS 1
#define _TANDEM_SOURCE 1
#define PACKAGE "GeoIP"
#define VERSION "1.4.6"
#define HAVE_DLFCN_H 1
#define HAVE_USHORT_TYPEDEF 1
#define HAVE_ULONG_TYPEDEF 1
#define LITTLE_ENDIAN_HOST 1
#define HAVE_STDINT_H 1
#define HAVE_ZLIB_H 1
#define HAVE_GETTIMEOFDAY 1
#define HAVE_VASPRINTF 1
#define HAVE_VSNPRINTF 1
#define HAVE_VSPRINTF 1
#define HAVE_GETHOSTBYNAME 1
#define HAVE_GETHOSTBYNAME_R 1
#define GETHOSTBYNAME_R_RETURNS_INT 1

configure: exit 0
